<?xml version="1.0" encoding="UTF-8"?>
<!-- Generated by org.testng.reporters.JUnitXMLReporter -->
<testsuite ignored="0" hostname="LAPTOP-NB3AD5GO" failures="1" tests="3" name="chromeTest" time="5.041" errors="0" timestamp="2022-06-12T17:56:05 IDT">
  <testcase classname="Test.runningTests" name="TestCase1" time="0.334"/>
  <testcase classname="Test.runningTests" name="TestCase2" time="0.207">
    <failure type="java.lang.AssertionError" message="expected [true] but found [false]">
      <![CDATA[java.lang.AssertionError: expected [true] but found [false]
at Test.runningTests.TestCase2(runningTests.java:99)
at java.base/java.util.ArrayList.forEach(ArrayList.java:1511)
at java.base/java.util.concurrent.FutureTask.run(FutureTask.java:264)
at java.base/java.util.concurrent.ThreadPoolExecutor.runWorker(ThreadPoolExecutor.java:1136)
at java.base/java.util.concurrent.ThreadPoolExecutor$Worker.run(ThreadPoolExecutor.java:635)
at java.base/java.lang.Thread.run(Thread.java:833)
... Removed 22 stack frames]]>
    </failure>
  </testcase> <!-- TestCase2 -->
  <testcase classname="Test.runningTests" name="TestCase3" time="0.0">
    <skipped/>
  </testcase> <!-- TestCase3 -->
</testsuite> <!-- chromeTest -->
