<?xml version="1.0" encoding="UTF-8"?>
<!-- Generated by org.testng.reporters.JUnitXMLReporter -->
<testsuite ignored="3" hostname="LAPTOP-NB3AD5GO" failures="0" tests="1" name="chromeTest" time="202.103" errors="0" timestamp="2022-07-20T20:00:29 IDT">
  <testcase classname="Tests.Group7_InternationalityTest" name="TestCase7_3" time="196.661"/>
  <testcase classname="Tests.Group7_InternationalityTest" name="TestCase7_2" time="0.0">
    <ignored/>
  </testcase> <!-- TestCase7_2 -->
  <testcase classname="Tests.Group7_InternationalityTest" name="TestCase7_4" time="0.0">
    <ignored/>
  </testcase> <!-- TestCase7_4 -->
  <testcase classname="Tests.Group7_InternationalityTest" name="TestCase7_1" time="0.0">
    <ignored/>
  </testcase> <!-- TestCase7_1 -->
</testsuite> <!-- chromeTest -->
