<?xml version="1.0" encoding="UTF-8"?>
<!-- Generated by org.testng.reporters.JUnitXMLReporter -->
<testsuite ignored="0" hostname="LAPTOP-NB3AD5GO" failures="0" tests="44" name="EdgeTest" time="266.041" errors="0" timestamp="2022-07-11T16:39:51 IDT">
  <testcase classname="Test.Group10_AccessibilityTest" name="TestCase10_1" time="0.762"/>
  <testcase classname="Test.Group11_InterfacesTest" name="TestCase11_1" time="1.426"/>
  <testcase classname="Test.Group1_SanityTest" name="TestCase1_1_1" time="2.98"/>
  <testcase classname="Test.Group2_GUITest" name="TestCase2_1_1" time="0.963"/>
  <testcase classname="Test.Group3_UsefulnessTest" name="TestCase3_1_1" time="0.851"/>
  <testcase classname="Test.Group4_ProcessesTest" name="TestCase4_1_1" time="0.968"/>
  <testcase classname="Test.Group5_ConnectivityTest" name="TestCase5_1_1" time="4.337"/>
  <testcase classname="Test.Group6_RecoveryTest" name="TestCase6_1" time="2.164"/>
  <testcase classname="Test.Group7_InternationalityTest" name="TestCase7_1" time="0.818"/>
  <testcase classname="Test.Group8_SecuringTest" name="TestCase8_1" time="2.214"/>
  <testcase classname="Test.Group9_CompatibilityTest" name="TestCase9_1" time="0.684"/>
  <testcase classname="Test.Group10_AccessibilityTest" name="TestCase10_2" time="0.574"/>
  <testcase classname="Test.Group11_InterfacesTest" name="TestCase11_2" time="0.543"/>
  <testcase classname="Test.Group1_SanityTest" name="TestCase1_2_1" time="2.745"/>
  <testcase classname="Test.Group2_GUITest" name="TestCase2_1_2_1_1" time="2.016"/>
  <testcase classname="Test.Group3_UsefulnessTest" name="TestCase3_1_2" time="1.227"/>
  <testcase classname="Test.Group4_ProcessesTest" name="TestCase4_1_2" time="1.442"/>
  <testcase classname="Test.Group5_ConnectivityTest" name="TestCase5_1_2" time="0.882"/>
  <testcase classname="Test.Group6_RecoveryTest" name="TestCase6_2" time="6.956"/>
  <testcase classname="Test.Group7_InternationalityTest" name="TestCase7_2" time="1.831"/>
  <testcase classname="Test.Group8_SecuringTest" name="TestCase8_2" time="1.833"/>
  <testcase classname="Test.Group9_CompatibilityTest" name="TestCase9_2" time="2.397"/>
  <testcase classname="Test.Group10_AccessibilityTest" name="TestCase10_3" time="2.534"/>
  <testcase classname="Test.Group11_InterfacesTest" name="TestCase11_3" time="2.201"/>
  <testcase classname="Test.Group1_SanityTest" name="TestCase1_2_2" time="1.049"/>
  <testcase classname="Test.Group2_GUITest" name="TestCase2_1_2_1_2" time="1.213"/>
  <testcase classname="Test.Group3_UsefulnessTest" name="TestCase3_1_3" time="1.152"/>
  <testcase classname="Test.Group4_ProcessesTest" name="TestCase4_1_3" time="2.343"/>
  <testcase classname="Test.Group5_ConnectivityTest" name="TestCase5_3" time="1.183"/>
  <testcase classname="Test.Group6_RecoveryTest" name="TestCase6_3" time="2.249"/>
  <testcase classname="Test.Group7_InternationalityTest" name="TestCase7_3" time="1.33"/>
  <testcase classname="Test.Group8_SecuringTest" name="TestCase8_3" time="2.429"/>
  <testcase classname="Test.Group9_CompatibilityTest" name="TestCase9_3" time="1.33"/>
  <testcase classname="Test.Group10_AccessibilityTest" name="TestCase10_4" time="2.225"/>
  <testcase classname="Test.Group11_InterfacesTest" name="TestCase11_4" time="1.221"/>
  <testcase classname="Test.Group1_SanityTest" name="TestCase1_2_3" time="1.024"/>
  <testcase classname="Test.Group2_GUITest" name="TestCase2_1_2_1_3" time="1.148"/>
  <testcase classname="Test.Group3_UsefulnessTest" name="TestCase3_1_4" time="1.177"/>
  <testcase classname="Test.Group4_ProcessesTest" name="TestCase4_1_4" time="1.406"/>
  <testcase classname="Test.Group5_ConnectivityTest" name="TestCase5_4" time="1.141"/>
  <testcase classname="Test.Group6_RecoveryTest" name="TestCase6_4" time="1.246"/>
  <testcase classname="Test.Group7_InternationalityTest" name="TestCase7_4" time="1.239"/>
  <testcase classname="Test.Group8_SecuringTest" name="TestCase8_4" time="1.262"/>
  <testcase classname="Test.Group9_CompatibilityTest" name="TestCase9_4" time="1.144"/>
</testsuite> <!-- EdgeTest -->
