<?xml version="1.0" encoding="UTF-8"?>
<!-- Generated by org.testng.reporters.JUnitXMLReporter -->
<testsuite ignored="0" hostname="LAPTOP-NB3AD5GO" failures="0" tests="44" name="FirefoxTest" time="296.235" errors="0" timestamp="2022-07-10T15:39:35 IDT">
  <testcase classname="Test.Group1_SanityTest" name="TestCase1" time="0.459"/>
  <testcase classname="Test.Group2_GUITest" name="TestCase1" time="7.688"/>
  <testcase classname="Test.Group3_UsefulnessTest" name="TestCase1" time="0.377"/>
  <testcase classname="Test.Group4_ProcessesTest" name="TestCase1" time="0.263"/>
  <testcase classname="Test.Group5_ConnectivityTest" name="TestCase1" time="0.31"/>
  <testcase classname="Test.Group6_RecoveryTest" name="TestCase1" time="0.458"/>
  <testcase classname="Test.Group7_InternationalityTest" name="TestCase1" time="0.258"/>
  <testcase classname="Test.Group8_SecuringTest" name="TestCase1" time="0.292"/>
  <testcase classname="Test.Group9_CompatibilityTest" name="TestCase1" time="1.792"/>
  <testcase classname="Test.Group10_AccessibilityTest" name="TestCase1" time="0.305"/>
  <testcase classname="Test.Group11_InterfacesTest" name="TestCase1" time="0.3"/>
  <testcase classname="Test.Group1_SanityTest" name="TestCase2" time="0.274"/>
  <testcase classname="Test.Group2_GUITest" name="TestCase2" time="0.21"/>
  <testcase classname="Test.Group3_UsefulnessTest" name="TestCase2" time="0.235"/>
  <testcase classname="Test.Group4_ProcessesTest" name="TestCase2" time="0.228"/>
  <testcase classname="Test.Group5_ConnectivityTest" name="TestCase2" time="0.273"/>
  <testcase classname="Test.Group6_RecoveryTest" name="TestCase2" time="0.24"/>
  <testcase classname="Test.Group7_InternationalityTest" name="TestCase2" time="0.23"/>
  <testcase classname="Test.Group8_SecuringTest" name="TestCase2" time="0.247"/>
  <testcase classname="Test.Group9_CompatibilityTest" name="TestCase2" time="0.248"/>
  <testcase classname="Test.Group10_AccessibilityTest" name="TestCase2" time="0.26"/>
  <testcase classname="Test.Group11_InterfacesTest" name="TestCase2" time="0.307"/>
  <testcase classname="Test.Group1_SanityTest" name="TestCase3" time="0.23"/>
  <testcase classname="Test.Group2_GUITest" name="TestCase3" time="0.269"/>
  <testcase classname="Test.Group3_UsefulnessTest" name="TestCase3" time="0.241"/>
  <testcase classname="Test.Group4_ProcessesTest" name="TestCase3" time="0.26"/>
  <testcase classname="Test.Group5_ConnectivityTest" name="TestCase3" time="0.499"/>
  <testcase classname="Test.Group6_RecoveryTest" name="TestCase3" time="0.29"/>
  <testcase classname="Test.Group7_InternationalityTest" name="TestCase3" time="0.261"/>
  <testcase classname="Test.Group8_SecuringTest" name="TestCase3" time="0.322"/>
  <testcase classname="Test.Group9_CompatibilityTest" name="TestCase3" time="0.517"/>
  <testcase classname="Test.Group10_AccessibilityTest" name="TestCase3" time="1.125"/>
  <testcase classname="Test.Group11_InterfacesTest" name="TestCase3" time="0.51"/>
  <testcase classname="Test.Group1_SanityTest" name="TestCase4" time="0.319"/>
  <testcase classname="Test.Group2_GUITest" name="TestCase4" time="26.489"/>
  <testcase classname="Test.Group3_UsefulnessTest" name="TestCase4" time="25.799"/>
  <testcase classname="Test.Group4_ProcessesTest" name="TestCase4" time="17.705"/>
  <testcase classname="Test.Group5_ConnectivityTest" name="TestCase4" time="12.771"/>
  <testcase classname="Test.Group6_RecoveryTest" name="TestCase4" time="3.825"/>
  <testcase classname="Test.Group7_InternationalityTest" name="TestCase4" time="3.776"/>
  <testcase classname="Test.Group8_SecuringTest" name="TestCase4" time="3.666"/>
  <testcase classname="Test.Group9_CompatibilityTest" name="TestCase4" time="6.303"/>
  <testcase classname="Test.Group10_AccessibilityTest" name="TestCase4" time="3.815"/>
  <testcase classname="Test.Group11_InterfacesTest" name="TestCase4" time="3.851"/>
</testsuite> <!-- FirefoxTest -->
