<?xml version="1.0" encoding="UTF-8"?>
<!-- Generated by org.testng.reporters.JUnitXMLReporter -->
<testsuite ignored="0" hostname="LAPTOP-NB3AD5GO" failures="0" tests="3" name="Default test" time="11.693" errors="0" timestamp="2022-07-10T10:39:29 IDT">
  <testcase classname="Test.Group1_SanityTest" name="TestCase1" time="0.641"/>
  <testcase classname="Test.Group1_SanityTest" name="TestCase2" time="0.412"/>
  <testcase classname="Test.Group1_SanityTest" name="TestCase3" time="0.313"/>
</testsuite> <!-- Default test -->
