<?xml version="1.0" encoding="UTF-8"?>
<testng-results ignored="0" total="132" passed="131" failed="1" skipped="0">
  <reporter-output>
  </reporter-output>
  <suite started-at="2022-07-11T16:35:25 IDT" name="TestAll" finished-at="2022-07-11T16:41:18 IDT" duration-ms="352981">
    <groups>
    </groups>
    <test started-at="2022-07-11T16:35:25 IDT" name="chromeTest" finished-at="2022-07-11T16:39:37 IDT" duration-ms="251873">
      <class name="Test.Group4_ProcessesTest">
        <test-method is-config="true" signature="beforeGroup4_ProcessesTest(java.lang.String,java.lang.String)[pri:0, instance:Test.Group4_ProcessesTest@5bf0d49]" started-at="2022-07-11T16:36:19 IDT" name="beforeGroup4_ProcessesTest" finished-at="2022-07-11T16:36:27 IDT" duration-ms="7785" status="PASS">
          <params>
            <param index="0">
              <value>
                <![CDATA[Chrome]]>
              </value>
            </param>
            <param index="1">
              <value>
                <![CDATA[https://www.tripadvisor.co.il]]>
              </value>
            </param>
          </params>
          <reporter-output>
          </reporter-output>
        </test-method> <!-- beforeGroup4_ProcessesTest -->
        <test-method signature="TestCase4_1_1(java.lang.String)[pri:1, instance:Test.Group4_ProcessesTest@5bf0d49]" started-at="2022-07-11T16:36:27 IDT" name="TestCase4_1_1" finished-at="2022-07-11T16:36:29 IDT" duration-ms="1400" status="PASS">
          <params>
            <param index="0">
              <value>
                <![CDATA[Chrome]]>
              </value>
            </param>
          </params>
          <reporter-output>
          </reporter-output>
        </test-method> <!-- TestCase4_1_1 -->
        <test-method signature="TestCase4_1_2(java.lang.String)[pri:2, instance:Test.Group4_ProcessesTest@5bf0d49]" started-at="2022-07-11T16:38:21 IDT" name="TestCase4_1_2" finished-at="2022-07-11T16:38:21 IDT" duration-ms="820" status="PASS">
          <params>
            <param index="0">
              <value>
                <![CDATA[Chrome]]>
              </value>
            </param>
          </params>
          <reporter-output>
          </reporter-output>
        </test-method> <!-- TestCase4_1_2 -->
        <test-method signature="TestCase4_1_3(java.lang.String)[pri:3, instance:Test.Group4_ProcessesTest@5bf0d49]" started-at="2022-07-11T16:38:40 IDT" name="TestCase4_1_3" finished-at="2022-07-11T16:38:42 IDT" duration-ms="1234" status="PASS">
          <params>
            <param index="0">
              <value>
                <![CDATA[Chrome]]>
              </value>
            </param>
          </params>
          <reporter-output>
          </reporter-output>
        </test-method> <!-- TestCase4_1_3 -->
        <test-method signature="TestCase4_1_4(java.lang.String)[pri:4, instance:Test.Group4_ProcessesTest@5bf0d49]" started-at="2022-07-11T16:39:17 IDT" name="TestCase4_1_4" finished-at="2022-07-11T16:39:19 IDT" duration-ms="1296" status="PASS">
          <params>
            <param index="0">
              <value>
                <![CDATA[Chrome]]>
              </value>
            </param>
          </params>
          <reporter-output>
          </reporter-output>
        </test-method> <!-- TestCase4_1_4 -->
        <test-method is-config="true" signature="AfterGroup4_ProcessesTest(java.lang.String)[pri:0, instance:Test.Group4_ProcessesTest@5bf0d49]" started-at="2022-07-11T16:39:19 IDT" name="AfterGroup4_ProcessesTest" finished-at="2022-07-11T16:39:21 IDT" duration-ms="2043" status="PASS">
          <params>
            <param index="0">
              <value>
                <![CDATA[Chrome]]>
              </value>
            </param>
          </params>
          <reporter-output>
          </reporter-output>
        </test-method> <!-- AfterGroup4_ProcessesTest -->
      </class> <!-- Test.Group4_ProcessesTest -->
      <class name="Test.Group3_UsefulnessTest">
        <test-method is-config="true" signature="beforeGroup3_UsefulnessTest(java.lang.String,java.lang.String)[pri:0, instance:Test.Group3_UsefulnessTest@175c2241]" started-at="2022-07-11T16:36:10 IDT" name="beforeGroup3_UsefulnessTest" finished-at="2022-07-11T16:36:18 IDT" duration-ms="8013" status="PASS">
          <params>
            <param index="0">
              <value>
                <![CDATA[Chrome]]>
              </value>
            </param>
            <param index="1">
              <value>
                <![CDATA[https://www.tripadvisor.co.il]]>
              </value>
            </param>
          </params>
          <reporter-output>
          </reporter-output>
        </test-method> <!-- beforeGroup3_UsefulnessTest -->
        <test-method signature="TestCase3_1_1(java.lang.String)[pri:1, instance:Test.Group3_UsefulnessTest@175c2241]" started-at="2022-07-11T16:36:18 IDT" name="TestCase3_1_1" finished-at="2022-07-11T16:36:19 IDT" duration-ms="895" status="PASS">
          <params>
            <param index="0">
              <value>
                <![CDATA[Chrome]]>
              </value>
            </param>
          </params>
          <reporter-output>
          </reporter-output>
        </test-method> <!-- TestCase3_1_1 -->
        <test-method signature="TestCase3_1_2(java.lang.String)[pri:2, instance:Test.Group3_UsefulnessTest@175c2241]" started-at="2022-07-11T16:38:20 IDT" name="TestCase3_1_2" finished-at="2022-07-11T16:38:21 IDT" duration-ms="735" status="PASS">
          <params>
            <param index="0">
              <value>
                <![CDATA[Chrome]]>
              </value>
            </param>
          </params>
          <reporter-output>
          </reporter-output>
        </test-method> <!-- TestCase3_1_2 -->
        <test-method signature="TestCase3_1_3(java.lang.String)[pri:3, instance:Test.Group3_UsefulnessTest@175c2241]" started-at="2022-07-11T16:38:40 IDT" name="TestCase3_1_3" finished-at="2022-07-11T16:38:40 IDT" duration-ms="716" status="PASS">
          <params>
            <param index="0">
              <value>
                <![CDATA[Chrome]]>
              </value>
            </param>
          </params>
          <reporter-output>
          </reporter-output>
        </test-method> <!-- TestCase3_1_3 -->
        <test-method signature="TestCase3_1_4(java.lang.String)[pri:4, instance:Test.Group3_UsefulnessTest@175c2241]" started-at="2022-07-11T16:39:14 IDT" name="TestCase3_1_4" finished-at="2022-07-11T16:39:15 IDT" duration-ms="1504" status="PASS">
          <params>
            <param index="0">
              <value>
                <![CDATA[Chrome]]>
              </value>
            </param>
          </params>
          <reporter-output>
          </reporter-output>
        </test-method> <!-- TestCase3_1_4 -->
        <test-method is-config="true" signature="AfterGroup3_UsefulnessTest(java.lang.String)[pri:0, instance:Test.Group3_UsefulnessTest@175c2241]" started-at="2022-07-11T16:39:15 IDT" name="AfterGroup3_UsefulnessTest" finished-at="2022-07-11T16:39:17 IDT" duration-ms="2101" status="PASS">
          <params>
            <param index="0">
              <value>
                <![CDATA[Chrome]]>
              </value>
            </param>
          </params>
          <reporter-output>
          </reporter-output>
        </test-method> <!-- AfterGroup3_UsefulnessTest -->
      </class> <!-- Test.Group3_UsefulnessTest -->
      <class name="Test.Group8_SecuringTest">
        <test-method is-config="true" signature="beforeGroup8_SecuringTest(java.lang.String,java.lang.String)[pri:0, instance:Test.Group8_SecuringTest@7c7a06ec]" started-at="2022-07-11T16:37:19 IDT" name="beforeGroup8_SecuringTest" finished-at="2022-07-11T16:37:24 IDT" duration-ms="5507" status="PASS">
          <params>
            <param index="0">
              <value>
                <![CDATA[Chrome]]>
              </value>
            </param>
            <param index="1">
              <value>
                <![CDATA[https://www.tripadvisor.co.il]]>
              </value>
            </param>
          </params>
          <reporter-output>
          </reporter-output>
        </test-method> <!-- beforeGroup8_SecuringTest -->
        <test-method signature="TestCase8_1(java.lang.String)[pri:1, instance:Test.Group8_SecuringTest@7c7a06ec]" started-at="2022-07-11T16:37:24 IDT" name="TestCase8_1" finished-at="2022-07-11T16:37:25 IDT" duration-ms="672" status="PASS">
          <params>
            <param index="0">
              <value>
                <![CDATA[Chrome]]>
              </value>
            </param>
          </params>
          <reporter-output>
          </reporter-output>
        </test-method> <!-- TestCase8_1 -->
        <test-method signature="TestCase8_2(java.lang.String)[pri:2, instance:Test.Group8_SecuringTest@7c7a06ec]" started-at="2022-07-11T16:38:25 IDT" name="TestCase8_2" finished-at="2022-07-11T16:38:26 IDT" duration-ms="714" status="PASS">
          <params>
            <param index="0">
              <value>
                <![CDATA[Chrome]]>
              </value>
            </param>
          </params>
          <reporter-output>
          </reporter-output>
        </test-method> <!-- TestCase8_2 -->
        <test-method signature="TestCase8_3(java.lang.String)[pri:3, instance:Test.Group8_SecuringTest@7c7a06ec]" started-at="2022-07-11T16:38:52 IDT" name="TestCase8_3" finished-at="2022-07-11T16:38:54 IDT" duration-ms="1865" status="PASS">
          <params>
            <param index="0">
              <value>
                <![CDATA[Chrome]]>
              </value>
            </param>
          </params>
          <reporter-output>
          </reporter-output>
        </test-method> <!-- TestCase8_3 -->
        <test-method signature="TestCase8_4(java.lang.String)[pri:4, instance:Test.Group8_SecuringTest@7c7a06ec]" started-at="2022-07-11T16:39:30 IDT" name="TestCase8_4" finished-at="2022-07-11T16:39:32 IDT" duration-ms="1380" status="PASS">
          <params>
            <param index="0">
              <value>
                <![CDATA[Chrome]]>
              </value>
            </param>
          </params>
          <reporter-output>
          </reporter-output>
        </test-method> <!-- TestCase8_4 -->
        <test-method is-config="true" signature="AfterGroup8_SecuringTest(java.lang.String)[pri:0, instance:Test.Group8_SecuringTest@7c7a06ec]" started-at="2022-07-11T16:39:32 IDT" name="AfterGroup8_SecuringTest" finished-at="2022-07-11T16:39:34 IDT" duration-ms="2062" status="PASS">
          <params>
            <param index="0">
              <value>
                <![CDATA[Chrome]]>
              </value>
            </param>
          </params>
          <reporter-output>
          </reporter-output>
        </test-method> <!-- AfterGroup8_SecuringTest -->
      </class> <!-- Test.Group8_SecuringTest -->
      <class name="Test.Group7_InternationalityTest">
        <test-method is-config="true" signature="beforeGroup7_InternationalityTest(java.lang.String,java.lang.String)[pri:0, instance:Test.Group7_InternationalityTest@1d296da]" started-at="2022-07-11T16:37:03 IDT" name="beforeGroup7_InternationalityTest" finished-at="2022-07-11T16:37:18 IDT" duration-ms="14619" status="PASS">
          <params>
            <param index="0">
              <value>
                <![CDATA[Chrome]]>
              </value>
            </param>
            <param index="1">
              <value>
                <![CDATA[https://www.tripadvisor.co.il]]>
              </value>
            </param>
          </params>
          <reporter-output>
          </reporter-output>
        </test-method> <!-- beforeGroup7_InternationalityTest -->
        <test-method signature="TestCase7_1(java.lang.String)[pri:1, instance:Test.Group7_InternationalityTest@1d296da]" started-at="2022-07-11T16:37:18 IDT" name="TestCase7_1" finished-at="2022-07-11T16:37:19 IDT" duration-ms="792" status="PASS">
          <params>
            <param index="0">
              <value>
                <![CDATA[Chrome]]>
              </value>
            </param>
          </params>
          <reporter-output>
          </reporter-output>
        </test-method> <!-- TestCase7_1 -->
        <test-method signature="TestCase7_2(java.lang.String)[pri:2, instance:Test.Group7_InternationalityTest@1d296da]" started-at="2022-07-11T16:38:23 IDT" name="TestCase7_2" finished-at="2022-07-11T16:38:25 IDT" duration-ms="1954" status="PASS">
          <params>
            <param index="0">
              <value>
                <![CDATA[Chrome]]>
              </value>
            </param>
          </params>
          <reporter-output>
          </reporter-output>
        </test-method> <!-- TestCase7_2 -->
        <test-method signature="TestCase7_3(java.lang.String)[pri:3, instance:Test.Group7_InternationalityTest@1d296da]" started-at="2022-07-11T16:38:50 IDT" name="TestCase7_3" finished-at="2022-07-11T16:38:52 IDT" duration-ms="1945" status="PASS">
          <params>
            <param index="0">
              <value>
                <![CDATA[Chrome]]>
              </value>
            </param>
          </params>
          <reporter-output>
          </reporter-output>
        </test-method> <!-- TestCase7_3 -->
        <test-method signature="TestCase7_4(java.lang.String)[pri:4, instance:Test.Group7_InternationalityTest@1d296da]" started-at="2022-07-11T16:39:27 IDT" name="TestCase7_4" finished-at="2022-07-11T16:39:28 IDT" duration-ms="1309" status="PASS">
          <params>
            <param index="0">
              <value>
                <![CDATA[Chrome]]>
              </value>
            </param>
          </params>
          <reporter-output>
          </reporter-output>
        </test-method> <!-- TestCase7_4 -->
        <test-method is-config="true" signature="AfterGroup7_InternationalityTest(java.lang.String)[pri:0, instance:Test.Group7_InternationalityTest@1d296da]" started-at="2022-07-11T16:39:28 IDT" name="AfterGroup7_InternationalityTest" finished-at="2022-07-11T16:39:30 IDT" duration-ms="2088" status="PASS">
          <params>
            <param index="0">
              <value>
                <![CDATA[Chrome]]>
              </value>
            </param>
          </params>
          <reporter-output>
          </reporter-output>
        </test-method> <!-- AfterGroup7_InternationalityTest -->
      </class> <!-- Test.Group7_InternationalityTest -->
      <class name="Test.Group5_ConnectivityTest">
        <test-method is-config="true" signature="beforeGroup5_ConnectivityTest(java.lang.String,java.lang.String)[pri:0, instance:Test.Group5_ConnectivityTest@5b7a5baa]" started-at="2022-07-11T16:36:29 IDT" name="beforeGroup5_ConnectivityTest" finished-at="2022-07-11T16:36:40 IDT" duration-ms="11572" status="PASS">
          <params>
            <param index="0">
              <value>
                <![CDATA[Chrome]]>
              </value>
            </param>
            <param index="1">
              <value>
                <![CDATA[https://www.tripadvisor.co.il]]>
              </value>
            </param>
          </params>
          <reporter-output>
          </reporter-output>
        </test-method> <!-- beforeGroup5_ConnectivityTest -->
        <test-method signature="TestCase5_1_1(java.lang.String)[pri:1, instance:Test.Group5_ConnectivityTest@5b7a5baa]" started-at="2022-07-11T16:36:40 IDT" name="TestCase5_1_1" finished-at="2022-07-11T16:36:42 IDT" duration-ms="2337" status="PASS">
          <params>
            <param index="0">
              <value>
                <![CDATA[Chrome]]>
              </value>
            </param>
          </params>
          <reporter-output>
          </reporter-output>
        </test-method> <!-- TestCase5_1_1 -->
        <test-method signature="TestCase5_1_2(java.lang.String)[pri:2, instance:Test.Group5_ConnectivityTest@5b7a5baa]" started-at="2022-07-11T16:38:21 IDT" name="TestCase5_1_2" finished-at="2022-07-11T16:38:22 IDT" duration-ms="698" status="PASS">
          <params>
            <param index="0">
              <value>
                <![CDATA[Chrome]]>
              </value>
            </param>
          </params>
          <reporter-output>
          </reporter-output>
        </test-method> <!-- TestCase5_1_2 -->
        <test-method signature="TestCase5_3(java.lang.String)[pri:3, instance:Test.Group5_ConnectivityTest@5b7a5baa]" started-at="2022-07-11T16:38:42 IDT" name="TestCase5_3" finished-at="2022-07-11T16:38:48 IDT" duration-ms="6502" status="PASS">
          <params>
            <param index="0">
              <value>
                <![CDATA[Chrome]]>
              </value>
            </param>
          </params>
          <reporter-output>
          </reporter-output>
        </test-method> <!-- TestCase5_3 -->
        <test-method signature="TestCase5_4(java.lang.String)[pri:4, instance:Test.Group5_ConnectivityTest@5b7a5baa]" started-at="2022-07-11T16:39:21 IDT" name="TestCase5_4" finished-at="2022-07-11T16:39:22 IDT" duration-ms="951" status="PASS">
          <params>
            <param index="0">
              <value>
                <![CDATA[Chrome]]>
              </value>
            </param>
          </params>
          <reporter-output>
          </reporter-output>
        </test-method> <!-- TestCase5_4 -->
        <test-method is-config="true" signature="AfterGroup5_ConnectivityTest(java.lang.String)[pri:0, instance:Test.Group5_ConnectivityTest@5b7a5baa]" started-at="2022-07-11T16:39:22 IDT" name="AfterGroup5_ConnectivityTest" finished-at="2022-07-11T16:39:24 IDT" duration-ms="2069" status="PASS">
          <params>
            <param index="0">
              <value>
                <![CDATA[Chrome]]>
              </value>
            </param>
          </params>
          <reporter-output>
          </reporter-output>
        </test-method> <!-- AfterGroup5_ConnectivityTest -->
      </class> <!-- Test.Group5_ConnectivityTest -->
      <class name="Test.Group2_GUITest">
        <test-method is-config="true" signature="beforeGroup2_GUITest(java.lang.String,java.lang.String)[pri:0, instance:Test.Group2_GUITest@4afcd809]" started-at="2022-07-11T16:35:41 IDT" name="beforeGroup2_GUITest" finished-at="2022-07-11T16:36:05 IDT" duration-ms="23957" status="PASS">
          <params>
            <param index="0">
              <value>
                <![CDATA[Chrome]]>
              </value>
            </param>
            <param index="1">
              <value>
                <![CDATA[https://www.tripadvisor.co.il]]>
              </value>
            </param>
          </params>
          <reporter-output>
          </reporter-output>
        </test-method> <!-- beforeGroup2_GUITest -->
        <test-method signature="TestCase2_1_1(java.lang.String)[pri:1, instance:Test.Group2_GUITest@4afcd809]" started-at="2022-07-11T16:36:05 IDT" name="TestCase2_1_1" finished-at="2022-07-11T16:36:10 IDT" duration-ms="5946" status="PASS">
          <params>
            <param index="0">
              <value>
                <![CDATA[Chrome]]>
              </value>
            </param>
          </params>
          <reporter-output>
          </reporter-output>
        </test-method> <!-- TestCase2_1_1 -->
        <test-method signature="TestCase2_1_2_1_1(java.lang.String)[pri:2, instance:Test.Group2_GUITest@4afcd809]" started-at="2022-07-11T16:38:05 IDT" name="TestCase2_1_2_1_1" finished-at="2022-07-11T16:38:20 IDT" duration-ms="14708" status="FAIL">
          <params>
            <param index="0">
              <value>
                <![CDATA[Chrome]]>
              </value>
            </param>
          </params>
          <exception class="java.lang.IllegalArgumentException">
            <message>
              <![CDATA[ScreenCapture path cannot be null or empty]]>
            </message>
            <full-stacktrace>
              <![CDATA[java.lang.IllegalArgumentException: ScreenCapture path cannot be null or empty
at com.aventstack.extentreports.MediaEntityBuilder.createScreenCaptureFromPath(MediaEntityBuilder.java:34)
at com.aventstack.extentreports.MediaEntityBuilder.createScreenCaptureFromPath(MediaEntityBuilder.java:40)
at Test.ResultsFileBuilder.SendTestResult(ResultsFileBuilder.java:85)
at Test.Group2_GUITest.TestCase2_1_2_1_1(Group2_GUITest.java:64)
at java.base/jdk.internal.reflect.NativeMethodAccessorImpl.invoke0(Native Method)
at java.base/jdk.internal.reflect.NativeMethodAccessorImpl.invoke(NativeMethodAccessorImpl.java:77)
at java.base/jdk.internal.reflect.DelegatingMethodAccessorImpl.invoke(DelegatingMethodAccessorImpl.java:43)
at java.base/java.lang.reflect.Method.invoke(Method.java:568)
at org.testng.internal.MethodInvocationHelper.invokeMethod(MethodInvocationHelper.java:133)
at org.testng.internal.TestInvoker.invokeMethod(TestInvoker.java:598)
at org.testng.internal.TestInvoker.invokeTestMethod(TestInvoker.java:173)
at org.testng.internal.MethodRunner.runInSequence(MethodRunner.java:46)
at org.testng.internal.TestInvoker$MethodInvocationAgent.invoke(TestInvoker.java:824)
at org.testng.internal.TestInvoker.invokeTestMethods(TestInvoker.java:146)
at org.testng.internal.TestMethodWorker.invokeTestMethods(TestMethodWorker.java:146)
at org.testng.internal.TestMethodWorker.run(TestMethodWorker.java:128)
at java.base/java.util.ArrayList.forEach(ArrayList.java:1511)
at org.testng.TestRunner.privateRun(TestRunner.java:794)
at org.testng.TestRunner.run(TestRunner.java:596)
at org.testng.SuiteRunner.runTest(SuiteRunner.java:377)
at org.testng.SuiteRunner.access$000(SuiteRunner.java:28)
at org.testng.SuiteRunner$SuiteWorker.run(SuiteRunner.java:418)
at org.testng.internal.thread.ThreadUtil.lambda$execute$0(ThreadUtil.java:64)
at java.base/java.util.concurrent.FutureTask.run(FutureTask.java:264)
at java.base/java.util.concurrent.ThreadPoolExecutor.runWorker(ThreadPoolExecutor.java:1136)
at java.base/java.util.concurrent.ThreadPoolExecutor$Worker.run(ThreadPoolExecutor.java:635)
at java.base/java.lang.Thread.run(Thread.java:833)
]]>
            </full-stacktrace>
          </exception> <!-- java.lang.IllegalArgumentException -->
          <reporter-output>
          </reporter-output>
        </test-method> <!-- TestCase2_1_2_1_1 -->
        <test-method signature="TestCase2_1_2_1_2(java.lang.String)[pri:3, instance:Test.Group2_GUITest@4afcd809]" started-at="2022-07-11T16:38:29 IDT" name="TestCase2_1_2_1_2" finished-at="2022-07-11T16:38:40 IDT" duration-ms="10368" status="PASS">
          <params>
            <param index="0">
              <value>
                <![CDATA[Chrome]]>
              </value>
            </param>
          </params>
          <reporter-output>
          </reporter-output>
        </test-method> <!-- TestCase2_1_2_1_2 -->
        <test-method signature="TestCase2_1_2_1_3(java.lang.String)[pri:4, instance:Test.Group2_GUITest@4afcd809]" started-at="2022-07-11T16:39:10 IDT" name="TestCase2_1_2_1_3" finished-at="2022-07-11T16:39:12 IDT" duration-ms="1725" status="PASS">
          <params>
            <param index="0">
              <value>
                <![CDATA[Chrome]]>
              </value>
            </param>
          </params>
          <reporter-output>
          </reporter-output>
        </test-method> <!-- TestCase2_1_2_1_3 -->
        <test-method is-config="true" signature="AfterGroup2_GUITest(java.lang.String)[pri:0, instance:Test.Group2_GUITest@4afcd809]" started-at="2022-07-11T16:39:12 IDT" name="AfterGroup2_GUITest" finished-at="2022-07-11T16:39:14 IDT" duration-ms="2101" status="PASS">
          <params>
            <param index="0">
              <value>
                <![CDATA[Chrome]]>
              </value>
            </param>
          </params>
          <reporter-output>
          </reporter-output>
        </test-method> <!-- AfterGroup2_GUITest -->
      </class> <!-- Test.Group2_GUITest -->
      <class name="Test.Group9_CompatibilityTest">
        <test-method is-config="true" signature="beforeGroup9_CompatibilityTest(java.lang.String,java.lang.String)[pri:0, instance:Test.Group9_CompatibilityTest@75d4a5c2]" started-at="2022-07-11T16:37:25 IDT" name="beforeGroup9_CompatibilityTest" finished-at="2022-07-11T16:37:53 IDT" duration-ms="27751" status="PASS">
          <params>
            <param index="0">
              <value>
                <![CDATA[Chrome]]>
              </value>
            </param>
            <param index="1">
              <value>
                <![CDATA[https://www.tripadvisor.co.il]]>
              </value>
            </param>
          </params>
          <reporter-output>
          </reporter-output>
        </test-method> <!-- beforeGroup9_CompatibilityTest -->
        <test-method signature="TestCase9_1(java.lang.String)[pri:1, instance:Test.Group9_CompatibilityTest@75d4a5c2]" started-at="2022-07-11T16:37:53 IDT" name="TestCase9_1" finished-at="2022-07-11T16:37:55 IDT" duration-ms="2125" status="PASS">
          <params>
            <param index="0">
              <value>
                <![CDATA[Chrome]]>
              </value>
            </param>
          </params>
          <reporter-output>
          </reporter-output>
        </test-method> <!-- TestCase9_1 -->
        <test-method signature="TestCase9_2(java.lang.String)[pri:2, instance:Test.Group9_CompatibilityTest@75d4a5c2]" started-at="2022-07-11T16:38:26 IDT" name="TestCase9_2" finished-at="2022-07-11T16:38:26 IDT" duration-ms="620" status="PASS">
          <params>
            <param index="0">
              <value>
                <![CDATA[Chrome]]>
              </value>
            </param>
          </params>
          <reporter-output>
          </reporter-output>
        </test-method> <!-- TestCase9_2 -->
        <test-method signature="TestCase9_3(java.lang.String)[pri:3, instance:Test.Group9_CompatibilityTest@75d4a5c2]" started-at="2022-07-11T16:38:54 IDT" name="TestCase9_3" finished-at="2022-07-11T16:38:56 IDT" duration-ms="2626" status="PASS">
          <params>
            <param index="0">
              <value>
                <![CDATA[Chrome]]>
              </value>
            </param>
          </params>
          <reporter-output>
          </reporter-output>
        </test-method> <!-- TestCase9_3 -->
        <test-method signature="TestCase9_4(java.lang.String)[pri:4, instance:Test.Group9_CompatibilityTest@75d4a5c2]" started-at="2022-07-11T16:39:34 IDT" name="TestCase9_4" finished-at="2022-07-11T16:39:35 IDT" duration-ms="1107" status="PASS">
          <params>
            <param index="0">
              <value>
                <![CDATA[Chrome]]>
              </value>
            </param>
          </params>
          <reporter-output>
          </reporter-output>
        </test-method> <!-- TestCase9_4 -->
        <test-method is-config="true" signature="AfterGroup9_CompatibilityTest(java.lang.String)[pri:0, instance:Test.Group9_CompatibilityTest@75d4a5c2]" started-at="2022-07-11T16:39:35 IDT" name="AfterGroup9_CompatibilityTest" finished-at="2022-07-11T16:39:37 IDT" duration-ms="2058" status="PASS">
          <params>
            <param index="0">
              <value>
                <![CDATA[Chrome]]>
              </value>
            </param>
          </params>
          <reporter-output>
          </reporter-output>
        </test-method> <!-- AfterGroup9_CompatibilityTest -->
      </class> <!-- Test.Group9_CompatibilityTest -->
      <class name="Test.Group6_RecoveryTest">
        <test-method is-config="true" signature="beforeGroup6_RecoveryTest(java.lang.String,java.lang.String)[pri:0, instance:Test.Group6_RecoveryTest@776aec5c]" started-at="2022-07-11T16:36:42 IDT" name="beforeGroup6_RecoveryTest" finished-at="2022-07-11T16:36:58 IDT" duration-ms="15126" status="PASS">
          <params>
            <param index="0">
              <value>
                <![CDATA[Chrome]]>
              </value>
            </param>
            <param index="1">
              <value>
                <![CDATA[https://www.tripadvisor.co.il]]>
              </value>
            </param>
          </params>
          <reporter-output>
          </reporter-output>
        </test-method> <!-- beforeGroup6_RecoveryTest -->
        <test-method signature="TestCase6_1(java.lang.String)[pri:1, instance:Test.Group6_RecoveryTest@776aec5c]" started-at="2022-07-11T16:36:58 IDT" name="TestCase6_1" finished-at="2022-07-11T16:37:03 IDT" duration-ms="5774" status="PASS">
          <params>
            <param index="0">
              <value>
                <![CDATA[Chrome]]>
              </value>
            </param>
          </params>
          <reporter-output>
          </reporter-output>
        </test-method> <!-- TestCase6_1 -->
        <test-method signature="TestCase6_2(java.lang.String)[pri:2, instance:Test.Group6_RecoveryTest@776aec5c]" started-at="2022-07-11T16:38:22 IDT" name="TestCase6_2" finished-at="2022-07-11T16:38:23 IDT" duration-ms="1063" status="PASS">
          <params>
            <param index="0">
              <value>
                <![CDATA[Chrome]]>
              </value>
            </param>
          </params>
          <reporter-output>
          </reporter-output>
        </test-method> <!-- TestCase6_2 -->
        <test-method signature="TestCase6_3(java.lang.String)[pri:3, instance:Test.Group6_RecoveryTest@776aec5c]" started-at="2022-07-11T16:38:48 IDT" name="TestCase6_3" finished-at="2022-07-11T16:38:50 IDT" duration-ms="1822" status="PASS">
          <params>
            <param index="0">
              <value>
                <![CDATA[Chrome]]>
              </value>
            </param>
          </params>
          <reporter-output>
          </reporter-output>
        </test-method> <!-- TestCase6_3 -->
        <test-method signature="TestCase6_4(java.lang.String)[pri:4, instance:Test.Group6_RecoveryTest@776aec5c]" started-at="2022-07-11T16:39:24 IDT" name="TestCase6_4" finished-at="2022-07-11T16:39:25 IDT" duration-ms="1111" status="PASS">
          <params>
            <param index="0">
              <value>
                <![CDATA[Chrome]]>
              </value>
            </param>
          </params>
          <reporter-output>
          </reporter-output>
        </test-method> <!-- TestCase6_4 -->
        <test-method is-config="true" signature="AfterGroup6_RecoveryTest(java.lang.String)[pri:0, instance:Test.Group6_RecoveryTest@776aec5c]" started-at="2022-07-11T16:39:25 IDT" name="AfterGroup6_RecoveryTest" finished-at="2022-07-11T16:39:27 IDT" duration-ms="2037" status="PASS">
          <params>
            <param index="0">
              <value>
                <![CDATA[Chrome]]>
              </value>
            </param>
          </params>
          <reporter-output>
          </reporter-output>
        </test-method> <!-- AfterGroup6_RecoveryTest -->
      </class> <!-- Test.Group6_RecoveryTest -->
      <class name="Test.Group11_InterfacesTest">
        <test-method is-config="true" signature="beforeGroup11_InterfacesTest(java.lang.String,java.lang.String)[pri:0, instance:Test.Group11_InterfacesTest@408d971b]" started-at="2022-07-11T16:35:30 IDT" name="beforeGroup11_InterfacesTest" finished-at="2022-07-11T16:35:34 IDT" duration-ms="3120" status="PASS">
          <params>
            <param index="0">
              <value>
                <![CDATA[Chrome]]>
              </value>
            </param>
            <param index="1">
              <value>
                <![CDATA[https://www.tripadvisor.co.il]]>
              </value>
            </param>
          </params>
          <reporter-output>
          </reporter-output>
        </test-method> <!-- beforeGroup11_InterfacesTest -->
        <test-method signature="TestCase11_1(java.lang.String)[pri:1, instance:Test.Group11_InterfacesTest@408d971b]" started-at="2022-07-11T16:35:34 IDT" name="TestCase11_1" finished-at="2022-07-11T16:35:34 IDT" duration-ms="571" status="PASS">
          <params>
            <param index="0">
              <value>
                <![CDATA[Chrome]]>
              </value>
            </param>
          </params>
          <reporter-output>
          </reporter-output>
        </test-method> <!-- TestCase11_1 -->
        <test-method signature="TestCase11_2(java.lang.String)[pri:2, instance:Test.Group11_InterfacesTest@408d971b]" started-at="2022-07-11T16:37:56 IDT" name="TestCase11_2" finished-at="2022-07-11T16:38:02 IDT" duration-ms="6416" status="PASS">
          <params>
            <param index="0">
              <value>
                <![CDATA[Chrome]]>
              </value>
            </param>
          </params>
          <reporter-output>
          </reporter-output>
        </test-method> <!-- TestCase11_2 -->
        <test-method signature="TestCase11_3(java.lang.String)[pri:3, instance:Test.Group11_InterfacesTest@408d971b]" started-at="2022-07-11T16:38:27 IDT" name="TestCase11_3" finished-at="2022-07-11T16:38:28 IDT" duration-ms="970" status="PASS">
          <params>
            <param index="0">
              <value>
                <![CDATA[Chrome]]>
              </value>
            </param>
          </params>
          <reporter-output>
          </reporter-output>
        </test-method> <!-- TestCase11_3 -->
        <test-method signature="TestCase11_4(java.lang.String)[pri:4, instance:Test.Group11_InterfacesTest@408d971b]" started-at="2022-07-11T16:39:02 IDT" name="TestCase11_4" finished-at="2022-07-11T16:39:04 IDT" duration-ms="2232" status="PASS">
          <params>
            <param index="0">
              <value>
                <![CDATA[Chrome]]>
              </value>
            </param>
          </params>
          <reporter-output>
          </reporter-output>
        </test-method> <!-- TestCase11_4 -->
        <test-method is-config="true" signature="AfterGroup11_InterfacesTest(java.lang.String)[pri:0, instance:Test.Group11_InterfacesTest@408d971b]" started-at="2022-07-11T16:39:04 IDT" name="AfterGroup11_InterfacesTest" finished-at="2022-07-11T16:39:07 IDT" duration-ms="2112" status="PASS">
          <params>
            <param index="0">
              <value>
                <![CDATA[Chrome]]>
              </value>
            </param>
          </params>
          <reporter-output>
          </reporter-output>
        </test-method> <!-- AfterGroup11_InterfacesTest -->
      </class> <!-- Test.Group11_InterfacesTest -->
      <class name="Test.Group10_AccessibilityTest">
        <test-method is-config="true" signature="beforeGroup10_AccessibilityTest(java.lang.String,java.lang.String)[pri:0, instance:Test.Group10_AccessibilityTest@557caf28]" started-at="2022-07-11T16:35:25 IDT" name="beforeGroup10_AccessibilityTest" finished-at="2022-07-11T16:35:30 IDT" duration-ms="4770" status="PASS">
          <params>
            <param index="0">
              <value>
                <![CDATA[Chrome]]>
              </value>
            </param>
            <param index="1">
              <value>
                <![CDATA[https://www.tripadvisor.co.il]]>
              </value>
            </param>
          </params>
          <reporter-output>
          </reporter-output>
        </test-method> <!-- beforeGroup10_AccessibilityTest -->
        <test-method signature="TestCase10_1(java.lang.String)[pri:1, instance:Test.Group10_AccessibilityTest@557caf28]" started-at="2022-07-11T16:35:30 IDT" name="TestCase10_1" finished-at="2022-07-11T16:35:30 IDT" duration-ms="710" status="PASS">
          <params>
            <param index="0">
              <value>
                <![CDATA[Chrome]]>
              </value>
            </param>
          </params>
          <reporter-output>
          </reporter-output>
        </test-method> <!-- TestCase10_1 -->
        <test-method signature="TestCase10_2(java.lang.String)[pri:2, instance:Test.Group10_AccessibilityTest@557caf28]" started-at="2022-07-11T16:37:55 IDT" name="TestCase10_2" finished-at="2022-07-11T16:37:56 IDT" duration-ms="1210" status="PASS">
          <params>
            <param index="0">
              <value>
                <![CDATA[Chrome]]>
              </value>
            </param>
          </params>
          <reporter-output>
          </reporter-output>
        </test-method> <!-- TestCase10_2 -->
        <test-method signature="TestCase10_3(java.lang.String)[pri:3, instance:Test.Group10_AccessibilityTest@557caf28]" started-at="2022-07-11T16:38:26 IDT" name="TestCase10_3" finished-at="2022-07-11T16:38:27 IDT" duration-ms="679" status="PASS">
          <params>
            <param index="0">
              <value>
                <![CDATA[Chrome]]>
              </value>
            </param>
          </params>
          <reporter-output>
          </reporter-output>
        </test-method> <!-- TestCase10_3 -->
        <test-method signature="TestCase10_4(java.lang.String)[pri:4, instance:Test.Group10_AccessibilityTest@557caf28]" started-at="2022-07-11T16:38:56 IDT" name="TestCase10_4" finished-at="2022-07-11T16:38:59 IDT" duration-ms="2535" status="PASS">
          <params>
            <param index="0">
              <value>
                <![CDATA[Chrome]]>
              </value>
            </param>
          </params>
          <reporter-output>
          </reporter-output>
        </test-method> <!-- TestCase10_4 -->
        <test-method is-config="true" signature="AfterGroup10_AccessibilityTest(java.lang.String)[pri:0, instance:Test.Group10_AccessibilityTest@557caf28]" started-at="2022-07-11T16:38:59 IDT" name="AfterGroup10_AccessibilityTest" finished-at="2022-07-11T16:39:02 IDT" duration-ms="3351" status="PASS">
          <params>
            <param index="0">
              <value>
                <![CDATA[Chrome]]>
              </value>
            </param>
          </params>
          <reporter-output>
          </reporter-output>
        </test-method> <!-- AfterGroup10_AccessibilityTest -->
      </class> <!-- Test.Group10_AccessibilityTest -->
      <class name="Test.Group1_SanityTest">
        <test-method is-config="true" signature="beforeGroup1_SystemSanityTests(java.lang.String,java.lang.String)[pri:0, instance:Test.Group1_SanityTest@5e0e82ae]" started-at="2022-07-11T16:35:34 IDT" name="beforeGroup1_SystemSanityTests" finished-at="2022-07-11T16:35:40 IDT" duration-ms="5410" status="PASS">
          <params>
            <param index="0">
              <value>
                <![CDATA[Chrome]]>
              </value>
            </param>
            <param index="1">
              <value>
                <![CDATA[https://www.tripadvisor.co.il]]>
              </value>
            </param>
          </params>
          <reporter-output>
          </reporter-output>
        </test-method> <!-- beforeGroup1_SystemSanityTests -->
        <test-method signature="TestCase1_1_1(java.lang.String)[pri:1, instance:Test.Group1_SanityTest@5e0e82ae]" started-at="2022-07-11T16:35:40 IDT" name="TestCase1_1_1" finished-at="2022-07-11T16:35:41 IDT" duration-ms="1029" status="PASS">
          <params>
            <param index="0">
              <value>
                <![CDATA[Chrome]]>
              </value>
            </param>
          </params>
          <reporter-output>
          </reporter-output>
        </test-method> <!-- TestCase1_1_1 -->
        <test-method signature="TestCase1_2_1(java.lang.String)[pri:2, instance:Test.Group1_SanityTest@5e0e82ae]" started-at="2022-07-11T16:38:02 IDT" name="TestCase1_2_1" finished-at="2022-07-11T16:38:05 IDT" depends-on-methods="Test.Group1_SanityTest.TestCase1_1_1" duration-ms="2540" status="PASS">
          <params>
            <param index="0">
              <value>
                <![CDATA[Chrome]]>
              </value>
            </param>
          </params>
          <reporter-output>
          </reporter-output>
        </test-method> <!-- TestCase1_2_1 -->
        <test-method signature="TestCase1_2_2(java.lang.String)[pri:3, instance:Test.Group1_SanityTest@5e0e82ae]" started-at="2022-07-11T16:38:28 IDT" name="TestCase1_2_2" finished-at="2022-07-11T16:38:29 IDT" duration-ms="1110" status="PASS">
          <params>
            <param index="0">
              <value>
                <![CDATA[Chrome]]>
              </value>
            </param>
          </params>
          <reporter-output>
          </reporter-output>
        </test-method> <!-- TestCase1_2_2 -->
        <test-method signature="TestCase1_2_3(java.lang.String)[pri:4, instance:Test.Group1_SanityTest@5e0e82ae]" started-at="2022-07-11T16:39:07 IDT" name="TestCase1_2_3" finished-at="2022-07-11T16:39:08 IDT" duration-ms="1128" status="PASS">
          <params>
            <param index="0">
              <value>
                <![CDATA[Chrome]]>
              </value>
            </param>
          </params>
          <reporter-output>
          </reporter-output>
        </test-method> <!-- TestCase1_2_3 -->
        <test-method is-config="true" signature="AfterGroup1_SystemSanityTests(java.lang.String)[pri:0, instance:Test.Group1_SanityTest@5e0e82ae]" started-at="2022-07-11T16:39:08 IDT" name="AfterGroup1_SystemSanityTests" finished-at="2022-07-11T16:39:10 IDT" duration-ms="2138" status="PASS">
          <params>
            <param index="0">
              <value>
                <![CDATA[Chrome]]>
              </value>
            </param>
          </params>
          <reporter-output>
          </reporter-output>
        </test-method> <!-- AfterGroup1_SystemSanityTests -->
      </class> <!-- Test.Group1_SanityTest -->
    </test> <!-- chromeTest -->
    <test started-at="2022-07-11T16:35:25 IDT" name="EdgeTest" finished-at="2022-07-11T16:39:51 IDT" duration-ms="266041">
      <class name="Test.Group4_ProcessesTest">
        <test-method is-config="true" signature="beforeGroup4_ProcessesTest(java.lang.String,java.lang.String)[pri:0, instance:Test.Group4_ProcessesTest@7c6908d7]" started-at="2022-07-11T16:36:19 IDT" name="beforeGroup4_ProcessesTest" finished-at="2022-07-11T16:36:29 IDT" duration-ms="9692" status="PASS">
          <params>
            <param index="0">
              <value>
                <![CDATA[Edge]]>
              </value>
            </param>
            <param index="1">
              <value>
                <![CDATA[https://www.tripadvisor.co.il]]>
              </value>
            </param>
          </params>
          <reporter-output>
          </reporter-output>
        </test-method> <!-- beforeGroup4_ProcessesTest -->
        <test-method signature="TestCase4_1_1(java.lang.String)[pri:1, instance:Test.Group4_ProcessesTest@7c6908d7]" started-at="2022-07-11T16:36:29 IDT" name="TestCase4_1_1" finished-at="2022-07-11T16:36:30 IDT" duration-ms="968" status="PASS">
          <params>
            <param index="0">
              <value>
                <![CDATA[Edge]]>
              </value>
            </param>
          </params>
          <reporter-output>
          </reporter-output>
        </test-method> <!-- TestCase4_1_1 -->
        <test-method signature="TestCase4_1_2(java.lang.String)[pri:2, instance:Test.Group4_ProcessesTest@7c6908d7]" started-at="2022-07-11T16:38:40 IDT" name="TestCase4_1_2" finished-at="2022-07-11T16:38:41 IDT" duration-ms="1442" status="PASS">
          <params>
            <param index="0">
              <value>
                <![CDATA[Edge]]>
              </value>
            </param>
          </params>
          <reporter-output>
          </reporter-output>
        </test-method> <!-- TestCase4_1_2 -->
        <test-method signature="TestCase4_1_3(java.lang.String)[pri:3, instance:Test.Group4_ProcessesTest@7c6908d7]" started-at="2022-07-11T16:39:03 IDT" name="TestCase4_1_3" finished-at="2022-07-11T16:39:06 IDT" duration-ms="2343" status="PASS">
          <params>
            <param index="0">
              <value>
                <![CDATA[Edge]]>
              </value>
            </param>
          </params>
          <reporter-output>
          </reporter-output>
        </test-method> <!-- TestCase4_1_3 -->
        <test-method signature="TestCase4_1_4(java.lang.String)[pri:4, instance:Test.Group4_ProcessesTest@7c6908d7]" started-at="2022-07-11T16:39:31 IDT" name="TestCase4_1_4" finished-at="2022-07-11T16:39:33 IDT" duration-ms="1406" status="PASS">
          <params>
            <param index="0">
              <value>
                <![CDATA[Edge]]>
              </value>
            </param>
          </params>
          <reporter-output>
          </reporter-output>
        </test-method> <!-- TestCase4_1_4 -->
        <test-method is-config="true" signature="AfterGroup4_ProcessesTest(java.lang.String)[pri:0, instance:Test.Group4_ProcessesTest@7c6908d7]" started-at="2022-07-11T16:39:33 IDT" name="AfterGroup4_ProcessesTest" finished-at="2022-07-11T16:39:35 IDT" duration-ms="2028" status="PASS">
          <params>
            <param index="0">
              <value>
                <![CDATA[Edge]]>
              </value>
            </param>
          </params>
          <reporter-output>
          </reporter-output>
        </test-method> <!-- AfterGroup4_ProcessesTest -->
      </class> <!-- Test.Group4_ProcessesTest -->
      <class name="Test.Group7_InternationalityTest">
        <test-method is-config="true" signature="beforeGroup7_InternationalityTest(java.lang.String,java.lang.String)[pri:0, instance:Test.Group7_InternationalityTest@79079097]" started-at="2022-07-11T16:37:19 IDT" name="beforeGroup7_InternationalityTest" finished-at="2022-07-11T16:37:52 IDT" duration-ms="33229" status="PASS">
          <params>
            <param index="0">
              <value>
                <![CDATA[Edge]]>
              </value>
            </param>
            <param index="1">
              <value>
                <![CDATA[https://www.tripadvisor.co.il]]>
              </value>
            </param>
          </params>
          <reporter-output>
          </reporter-output>
        </test-method> <!-- beforeGroup7_InternationalityTest -->
        <test-method signature="TestCase7_1(java.lang.String)[pri:1, instance:Test.Group7_InternationalityTest@79079097]" started-at="2022-07-11T16:37:52 IDT" name="TestCase7_1" finished-at="2022-07-11T16:37:53 IDT" duration-ms="818" status="PASS">
          <params>
            <param index="0">
              <value>
                <![CDATA[Edge]]>
              </value>
            </param>
          </params>
          <reporter-output>
          </reporter-output>
        </test-method> <!-- TestCase7_1 -->
        <test-method signature="TestCase7_2(java.lang.String)[pri:2, instance:Test.Group7_InternationalityTest@79079097]" started-at="2022-07-11T16:38:49 IDT" name="TestCase7_2" finished-at="2022-07-11T16:38:51 IDT" duration-ms="1831" status="PASS">
          <params>
            <param index="0">
              <value>
                <![CDATA[Edge]]>
              </value>
            </param>
          </params>
          <reporter-output>
          </reporter-output>
        </test-method> <!-- TestCase7_2 -->
        <test-method signature="TestCase7_3(java.lang.String)[pri:3, instance:Test.Group7_InternationalityTest@79079097]" started-at="2022-07-11T16:39:09 IDT" name="TestCase7_3" finished-at="2022-07-11T16:39:10 IDT" duration-ms="1330" status="PASS">
          <params>
            <param index="0">
              <value>
                <![CDATA[Edge]]>
              </value>
            </param>
          </params>
          <reporter-output>
          </reporter-output>
        </test-method> <!-- TestCase7_3 -->
        <test-method signature="TestCase7_4(java.lang.String)[pri:4, instance:Test.Group7_InternationalityTest@79079097]" started-at="2022-07-11T16:39:41 IDT" name="TestCase7_4" finished-at="2022-07-11T16:39:42 IDT" duration-ms="1239" status="PASS">
          <params>
            <param index="0">
              <value>
                <![CDATA[Edge]]>
              </value>
            </param>
          </params>
          <reporter-output>
          </reporter-output>
        </test-method> <!-- TestCase7_4 -->
        <test-method is-config="true" signature="AfterGroup7_InternationalityTest(java.lang.String)[pri:0, instance:Test.Group7_InternationalityTest@79079097]" started-at="2022-07-11T16:39:42 IDT" name="AfterGroup7_InternationalityTest" finished-at="2022-07-11T16:39:44 IDT" duration-ms="2110" status="PASS">
          <params>
            <param index="0">
              <value>
                <![CDATA[Edge]]>
              </value>
            </param>
          </params>
          <reporter-output>
          </reporter-output>
        </test-method> <!-- AfterGroup7_InternationalityTest -->
      </class> <!-- Test.Group7_InternationalityTest -->
      <class name="Test.Group3_UsefulnessTest">
        <test-method is-config="true" signature="beforeGroup3_UsefulnessTest(java.lang.String,java.lang.String)[pri:0, instance:Test.Group3_UsefulnessTest@198b6731]" started-at="2022-07-11T16:36:05 IDT" name="beforeGroup3_UsefulnessTest" finished-at="2022-07-11T16:36:18 IDT" duration-ms="13316" status="PASS">
          <params>
            <param index="0">
              <value>
                <![CDATA[Edge]]>
              </value>
            </param>
            <param index="1">
              <value>
                <![CDATA[https://www.tripadvisor.co.il]]>
              </value>
            </param>
          </params>
          <reporter-output>
          </reporter-output>
        </test-method> <!-- beforeGroup3_UsefulnessTest -->
        <test-method signature="TestCase3_1_1(java.lang.String)[pri:1, instance:Test.Group3_UsefulnessTest@198b6731]" started-at="2022-07-11T16:36:18 IDT" name="TestCase3_1_1" finished-at="2022-07-11T16:36:19 IDT" duration-ms="851" status="PASS">
          <params>
            <param index="0">
              <value>
                <![CDATA[Edge]]>
              </value>
            </param>
          </params>
          <reporter-output>
          </reporter-output>
        </test-method> <!-- TestCase3_1_1 -->
        <test-method signature="TestCase3_1_2(java.lang.String)[pri:2, instance:Test.Group3_UsefulnessTest@198b6731]" started-at="2022-07-11T16:38:38 IDT" name="TestCase3_1_2" finished-at="2022-07-11T16:38:40 IDT" duration-ms="1227" status="PASS">
          <params>
            <param index="0">
              <value>
                <![CDATA[Edge]]>
              </value>
            </param>
          </params>
          <reporter-output>
          </reporter-output>
        </test-method> <!-- TestCase3_1_2 -->
        <test-method signature="TestCase3_1_3(java.lang.String)[pri:3, instance:Test.Group3_UsefulnessTest@198b6731]" started-at="2022-07-11T16:39:02 IDT" name="TestCase3_1_3" finished-at="2022-07-11T16:39:03 IDT" duration-ms="1152" status="PASS">
          <params>
            <param index="0">
              <value>
                <![CDATA[Edge]]>
              </value>
            </param>
          </params>
          <reporter-output>
          </reporter-output>
        </test-method> <!-- TestCase3_1_3 -->
        <test-method signature="TestCase3_1_4(java.lang.String)[pri:4, instance:Test.Group3_UsefulnessTest@198b6731]" started-at="2022-07-11T16:39:28 IDT" name="TestCase3_1_4" finished-at="2022-07-11T16:39:29 IDT" duration-ms="1177" status="PASS">
          <params>
            <param index="0">
              <value>
                <![CDATA[Edge]]>
              </value>
            </param>
          </params>
          <reporter-output>
          </reporter-output>
        </test-method> <!-- TestCase3_1_4 -->
        <test-method is-config="true" signature="AfterGroup3_UsefulnessTest(java.lang.String)[pri:0, instance:Test.Group3_UsefulnessTest@198b6731]" started-at="2022-07-11T16:39:29 IDT" name="AfterGroup3_UsefulnessTest" finished-at="2022-07-11T16:39:31 IDT" duration-ms="2052" status="PASS">
          <params>
            <param index="0">
              <value>
                <![CDATA[Edge]]>
              </value>
            </param>
          </params>
          <reporter-output>
          </reporter-output>
        </test-method> <!-- AfterGroup3_UsefulnessTest -->
      </class> <!-- Test.Group3_UsefulnessTest -->
      <class name="Test.Group8_SecuringTest">
        <test-method is-config="true" signature="beforeGroup8_SecuringTest(java.lang.String,java.lang.String)[pri:0, instance:Test.Group8_SecuringTest@4d1c00d0]" started-at="2022-07-11T16:37:53 IDT" name="beforeGroup8_SecuringTest" finished-at="2022-07-11T16:38:10 IDT" duration-ms="17653" status="PASS">
          <params>
            <param index="0">
              <value>
                <![CDATA[Edge]]>
              </value>
            </param>
            <param index="1">
              <value>
                <![CDATA[https://www.tripadvisor.co.il]]>
              </value>
            </param>
          </params>
          <reporter-output>
          </reporter-output>
        </test-method> <!-- beforeGroup8_SecuringTest -->
        <test-method signature="TestCase8_1(java.lang.String)[pri:1, instance:Test.Group8_SecuringTest@4d1c00d0]" started-at="2022-07-11T16:38:10 IDT" name="TestCase8_1" finished-at="2022-07-11T16:38:13 IDT" duration-ms="2214" status="PASS">
          <params>
            <param index="0">
              <value>
                <![CDATA[Edge]]>
              </value>
            </param>
          </params>
          <reporter-output>
          </reporter-output>
        </test-method> <!-- TestCase8_1 -->
        <test-method signature="TestCase8_2(java.lang.String)[pri:2, instance:Test.Group8_SecuringTest@4d1c00d0]" started-at="2022-07-11T16:38:51 IDT" name="TestCase8_2" finished-at="2022-07-11T16:38:53 IDT" duration-ms="1833" status="PASS">
          <params>
            <param index="0">
              <value>
                <![CDATA[Edge]]>
              </value>
            </param>
          </params>
          <reporter-output>
          </reporter-output>
        </test-method> <!-- TestCase8_2 -->
        <test-method signature="TestCase8_3(java.lang.String)[pri:3, instance:Test.Group8_SecuringTest@4d1c00d0]" started-at="2022-07-11T16:39:10 IDT" name="TestCase8_3" finished-at="2022-07-11T16:39:13 IDT" duration-ms="2429" status="PASS">
          <params>
            <param index="0">
              <value>
                <![CDATA[Edge]]>
              </value>
            </param>
          </params>
          <reporter-output>
          </reporter-output>
        </test-method> <!-- TestCase8_3 -->
        <test-method signature="TestCase8_4(java.lang.String)[pri:4, instance:Test.Group8_SecuringTest@4d1c00d0]" started-at="2022-07-11T16:39:44 IDT" name="TestCase8_4" finished-at="2022-07-11T16:39:46 IDT" duration-ms="1262" status="PASS">
          <params>
            <param index="0">
              <value>
                <![CDATA[Edge]]>
              </value>
            </param>
          </params>
          <reporter-output>
          </reporter-output>
        </test-method> <!-- TestCase8_4 -->
        <test-method is-config="true" signature="AfterGroup8_SecuringTest(java.lang.String)[pri:0, instance:Test.Group8_SecuringTest@4d1c00d0]" started-at="2022-07-11T16:39:46 IDT" name="AfterGroup8_SecuringTest" finished-at="2022-07-11T16:39:48 IDT" duration-ms="2037" status="PASS">
          <params>
            <param index="0">
              <value>
                <![CDATA[Edge]]>
              </value>
            </param>
          </params>
          <reporter-output>
          </reporter-output>
        </test-method> <!-- AfterGroup8_SecuringTest -->
      </class> <!-- Test.Group8_SecuringTest -->
      <class name="Test.Group5_ConnectivityTest">
        <test-method is-config="true" signature="beforeGroup5_ConnectivityTest(java.lang.String,java.lang.String)[pri:0, instance:Test.Group5_ConnectivityTest@3c9754d8]" started-at="2022-07-11T16:36:30 IDT" name="beforeGroup5_ConnectivityTest" finished-at="2022-07-11T16:36:46 IDT" duration-ms="15937" status="PASS">
          <params>
            <param index="0">
              <value>
                <![CDATA[Edge]]>
              </value>
            </param>
            <param index="1">
              <value>
                <![CDATA[https://www.tripadvisor.co.il]]>
              </value>
            </param>
          </params>
          <reporter-output>
          </reporter-output>
        </test-method> <!-- beforeGroup5_ConnectivityTest -->
        <test-method signature="TestCase5_1_1(java.lang.String)[pri:1, instance:Test.Group5_ConnectivityTest@3c9754d8]" started-at="2022-07-11T16:36:46 IDT" name="TestCase5_1_1" finished-at="2022-07-11T16:36:50 IDT" duration-ms="4337" status="PASS">
          <params>
            <param index="0">
              <value>
                <![CDATA[Edge]]>
              </value>
            </param>
          </params>
          <reporter-output>
          </reporter-output>
        </test-method> <!-- TestCase5_1_1 -->
        <test-method signature="TestCase5_1_2(java.lang.String)[pri:2, instance:Test.Group5_ConnectivityTest@3c9754d8]" started-at="2022-07-11T16:38:41 IDT" name="TestCase5_1_2" finished-at="2022-07-11T16:38:42 IDT" duration-ms="882" status="PASS">
          <params>
            <param index="0">
              <value>
                <![CDATA[Edge]]>
              </value>
            </param>
          </params>
          <reporter-output>
          </reporter-output>
        </test-method> <!-- TestCase5_1_2 -->
        <test-method signature="TestCase5_3(java.lang.String)[pri:3, instance:Test.Group5_ConnectivityTest@3c9754d8]" started-at="2022-07-11T16:39:06 IDT" name="TestCase5_3" finished-at="2022-07-11T16:39:07 IDT" duration-ms="1183" status="PASS">
          <params>
            <param index="0">
              <value>
                <![CDATA[Edge]]>
              </value>
            </param>
          </params>
          <reporter-output>
          </reporter-output>
        </test-method> <!-- TestCase5_3 -->
        <test-method signature="TestCase5_4(java.lang.String)[pri:4, instance:Test.Group5_ConnectivityTest@3c9754d8]" started-at="2022-07-11T16:39:35 IDT" name="TestCase5_4" finished-at="2022-07-11T16:39:36 IDT" duration-ms="1141" status="PASS">
          <params>
            <param index="0">
              <value>
                <![CDATA[Edge]]>
              </value>
            </param>
          </params>
          <reporter-output>
          </reporter-output>
        </test-method> <!-- TestCase5_4 -->
        <test-method is-config="true" signature="AfterGroup5_ConnectivityTest(java.lang.String)[pri:0, instance:Test.Group5_ConnectivityTest@3c9754d8]" started-at="2022-07-11T16:39:36 IDT" name="AfterGroup5_ConnectivityTest" finished-at="2022-07-11T16:39:38 IDT" duration-ms="2034" status="PASS">
          <params>
            <param index="0">
              <value>
                <![CDATA[Edge]]>
              </value>
            </param>
          </params>
          <reporter-output>
          </reporter-output>
        </test-method> <!-- AfterGroup5_ConnectivityTest -->
      </class> <!-- Test.Group5_ConnectivityTest -->
      <class name="Test.Group2_GUITest">
        <test-method is-config="true" signature="beforeGroup2_GUITest(java.lang.String,java.lang.String)[pri:0, instance:Test.Group2_GUITest@3857f613]" started-at="2022-07-11T16:35:54 IDT" name="beforeGroup2_GUITest" finished-at="2022-07-11T16:36:04 IDT" duration-ms="9488" status="PASS">
          <params>
            <param index="0">
              <value>
                <![CDATA[Edge]]>
              </value>
            </param>
            <param index="1">
              <value>
                <![CDATA[https://www.tripadvisor.co.il]]>
              </value>
            </param>
          </params>
          <reporter-output>
          </reporter-output>
        </test-method> <!-- beforeGroup2_GUITest -->
        <test-method signature="TestCase2_1_1(java.lang.String)[pri:1, instance:Test.Group2_GUITest@3857f613]" started-at="2022-07-11T16:36:04 IDT" name="TestCase2_1_1" finished-at="2022-07-11T16:36:05 IDT" duration-ms="963" status="PASS">
          <params>
            <param index="0">
              <value>
                <![CDATA[Edge]]>
              </value>
            </param>
          </params>
          <reporter-output>
          </reporter-output>
        </test-method> <!-- TestCase2_1_1 -->
        <test-method signature="TestCase2_1_2_1_1(java.lang.String)[pri:2, instance:Test.Group2_GUITest@3857f613]" started-at="2022-07-11T16:38:36 IDT" name="TestCase2_1_2_1_1" finished-at="2022-07-11T16:38:38 IDT" duration-ms="2016" status="PASS">
          <params>
            <param index="0">
              <value>
                <![CDATA[Edge]]>
              </value>
            </param>
          </params>
          <reporter-output>
          </reporter-output>
        </test-method> <!-- TestCase2_1_2_1_1 -->
        <test-method signature="TestCase2_1_2_1_2(java.lang.String)[pri:3, instance:Test.Group2_GUITest@3857f613]" started-at="2022-07-11T16:39:01 IDT" name="TestCase2_1_2_1_2" finished-at="2022-07-11T16:39:02 IDT" duration-ms="1213" status="PASS">
          <params>
            <param index="0">
              <value>
                <![CDATA[Edge]]>
              </value>
            </param>
          </params>
          <reporter-output>
          </reporter-output>
        </test-method> <!-- TestCase2_1_2_1_2 -->
        <test-method signature="TestCase2_1_2_1_3(java.lang.String)[pri:4, instance:Test.Group2_GUITest@3857f613]" started-at="2022-07-11T16:39:25 IDT" name="TestCase2_1_2_1_3" finished-at="2022-07-11T16:39:26 IDT" duration-ms="1148" status="PASS">
          <params>
            <param index="0">
              <value>
                <![CDATA[Edge]]>
              </value>
            </param>
          </params>
          <reporter-output>
          </reporter-output>
        </test-method> <!-- TestCase2_1_2_1_3 -->
        <test-method is-config="true" signature="AfterGroup2_GUITest(java.lang.String)[pri:0, instance:Test.Group2_GUITest@3857f613]" started-at="2022-07-11T16:39:26 IDT" name="AfterGroup2_GUITest" finished-at="2022-07-11T16:39:28 IDT" duration-ms="2032" status="PASS">
          <params>
            <param index="0">
              <value>
                <![CDATA[Edge]]>
              </value>
            </param>
          </params>
          <reporter-output>
          </reporter-output>
        </test-method> <!-- AfterGroup2_GUITest -->
      </class> <!-- Test.Group2_GUITest -->
      <class name="Test.Group9_CompatibilityTest">
        <test-method is-config="true" signature="beforeGroup9_CompatibilityTest(java.lang.String,java.lang.String)[pri:0, instance:Test.Group9_CompatibilityTest@4b2bac3f]" started-at="2022-07-11T16:38:13 IDT" name="beforeGroup9_CompatibilityTest" finished-at="2022-07-11T16:38:32 IDT" duration-ms="19169" status="PASS">
          <params>
            <param index="0">
              <value>
                <![CDATA[Edge]]>
              </value>
            </param>
            <param index="1">
              <value>
                <![CDATA[https://www.tripadvisor.co.il]]>
              </value>
            </param>
          </params>
          <reporter-output>
          </reporter-output>
        </test-method> <!-- beforeGroup9_CompatibilityTest -->
        <test-method signature="TestCase9_1(java.lang.String)[pri:1, instance:Test.Group9_CompatibilityTest@4b2bac3f]" started-at="2022-07-11T16:38:32 IDT" name="TestCase9_1" finished-at="2022-07-11T16:38:33 IDT" duration-ms="684" status="PASS">
          <params>
            <param index="0">
              <value>
                <![CDATA[Edge]]>
              </value>
            </param>
          </params>
          <reporter-output>
          </reporter-output>
        </test-method> <!-- TestCase9_1 -->
        <test-method signature="TestCase9_2(java.lang.String)[pri:2, instance:Test.Group9_CompatibilityTest@4b2bac3f]" started-at="2022-07-11T16:38:53 IDT" name="TestCase9_2" finished-at="2022-07-11T16:38:55 IDT" duration-ms="2397" status="PASS">
          <params>
            <param index="0">
              <value>
                <![CDATA[Edge]]>
              </value>
            </param>
          </params>
          <reporter-output>
          </reporter-output>
        </test-method> <!-- TestCase9_2 -->
        <test-method signature="TestCase9_3(java.lang.String)[pri:3, instance:Test.Group9_CompatibilityTest@4b2bac3f]" started-at="2022-07-11T16:39:13 IDT" name="TestCase9_3" finished-at="2022-07-11T16:39:14 IDT" duration-ms="1330" status="PASS">
          <params>
            <param index="0">
              <value>
                <![CDATA[Edge]]>
              </value>
            </param>
          </params>
          <reporter-output>
          </reporter-output>
        </test-method> <!-- TestCase9_3 -->
        <test-method signature="TestCase9_4(java.lang.String)[pri:4, instance:Test.Group9_CompatibilityTest@4b2bac3f]" started-at="2022-07-11T16:39:48 IDT" name="TestCase9_4" finished-at="2022-07-11T16:39:49 IDT" duration-ms="1144" status="PASS">
          <params>
            <param index="0">
              <value>
                <![CDATA[Edge]]>
              </value>
            </param>
          </params>
          <reporter-output>
          </reporter-output>
        </test-method> <!-- TestCase9_4 -->
        <test-method is-config="true" signature="AfterGroup9_CompatibilityTest(java.lang.String)[pri:0, instance:Test.Group9_CompatibilityTest@4b2bac3f]" started-at="2022-07-11T16:39:49 IDT" name="AfterGroup9_CompatibilityTest" finished-at="2022-07-11T16:39:51 IDT" duration-ms="2068" status="PASS">
          <params>
            <param index="0">
              <value>
                <![CDATA[Edge]]>
              </value>
            </param>
          </params>
          <reporter-output>
          </reporter-output>
        </test-method> <!-- AfterGroup9_CompatibilityTest -->
      </class> <!-- Test.Group9_CompatibilityTest -->
      <class name="Test.Group6_RecoveryTest">
        <test-method is-config="true" signature="beforeGroup6_RecoveryTest(java.lang.String,java.lang.String)[pri:0, instance:Test.Group6_RecoveryTest@3bf7ca37]" started-at="2022-07-11T16:36:50 IDT" name="beforeGroup6_RecoveryTest" finished-at="2022-07-11T16:37:17 IDT" duration-ms="26574" status="PASS">
          <params>
            <param index="0">
              <value>
                <![CDATA[Edge]]>
              </value>
            </param>
            <param index="1">
              <value>
                <![CDATA[https://www.tripadvisor.co.il]]>
              </value>
            </param>
          </params>
          <reporter-output>
          </reporter-output>
        </test-method> <!-- beforeGroup6_RecoveryTest -->
        <test-method signature="TestCase6_1(java.lang.String)[pri:1, instance:Test.Group6_RecoveryTest@3bf7ca37]" started-at="2022-07-11T16:37:17 IDT" name="TestCase6_1" finished-at="2022-07-11T16:37:19 IDT" duration-ms="2164" status="PASS">
          <params>
            <param index="0">
              <value>
                <![CDATA[Edge]]>
              </value>
            </param>
          </params>
          <reporter-output>
          </reporter-output>
        </test-method> <!-- TestCase6_1 -->
        <test-method signature="TestCase6_2(java.lang.String)[pri:2, instance:Test.Group6_RecoveryTest@3bf7ca37]" started-at="2022-07-11T16:38:42 IDT" name="TestCase6_2" finished-at="2022-07-11T16:38:49 IDT" duration-ms="6956" status="PASS">
          <params>
            <param index="0">
              <value>
                <![CDATA[Edge]]>
              </value>
            </param>
          </params>
          <reporter-output>
          </reporter-output>
        </test-method> <!-- TestCase6_2 -->
        <test-method signature="TestCase6_3(java.lang.String)[pri:3, instance:Test.Group6_RecoveryTest@3bf7ca37]" started-at="2022-07-11T16:39:07 IDT" name="TestCase6_3" finished-at="2022-07-11T16:39:09 IDT" duration-ms="2249" status="PASS">
          <params>
            <param index="0">
              <value>
                <![CDATA[Edge]]>
              </value>
            </param>
          </params>
          <reporter-output>
          </reporter-output>
        </test-method> <!-- TestCase6_3 -->
        <test-method signature="TestCase6_4(java.lang.String)[pri:4, instance:Test.Group6_RecoveryTest@3bf7ca37]" started-at="2022-07-11T16:39:38 IDT" name="TestCase6_4" finished-at="2022-07-11T16:39:39 IDT" duration-ms="1246" status="PASS">
          <params>
            <param index="0">
              <value>
                <![CDATA[Edge]]>
              </value>
            </param>
          </params>
          <reporter-output>
          </reporter-output>
        </test-method> <!-- TestCase6_4 -->
        <test-method is-config="true" signature="AfterGroup6_RecoveryTest(java.lang.String)[pri:0, instance:Test.Group6_RecoveryTest@3bf7ca37]" started-at="2022-07-11T16:39:39 IDT" name="AfterGroup6_RecoveryTest" finished-at="2022-07-11T16:39:41 IDT" duration-ms="2046" status="PASS">
          <params>
            <param index="0">
              <value>
                <![CDATA[Edge]]>
              </value>
            </param>
          </params>
          <reporter-output>
          </reporter-output>
        </test-method> <!-- AfterGroup6_RecoveryTest -->
      </class> <!-- Test.Group6_RecoveryTest -->
      <class name="Test.Group11_InterfacesTest">
        <test-method is-config="true" signature="beforeGroup11_InterfacesTest(java.lang.String,java.lang.String)[pri:0, instance:Test.Group11_InterfacesTest@bcec361]" started-at="2022-07-11T16:35:32 IDT" name="beforeGroup11_InterfacesTest" finished-at="2022-07-11T16:35:39 IDT" duration-ms="6234" status="PASS">
          <params>
            <param index="0">
              <value>
                <![CDATA[Edge]]>
              </value>
            </param>
            <param index="1">
              <value>
                <![CDATA[https://www.tripadvisor.co.il]]>
              </value>
            </param>
          </params>
          <reporter-output>
          </reporter-output>
        </test-method> <!-- beforeGroup11_InterfacesTest -->
        <test-method signature="TestCase11_1(java.lang.String)[pri:1, instance:Test.Group11_InterfacesTest@bcec361]" started-at="2022-07-11T16:35:39 IDT" name="TestCase11_1" finished-at="2022-07-11T16:35:40 IDT" duration-ms="1426" status="PASS">
          <params>
            <param index="0">
              <value>
                <![CDATA[Edge]]>
              </value>
            </param>
          </params>
          <reporter-output>
          </reporter-output>
        </test-method> <!-- TestCase11_1 -->
        <test-method signature="TestCase11_2(java.lang.String)[pri:2, instance:Test.Group11_InterfacesTest@bcec361]" started-at="2022-07-11T16:38:33 IDT" name="TestCase11_2" finished-at="2022-07-11T16:38:34 IDT" duration-ms="543" status="PASS">
          <params>
            <param index="0">
              <value>
                <![CDATA[Edge]]>
              </value>
            </param>
          </params>
          <reporter-output>
          </reporter-output>
        </test-method> <!-- TestCase11_2 -->
        <test-method signature="TestCase11_3(java.lang.String)[pri:3, instance:Test.Group11_InterfacesTest@bcec361]" started-at="2022-07-11T16:38:58 IDT" name="TestCase11_3" finished-at="2022-07-11T16:39:00 IDT" duration-ms="2201" status="PASS">
          <params>
            <param index="0">
              <value>
                <![CDATA[Edge]]>
              </value>
            </param>
          </params>
          <reporter-output>
          </reporter-output>
        </test-method> <!-- TestCase11_3 -->
        <test-method signature="TestCase11_4(java.lang.String)[pri:4, instance:Test.Group11_InterfacesTest@bcec361]" started-at="2022-07-11T16:39:18 IDT" name="TestCase11_4" finished-at="2022-07-11T16:39:20 IDT" duration-ms="1221" status="PASS">
          <params>
            <param index="0">
              <value>
                <![CDATA[Edge]]>
              </value>
            </param>
          </params>
          <reporter-output>
          </reporter-output>
        </test-method> <!-- TestCase11_4 -->
        <test-method is-config="true" signature="AfterGroup11_InterfacesTest(java.lang.String)[pri:0, instance:Test.Group11_InterfacesTest@bcec361]" started-at="2022-07-11T16:39:20 IDT" name="AfterGroup11_InterfacesTest" finished-at="2022-07-11T16:39:22 IDT" duration-ms="2058" status="PASS">
          <params>
            <param index="0">
              <value>
                <![CDATA[Edge]]>
              </value>
            </param>
          </params>
          <reporter-output>
          </reporter-output>
        </test-method> <!-- AfterGroup11_InterfacesTest -->
      </class> <!-- Test.Group11_InterfacesTest -->
      <class name="Test.Group10_AccessibilityTest">
        <test-method is-config="true" signature="beforeGroup10_AccessibilityTest(java.lang.String,java.lang.String)[pri:0, instance:Test.Group10_AccessibilityTest@4e08711f]" started-at="2022-07-11T16:35:25 IDT" name="beforeGroup10_AccessibilityTest" finished-at="2022-07-11T16:35:32 IDT" duration-ms="6651" status="PASS">
          <params>
            <param index="0">
              <value>
                <![CDATA[Edge]]>
              </value>
            </param>
            <param index="1">
              <value>
                <![CDATA[https://www.tripadvisor.co.il]]>
              </value>
            </param>
          </params>
          <reporter-output>
          </reporter-output>
        </test-method> <!-- beforeGroup10_AccessibilityTest -->
        <test-method signature="TestCase10_1(java.lang.String)[pri:1, instance:Test.Group10_AccessibilityTest@4e08711f]" started-at="2022-07-11T16:35:32 IDT" name="TestCase10_1" finished-at="2022-07-11T16:35:32 IDT" duration-ms="762" status="PASS">
          <params>
            <param index="0">
              <value>
                <![CDATA[Edge]]>
              </value>
            </param>
          </params>
          <reporter-output>
          </reporter-output>
        </test-method> <!-- TestCase10_1 -->
        <test-method signature="TestCase10_2(java.lang.String)[pri:2, instance:Test.Group10_AccessibilityTest@4e08711f]" started-at="2022-07-11T16:38:33 IDT" name="TestCase10_2" finished-at="2022-07-11T16:38:33 IDT" duration-ms="574" status="PASS">
          <params>
            <param index="0">
              <value>
                <![CDATA[Edge]]>
              </value>
            </param>
          </params>
          <reporter-output>
          </reporter-output>
        </test-method> <!-- TestCase10_2 -->
        <test-method signature="TestCase10_3(java.lang.String)[pri:3, instance:Test.Group10_AccessibilityTest@4e08711f]" started-at="2022-07-11T16:38:55 IDT" name="TestCase10_3" finished-at="2022-07-11T16:38:58 IDT" duration-ms="2534" status="PASS">
          <params>
            <param index="0">
              <value>
                <![CDATA[Edge]]>
              </value>
            </param>
          </params>
          <reporter-output>
          </reporter-output>
        </test-method> <!-- TestCase10_3 -->
        <test-method signature="TestCase10_4(java.lang.String)[pri:4, instance:Test.Group10_AccessibilityTest@4e08711f]" started-at="2022-07-11T16:39:14 IDT" name="TestCase10_4" finished-at="2022-07-11T16:39:16 IDT" duration-ms="2225" status="PASS">
          <params>
            <param index="0">
              <value>
                <![CDATA[Edge]]>
              </value>
            </param>
          </params>
          <reporter-output>
          </reporter-output>
        </test-method> <!-- TestCase10_4 -->
        <test-method is-config="true" signature="AfterGroup10_AccessibilityTest(java.lang.String)[pri:0, instance:Test.Group10_AccessibilityTest@4e08711f]" started-at="2022-07-11T16:39:16 IDT" name="AfterGroup10_AccessibilityTest" finished-at="2022-07-11T16:39:18 IDT" duration-ms="2103" status="PASS">
          <params>
            <param index="0">
              <value>
                <![CDATA[Edge]]>
              </value>
            </param>
          </params>
          <reporter-output>
          </reporter-output>
        </test-method> <!-- AfterGroup10_AccessibilityTest -->
      </class> <!-- Test.Group10_AccessibilityTest -->
      <class name="Test.Group1_SanityTest">
        <test-method is-config="true" signature="beforeGroup1_SystemSanityTests(java.lang.String,java.lang.String)[pri:0, instance:Test.Group1_SanityTest@489115ef]" started-at="2022-07-11T16:35:40 IDT" name="beforeGroup1_SystemSanityTests" finished-at="2022-07-11T16:35:51 IDT" duration-ms="11453" status="PASS">
          <params>
            <param index="0">
              <value>
                <![CDATA[Edge]]>
              </value>
            </param>
            <param index="1">
              <value>
                <![CDATA[https://www.tripadvisor.co.il]]>
              </value>
            </param>
          </params>
          <reporter-output>
          </reporter-output>
        </test-method> <!-- beforeGroup1_SystemSanityTests -->
        <test-method signature="TestCase1_1_1(java.lang.String)[pri:1, instance:Test.Group1_SanityTest@489115ef]" started-at="2022-07-11T16:35:51 IDT" name="TestCase1_1_1" finished-at="2022-07-11T16:35:54 IDT" duration-ms="2980" status="PASS">
          <params>
            <param index="0">
              <value>
                <![CDATA[Edge]]>
              </value>
            </param>
          </params>
          <reporter-output>
          </reporter-output>
        </test-method> <!-- TestCase1_1_1 -->
        <test-method signature="TestCase1_2_1(java.lang.String)[pri:2, instance:Test.Group1_SanityTest@489115ef]" started-at="2022-07-11T16:38:34 IDT" name="TestCase1_2_1" finished-at="2022-07-11T16:38:36 IDT" depends-on-methods="Test.Group1_SanityTest.TestCase1_1_1" duration-ms="2745" status="PASS">
          <params>
            <param index="0">
              <value>
                <![CDATA[Edge]]>
              </value>
            </param>
[...]
              <value>
                <![CDATA[Firefox]]>
              </value>
            </param>
          </params>
          <reporter-output>
          </reporter-output>
        </test-method> <!-- TestCase2_1_2_1_1 -->
        <test-method signature="TestCase2_1_2_1_2(java.lang.String)[pri:3, instance:Test.Group2_GUITest@49438269]" started-at="2022-07-11T16:40:50 IDT" name="TestCase2_1_2_1_2" finished-at="2022-07-11T16:40:50 IDT" duration-ms="265" status="PASS">
          <params>
            <param index="0">
              <value>
                <![CDATA[Firefox]]>
              </value>
            </param>
          </params>
          <reporter-output>
          </reporter-output>
        </test-method> <!-- TestCase2_1_2_1_2 -->
        <test-method signature="TestCase2_1_2_1_3(java.lang.String)[pri:4, instance:Test.Group2_GUITest@49438269]" started-at="2022-07-11T16:40:59 IDT" name="TestCase2_1_2_1_3" finished-at="2022-07-11T16:40:59 IDT" duration-ms="254" status="PASS">
          <params>
            <param index="0">
              <value>
                <![CDATA[Firefox]]>
              </value>
            </param>
          </params>
          <reporter-output>
          </reporter-output>
        </test-method> <!-- TestCase2_1_2_1_3 -->
        <test-method is-config="true" signature="AfterGroup2_GUITest(java.lang.String)[pri:0, instance:Test.Group2_GUITest@49438269]" started-at="2022-07-11T16:40:59 IDT" name="AfterGroup2_GUITest" finished-at="2022-07-11T16:41:01 IDT" duration-ms="2087" status="PASS">
          <params>
            <param index="0">
              <value>
                <![CDATA[Firefox]]>
              </value>
            </param>
          </params>
          <reporter-output>
          </reporter-output>
        </test-method> <!-- AfterGroup2_GUITest -->
      </class> <!-- Test.Group2_GUITest -->
      <class name="Test.Group9_CompatibilityTest">
        <test-method is-config="true" signature="beforeGroup9_CompatibilityTest(java.lang.String,java.lang.String)[pri:0, instance:Test.Group9_CompatibilityTest@7a8c8dcf]" started-at="2022-07-11T16:40:37 IDT" name="beforeGroup9_CompatibilityTest" finished-at="2022-07-11T16:40:46 IDT" duration-ms="9088" status="PASS">
          <params>
            <param index="0">
              <value>
                <![CDATA[Firefox]]>
              </value>
            </param>
            <param index="1">
              <value>
                <![CDATA[https://www.tripadvisor.co.il]]>
              </value>
            </param>
          </params>
          <reporter-output>
          </reporter-output>
        </test-method> <!-- beforeGroup9_CompatibilityTest -->
        <test-method signature="TestCase9_1(java.lang.String)[pri:1, instance:Test.Group9_CompatibilityTest@7a8c8dcf]" started-at="2022-07-11T16:40:46 IDT" name="TestCase9_1" finished-at="2022-07-11T16:40:46 IDT" duration-ms="332" status="PASS">
          <params>
            <param index="0">
              <value>
                <![CDATA[Firefox]]>
              </value>
            </param>
          </params>
          <reporter-output>
          </reporter-output>
        </test-method> <!-- TestCase9_1 -->
        <test-method signature="TestCase9_2(java.lang.String)[pri:2, instance:Test.Group9_CompatibilityTest@7a8c8dcf]" started-at="2022-07-11T16:40:49 IDT" name="TestCase9_2" finished-at="2022-07-11T16:40:49 IDT" duration-ms="310" status="PASS">
          <params>
            <param index="0">
              <value>
                <![CDATA[Firefox]]>
              </value>
            </param>
          </params>
          <reporter-output>
          </reporter-output>
        </test-method> <!-- TestCase9_2 -->
        <test-method signature="TestCase9_3(java.lang.String)[pri:3, instance:Test.Group9_CompatibilityTest@7a8c8dcf]" started-at="2022-07-11T16:40:52 IDT" name="TestCase9_3" finished-at="2022-07-11T16:40:52 IDT" duration-ms="252" status="PASS">
          <params>
            <param index="0">
              <value>
                <![CDATA[Firefox]]>
              </value>
            </param>
          </params>
          <reporter-output>
          </reporter-output>
        </test-method> <!-- TestCase9_3 -->
        <test-method signature="TestCase9_4(java.lang.String)[pri:4, instance:Test.Group9_CompatibilityTest@7a8c8dcf]" started-at="2022-07-11T16:41:16 IDT" name="TestCase9_4" finished-at="2022-07-11T16:41:16 IDT" duration-ms="305" status="PASS">
          <params>
            <param index="0">
              <value>
                <![CDATA[Firefox]]>
              </value>
            </param>
          </params>
          <reporter-output>
          </reporter-output>
        </test-method> <!-- TestCase9_4 -->
        <test-method is-config="true" signature="AfterGroup9_CompatibilityTest(java.lang.String)[pri:0, instance:Test.Group9_CompatibilityTest@7a8c8dcf]" started-at="2022-07-11T16:41:16 IDT" name="AfterGroup9_CompatibilityTest" finished-at="2022-07-11T16:41:18 IDT" duration-ms="2052" status="PASS">
          <params>
            <param index="0">
              <value>
                <![CDATA[Firefox]]>
              </value>
            </param>
          </params>
          <reporter-output>
          </reporter-output>
        </test-method> <!-- AfterGroup9_CompatibilityTest -->
      </class> <!-- Test.Group9_CompatibilityTest -->
      <class name="Test.Group10_AccessibilityTest">
        <test-method is-config="true" signature="beforeGroup10_AccessibilityTest(java.lang.String,java.lang.String)[pri:0, instance:Test.Group10_AccessibilityTest@24269709]" started-at="2022-07-11T16:35:25 IDT" name="beforeGroup10_AccessibilityTest" finished-at="2022-07-11T16:35:33 IDT" duration-ms="7841" status="PASS">
          <params>
            <param index="0">
              <value>
                <![CDATA[Firefox]]>
              </value>
            </param>
            <param index="1">
              <value>
                <![CDATA[https://www.tripadvisor.co.il]]>
              </value>
            </param>
          </params>
          <reporter-output>
          </reporter-output>
        </test-method> <!-- beforeGroup10_AccessibilityTest -->
        <test-method signature="TestCase10_1(java.lang.String)[pri:1, instance:Test.Group10_AccessibilityTest@24269709]" started-at="2022-07-11T16:35:33 IDT" name="TestCase10_1" finished-at="2022-07-11T16:35:33 IDT" duration-ms="389" status="PASS">
          <params>
            <param index="0">
              <value>
                <![CDATA[Firefox]]>
              </value>
            </param>
          </params>
          <reporter-output>
          </reporter-output>
        </test-method> <!-- TestCase10_1 -->
        <test-method signature="TestCase10_2(java.lang.String)[pri:2, instance:Test.Group10_AccessibilityTest@24269709]" started-at="2022-07-11T16:40:46 IDT" name="TestCase10_2" finished-at="2022-07-11T16:40:46 IDT" duration-ms="292" status="PASS">
          <params>
            <param index="0">
              <value>
                <![CDATA[Firefox]]>
              </value>
            </param>
          </params>
          <reporter-output>
          </reporter-output>
        </test-method> <!-- TestCase10_2 -->
        <test-method signature="TestCase10_3(java.lang.String)[pri:3, instance:Test.Group10_AccessibilityTest@24269709]" started-at="2022-07-11T16:40:49 IDT" name="TestCase10_3" finished-at="2022-07-11T16:40:49 IDT" duration-ms="413" status="PASS">
          <params>
            <param index="0">
              <value>
                <![CDATA[Firefox]]>
              </value>
            </param>
          </params>
          <reporter-output>
          </reporter-output>
        </test-method> <!-- TestCase10_3 -->
        <test-method signature="TestCase10_4(java.lang.String)[pri:4, instance:Test.Group10_AccessibilityTest@24269709]" started-at="2022-07-11T16:40:52 IDT" name="TestCase10_4" finished-at="2022-07-11T16:40:52 IDT" duration-ms="238" status="PASS">
          <params>
            <param index="0">
              <value>
                <![CDATA[Firefox]]>
              </value>
            </param>
          </params>
          <reporter-output>
          </reporter-output>
        </test-method> <!-- TestCase10_4 -->
        <test-method is-config="true" signature="AfterGroup10_AccessibilityTest(java.lang.String)[pri:0, instance:Test.Group10_AccessibilityTest@24269709]" started-at="2022-07-11T16:40:52 IDT" name="AfterGroup10_AccessibilityTest" finished-at="2022-07-11T16:40:54 IDT" duration-ms="2102" status="PASS">
          <params>
            <param index="0">
              <value>
                <![CDATA[Firefox]]>
              </value>
            </param>
          </params>
          <reporter-output>
          </reporter-output>
        </test-method> <!-- AfterGroup10_AccessibilityTest -->
      </class> <!-- Test.Group10_AccessibilityTest -->
      <class name="Test.Group6_RecoveryTest">
        <test-method is-config="true" signature="beforeGroup6_RecoveryTest(java.lang.String,java.lang.String)[pri:0, instance:Test.Group6_RecoveryTest@fbd1f6]" started-at="2022-07-11T16:40:12 IDT" name="beforeGroup6_RecoveryTest" finished-at="2022-07-11T16:40:19 IDT" duration-ms="7200" status="PASS">
          <params>
            <param index="0">
              <value>
                <![CDATA[Firefox]]>
              </value>
            </param>
            <param index="1">
              <value>
                <![CDATA[https://www.tripadvisor.co.il]]>
              </value>
            </param>
          </params>
          <reporter-output>
          </reporter-output>
        </test-method> <!-- beforeGroup6_RecoveryTest -->
        <test-method signature="TestCase6_1(java.lang.String)[pri:1, instance:Test.Group6_RecoveryTest@fbd1f6]" started-at="2022-07-11T16:40:19 IDT" name="TestCase6_1" finished-at="2022-07-11T16:40:19 IDT" duration-ms="287" status="PASS">
          <params>
            <param index="0">
              <value>
                <![CDATA[Firefox]]>
              </value>
            </param>
          </params>
          <reporter-output>
          </reporter-output>
        </test-method> <!-- TestCase6_1 -->
        <test-method signature="TestCase6_2(java.lang.String)[pri:2, instance:Test.Group6_RecoveryTest@fbd1f6]" started-at="2022-07-11T16:40:48 IDT" name="TestCase6_2" finished-at="2022-07-11T16:40:48 IDT" duration-ms="248" status="PASS">
          <params>
            <param index="0">
              <value>
                <![CDATA[Firefox]]>
              </value>
            </param>
          </params>
          <reporter-output>
          </reporter-output>
        </test-method> <!-- TestCase6_2 -->
        <test-method signature="TestCase6_3(java.lang.String)[pri:3, instance:Test.Group6_RecoveryTest@fbd1f6]" started-at="2022-07-11T16:40:51 IDT" name="TestCase6_3" finished-at="2022-07-11T16:40:51 IDT" duration-ms="262" status="PASS">
          <params>
            <param index="0">
              <value>
                <![CDATA[Firefox]]>
              </value>
            </param>
          </params>
          <reporter-output>
          </reporter-output>
        </test-method> <!-- TestCase6_3 -->
        <test-method signature="TestCase6_4(java.lang.String)[pri:4, instance:Test.Group6_RecoveryTest@fbd1f6]" started-at="2022-07-11T16:41:08 IDT" name="TestCase6_4" finished-at="2022-07-11T16:41:09 IDT" duration-ms="303" status="PASS">
          <params>
            <param index="0">
              <value>
                <![CDATA[Firefox]]>
              </value>
            </param>
          </params>
          <reporter-output>
          </reporter-output>
        </test-method> <!-- TestCase6_4 -->
        <test-method is-config="true" signature="AfterGroup6_RecoveryTest(java.lang.String)[pri:0, instance:Test.Group6_RecoveryTest@fbd1f6]" started-at="2022-07-11T16:41:09 IDT" name="AfterGroup6_RecoveryTest" finished-at="2022-07-11T16:41:11 IDT" duration-ms="2058" status="PASS">
          <params>
            <param index="0">
              <value>
                <![CDATA[Firefox]]>
              </value>
            </param>
          </params>
          <reporter-output>
          </reporter-output>
        </test-method> <!-- AfterGroup6_RecoveryTest -->
      </class> <!-- Test.Group6_RecoveryTest -->
      <class name="Test.Group11_InterfacesTest">
        <test-method is-config="true" signature="beforeGroup11_InterfacesTest(java.lang.String,java.lang.String)[pri:0, instance:Test.Group11_InterfacesTest@2aceadd4]" started-at="2022-07-11T16:35:33 IDT" name="beforeGroup11_InterfacesTest" finished-at="2022-07-11T16:35:45 IDT" duration-ms="11707" status="PASS">
          <params>
            <param index="0">
              <value>
                <![CDATA[Firefox]]>
              </value>
            </param>
            <param index="1">
              <value>
                <![CDATA[https://www.tripadvisor.co.il]]>
              </value>
            </param>
          </params>
          <reporter-output>
          </reporter-output>
        </test-method> <!-- beforeGroup11_InterfacesTest -->
        <test-method signature="TestCase11_1(java.lang.String)[pri:1, instance:Test.Group11_InterfacesTest@2aceadd4]" started-at="2022-07-11T16:35:45 IDT" name="TestCase11_1" finished-at="2022-07-11T16:35:45 IDT" duration-ms="535" status="PASS">
          <params>
            <param index="0">
              <value>
                <![CDATA[Firefox]]>
              </value>
            </param>
          </params>
          <reporter-output>
          </reporter-output>
        </test-method> <!-- TestCase11_1 -->
        <test-method signature="TestCase11_2(java.lang.String)[pri:2, instance:Test.Group11_InterfacesTest@2aceadd4]" started-at="2022-07-11T16:40:46 IDT" name="TestCase11_2" finished-at="2022-07-11T16:40:46 IDT" duration-ms="246" status="PASS">
          <params>
            <param index="0">
              <value>
                <![CDATA[Firefox]]>
              </value>
            </param>
          </params>
          <reporter-output>
          </reporter-output>
        </test-method> <!-- TestCase11_2 -->
        <test-method signature="TestCase11_3(java.lang.String)[pri:3, instance:Test.Group11_InterfacesTest@2aceadd4]" started-at="2022-07-11T16:40:49 IDT" name="TestCase11_3" finished-at="2022-07-11T16:40:50 IDT" duration-ms="279" status="PASS">
          <params>
            <param index="0">
              <value>
                <![CDATA[Firefox]]>
              </value>
            </param>
          </params>
          <reporter-output>
          </reporter-output>
        </test-method> <!-- TestCase11_3 -->
        <test-method signature="TestCase11_4(java.lang.String)[pri:4, instance:Test.Group11_InterfacesTest@2aceadd4]" started-at="2022-07-11T16:40:54 IDT" name="TestCase11_4" finished-at="2022-07-11T16:40:55 IDT" duration-ms="315" status="PASS">
          <params>
            <param index="0">
              <value>
                <![CDATA[Firefox]]>
              </value>
            </param>
          </params>
          <reporter-output>
          </reporter-output>
        </test-method> <!-- TestCase11_4 -->
        <test-method is-config="true" signature="AfterGroup11_InterfacesTest(java.lang.String)[pri:0, instance:Test.Group11_InterfacesTest@2aceadd4]" started-at="2022-07-11T16:40:55 IDT" name="AfterGroup11_InterfacesTest" finished-at="2022-07-11T16:40:57 IDT" duration-ms="2029" status="PASS">
          <params>
            <param index="0">
              <value>
                <![CDATA[Firefox]]>
              </value>
            </param>
          </params>
          <reporter-output>
          </reporter-output>
        </test-method> <!-- AfterGroup11_InterfacesTest -->
      </class> <!-- Test.Group11_InterfacesTest -->
      <class name="Test.Group1_SanityTest">
        <test-method is-config="true" signature="beforeGroup1_SystemSanityTests(java.lang.String,java.lang.String)[pri:0, instance:Test.Group1_SanityTest@367ffa75]" started-at="2022-07-11T16:35:45 IDT" name="beforeGroup1_SystemSanityTests" finished-at="2022-07-11T16:35:58 IDT" duration-ms="12402" status="PASS">
          <params>
            <param index="0">
              <value>
                <![CDATA[Firefox]]>
              </value>
            </param>
            <param index="1">
              <value>
                <![CDATA[https://www.tripadvisor.co.il]]>
              </value>
            </param>
          </params>
          <reporter-output>
          </reporter-output>
        </test-method> <!-- beforeGroup1_SystemSanityTests -->
        <test-method signature="TestCase1_1_1(java.lang.String)[pri:1, instance:Test.Group1_SanityTest@367ffa75]" started-at="2022-07-11T16:35:58 IDT" name="TestCase1_1_1" finished-at="2022-07-11T16:35:58 IDT" duration-ms="296" status="PASS">
          <params>
            <param index="0">
              <value>
                <![CDATA[Firefox]]>
              </value>
            </param>
          </params>
          <reporter-output>
          </reporter-output>
        </test-method> <!-- TestCase1_1_1 -->
        <test-method signature="TestCase1_2_1(java.lang.String)[pri:2, instance:Test.Group1_SanityTest@367ffa75]" started-at="2022-07-11T16:40:46 IDT" name="TestCase1_2_1" finished-at="2022-07-11T16:40:47 IDT" depends-on-methods="Test.Group1_SanityTest.TestCase1_1_1" duration-ms="232" status="PASS">
          <params>
            <param index="0">
              <value>
                <![CDATA[Firefox]]>
              </value>
            </param>
          </params>
          <reporter-output>
          </reporter-output>
        </test-method> <!-- TestCase1_2_1 -->
        <test-method signature="TestCase1_2_2(java.lang.String)[pri:3, instance:Test.Group1_SanityTest@367ffa75]" started-at="2022-07-11T16:40:50 IDT" name="TestCase1_2_2" finished-at="2022-07-11T16:40:50 IDT" duration-ms="289" status="PASS">
          <params>
            <param index="0">
              <value>
                <![CDATA[Firefox]]>
              </value>
            </param>
          </params>
          <reporter-output>
          </reporter-output>
        </test-method> <!-- TestCase1_2_2 -->
        <test-method signature="TestCase1_2_3(java.lang.String)[pri:4, instance:Test.Group1_SanityTest@367ffa75]" started-at="2022-07-11T16:40:57 IDT" name="TestCase1_2_3" finished-at="2022-07-11T16:40:57 IDT" duration-ms="305" status="PASS">
          <params>
            <param index="0">
              <value>
                <![CDATA[Firefox]]>
              </value>
            </param>
          </params>
          <reporter-output>
          </reporter-output>
        </test-method> <!-- TestCase1_2_3 -->
        <test-method is-config="true" signature="AfterGroup1_SystemSanityTests(java.lang.String)[pri:0, instance:Test.Group1_SanityTest@367ffa75]" started-at="2022-07-11T16:40:57 IDT" name="AfterGroup1_SystemSanityTests" finished-at="2022-07-11T16:40:59 IDT" duration-ms="2057" status="PASS">
          <params>
            <param index="0">
              <value>
                <![CDATA[Firefox]]>
              </value>
            </param>
          </params>
          <reporter-output>
          </reporter-output>
        </test-method> <!-- AfterGroup1_SystemSanityTests -->
      </class> <!-- Test.Group1_SanityTest -->
    </test> <!-- FirefoxTest -->
  </suite> <!-- TestAll -->
</testng-results>
