<?xml version="1.0" encoding="UTF-8"?>
<testng-results ignored="3" total="4" passed="1" failed="0" skipped="0">
  <reporter-output>
  </reporter-output>
  <suite started-at="2022-07-16T01:46:09 IDT" name="TestAll" finished-at="2022-07-16T01:46:35 IDT" duration-ms="26305">
    <groups>
    </groups>
    <test started-at="2022-07-16T01:46:09 IDT" name="chromeTest" finished-at="2022-07-16T01:46:35 IDT" duration-ms="26305">
      <class name="Test.Group4_ProcessesTest">
        <test-method is-config="true" signature="beforeGroup4_ProcessesTest(java.lang.String,java.lang.String)[pri:0, instance:Test.Group4_ProcessesTest@48f2bd5b]" started-at="2022-07-16T01:46:09 IDT" name="beforeGroup4_ProcessesTest" finished-at="2022-07-16T01:46:13 IDT" duration-ms="3768" status="PASS">
          <params>
            <param index="0">
              <value>
                <![CDATA[Chrome]]>
              </value>
            </param>
            <param index="1">
              <value>
                <![CDATA[https://www.tripadvisor.co.il]]>
              </value>
            </param>
          </params>
          <reporter-output>
          </reporter-output>
        </test-method> <!-- beforeGroup4_ProcessesTest -->
        <test-method signature="TestCase4_1_1(java.lang.String,java.lang.String)[pri:1, instance:Test.Group4_ProcessesTest@48f2bd5b]" started-at="2022-07-16T01:46:13 IDT" name="TestCase4_1_1" finished-at="2022-07-16T01:46:32 IDT" duration-ms="19814" status="PASS">
          <params>
            <param index="0">
              <value>
                <![CDATA[Chrome]]>
              </value>
            </param>
            <param index="1">
              <value>
                <![CDATA[https://www.tripadvisor.co.il]]>
              </value>
            </param>
          </params>
          <reporter-output>
          </reporter-output>
        </test-method> <!-- TestCase4_1_1 -->
        <test-method is-config="true" signature="AfterGroup4_ProcessesTest(java.lang.String)[pri:0, instance:Test.Group4_ProcessesTest@48f2bd5b]" started-at="2022-07-16T01:46:32 IDT" name="AfterGroup4_ProcessesTest" finished-at="2022-07-16T01:46:35 IDT" duration-ms="2684" status="PASS">
          <params>
            <param index="0">
              <value>
                <![CDATA[Chrome]]>
              </value>
            </param>
          </params>
          <reporter-output>
          </reporter-output>
        </test-method> <!-- AfterGroup4_ProcessesTest -->
      </class> <!-- Test.Group4_ProcessesTest -->
    </test> <!-- chromeTest -->
  </suite> <!-- TestAll -->
</testng-results>
