<?xml version="1.0" encoding="UTF-8"?>
<testng-results ignored="0" total="6" passed="6" failed="0" skipped="0">
  <reporter-output>
  </reporter-output>
  <suite started-at="2022-06-12T15:24:08 IDT" name="TestAll" finished-at="2022-06-12T15:24:14 IDT" duration-ms="5664">
    <groups>
      <group name="SystemSanityTests">
        <method signature="runningTests.TestCase1(java.lang.String,java.lang.String)[pri:1, instance:Test.runningTests@38c6f217]" name="TestCase1" class="Test.runningTests"/>
        <method signature="runningTests.TestCase2()[pri:2, instance:Test.runningTests@38c6f217]" name="TestCase2" class="Test.runningTests"/>
        <method signature="runningTests.TestCase3()[pri:3, instance:Test.runningTests@38c6f217]" name="TestCase3" class="Test.runningTests"/>
        <method signature="runningTests.TestCase1(java.lang.String,java.lang.String)[pri:1, instance:Test.runningTests@75d4a5c2]" name="TestCase1" class="Test.runningTests"/>
        <method signature="runningTests.TestCase2()[pri:2, instance:Test.runningTests@75d4a5c2]" name="TestCase2" class="Test.runningTests"/>
        <method signature="runningTests.TestCase3()[pri:3, instance:Test.runningTests@75d4a5c2]" name="TestCase3" class="Test.runningTests"/>
      </group> <!-- SystemSanityTests -->
    </groups>
    <test started-at="2022-06-12T15:24:08 IDT" name="chromeTest" finished-at="2022-06-12T15:24:13 IDT" duration-ms="4753">
      <class name="Test.runningTests">
        <test-method is-config="true" signature="beforeSystemSanityTests(java.lang.String,java.lang.String)[pri:0, instance:Test.runningTests@38c6f217]" started-at="2022-06-12T15:24:08 IDT" name="beforeSystemSanityTests" finished-at="2022-06-12T15:24:12 IDT" duration-ms="3268" status="PASS">
          <params>
            <param index="0">
              <value>
                <![CDATA[chrome]]>
              </value>
            </param>
            <param index="1">
              <value>
                <![CDATA[https://www.tripadvisor.co.il]]>
              </value>
            </param>
          </params>
          <reporter-output>
          </reporter-output>
        </test-method> <!-- beforeSystemSanityTests -->
        <test-method signature="TestCase1(java.lang.String,java.lang.String)[pri:1, instance:Test.runningTests@38c6f217]" started-at="2022-06-12T15:24:12 IDT" name="TestCase1" finished-at="2022-06-12T15:24:12 IDT" duration-ms="30" status="PASS">
          <params>
            <param index="0">
              <value>
                <![CDATA[C:\my files\TestCaseImages]]>
              </value>
            </param>
            <param index="1">
              <value>
                <![CDATA[C:\\my files\\testExcelFiles\\testFile1.xlsx]]>
              </value>
            </param>
          </params>
          <reporter-output>
          </reporter-output>
        </test-method> <!-- TestCase1 -->
        <test-method signature="TestCase2()[pri:2, instance:Test.runningTests@38c6f217]" started-at="2022-06-12T15:24:12 IDT" name="TestCase2" finished-at="2022-06-12T15:24:12 IDT" depends-on-methods="Test.runningTests.TestCase1" duration-ms="6" status="PASS">
          <reporter-output>
          </reporter-output>
        </test-method> <!-- TestCase2 -->
        <test-method signature="TestCase3()[pri:3, instance:Test.runningTests@38c6f217]" started-at="2022-06-12T15:24:12 IDT" name="TestCase3" finished-at="2022-06-12T15:24:12 IDT" depends-on-methods="Test.runningTests.TestCase2" duration-ms="1" status="PASS">
          <reporter-output>
          </reporter-output>
        </test-method> <!-- TestCase3 -->
        <test-method is-config="true" signature="AfterSystemSanityTests(java.lang.String)[pri:0, instance:Test.runningTests@38c6f217]" started-at="2022-06-12T15:24:12 IDT" name="AfterSystemSanityTests" finished-at="2022-06-12T15:24:13 IDT" duration-ms="1411" status="PASS">
          <params>
            <param index="0">
              <value>
                <![CDATA[chrome]]>
              </value>
            </param>
          </params>
          <reporter-output>
          </reporter-output>
        </test-method> <!-- AfterSystemSanityTests -->
      </class> <!-- Test.runningTests -->
    </test> <!-- chromeTest -->
    <test started-at="2022-06-12T15:24:08 IDT" name="EdgeTest" finished-at="2022-06-12T15:24:14 IDT" duration-ms="5664">
      <class name="Test.runningTests">
        <test-method is-config="true" signature="beforeSystemSanityTests(java.lang.String,java.lang.String)[pri:0, instance:Test.runningTests@75d4a5c2]" started-at="2022-06-12T15:24:08 IDT" name="beforeSystemSanityTests" finished-at="2022-06-12T15:24:13 IDT" duration-ms="4759" status="PASS">
          <params>
            <param index="0">
              <value>
                <![CDATA[Edge]]>
              </value>
            </param>
            <param index="1">
              <value>
                <![CDATA[https://www.tripadvisor.co.il]]>
              </value>
            </param>
          </params>
          <reporter-output>
          </reporter-output>
        </test-method> <!-- beforeSystemSanityTests -->
        <test-method signature="TestCase1(java.lang.String,java.lang.String)[pri:1, instance:Test.runningTests@75d4a5c2]" started-at="2022-06-12T15:24:13 IDT" name="TestCase1" finished-at="2022-06-12T15:24:13 IDT" duration-ms="1" status="PASS">
          <params>
            <param index="0">
              <value>
                <![CDATA[C:\my files\TestCaseImages]]>
              </value>
            </param>
            <param index="1">
              <value>
                <![CDATA[C:\\my files\\testExcelFiles\\testFile1.xlsx]]>
              </value>
            </param>
          </params>
          <reporter-output>
          </reporter-output>
        </test-method> <!-- TestCase1 -->
        <test-method signature="TestCase2()[pri:2, instance:Test.runningTests@75d4a5c2]" started-at="2022-06-12T15:24:13 IDT" name="TestCase2" finished-at="2022-06-12T15:24:13 IDT" depends-on-methods="Test.runningTests.TestCase1" duration-ms="2" status="PASS">
          <reporter-output>
          </reporter-output>
        </test-method> <!-- TestCase2 -->
        <test-method signature="TestCase3()[pri:3, instance:Test.runningTests@75d4a5c2]" started-at="2022-06-12T15:24:13 IDT" name="TestCase3" finished-at="2022-06-12T15:24:13 IDT" depends-on-methods="Test.runningTests.TestCase2" duration-ms="2" status="PASS">
          <reporter-output>
          </reporter-output>
        </test-method> <!-- TestCase3 -->
        <test-method is-config="true" signature="AfterSystemSanityTests(java.lang.String)[pri:0, instance:Test.runningTests@75d4a5c2]" started-at="2022-06-12T15:24:13 IDT" name="AfterSystemSanityTests" finished-at="2022-06-12T15:24:14 IDT" duration-ms="876" status="PASS">
          <params>
            <param index="0">
              <value>
                <![CDATA[Edge]]>
              </value>
            </param>
          </params>
          <reporter-output>
          </reporter-output>
        </test-method> <!-- AfterSystemSanityTests -->
      </class> <!-- Test.runningTests -->
    </test> <!-- EdgeTest -->
  </suite> <!-- TestAll -->
</testng-results>
