<?xml version="1.0" encoding="UTF-8"?>
<testng-results ignored="3" total="4" passed="1" failed="0" skipped="0">
  <reporter-output>
  </reporter-output>
  <suite started-at="2022-07-20T19:57:07 IDT" name="TestAll" finished-at="2022-07-20T20:00:29 IDT" duration-ms="202103">
    <groups>
    </groups>
    <test started-at="2022-07-20T19:57:07 IDT" name="chromeTest" finished-at="2022-07-20T20:00:29 IDT" duration-ms="202103">
      <class name="Tests.Group7_InternationalityTest">
        <test-method is-config="true" signature="beforeGroup7_InternationalityTest(java.lang.String,java.lang.String)[pri:0, instance:Tests.Group7_InternationalityTest@1bb5a082]" started-at="2022-07-20T19:57:07 IDT" name="beforeGroup7_InternationalityTest" finished-at="2022-07-20T19:57:10 IDT" duration-ms="2984" status="PASS">
          <params>
            <param index="0">
              <value>
                <![CDATA[Chrome]]>
              </value>
            </param>
            <param index="1">
              <value>
                <![CDATA[https://www.tripadvisor.co.il]]>
              </value>
            </param>
          </params>
          <reporter-output>
          </reporter-output>
        </test-method> <!-- beforeGroup7_InternationalityTest -->
        <test-method signature="TestCase7_3(java.lang.String,java.lang.String)[pri:3, instance:Tests.Group7_InternationalityTest@1bb5a082]" started-at="2022-07-20T19:57:10 IDT" name="TestCase7_3" finished-at="2022-07-20T20:00:26 IDT" duration-ms="196661" status="PASS">
          <params>
            <param index="0">
              <value>
                <![CDATA[Chrome]]>
              </value>
            </param>
            <param index="1">
              <value>
                <![CDATA[https://www.tripadvisor.co.il]]>
              </value>
            </param>
          </params>
          <reporter-output>
          </reporter-output>
        </test-method> <!-- TestCase7_3 -->
        <test-method is-config="true" signature="AfterGroup7_InternationalityTest(java.lang.String)[pri:0, instance:Tests.Group7_InternationalityTest@1bb5a082]" started-at="2022-07-20T20:00:26 IDT" name="AfterGroup7_InternationalityTest" finished-at="2022-07-20T20:00:29 IDT" duration-ms="2436" status="PASS">
          <params>
            <param index="0">
              <value>
                <![CDATA[Chrome]]>
              </value>
            </param>
          </params>
          <reporter-output>
          </reporter-output>
        </test-method> <!-- AfterGroup7_InternationalityTest -->
      </class> <!-- Tests.Group7_InternationalityTest -->
    </test> <!-- chromeTest -->
  </suite> <!-- TestAll -->
</testng-results>
