<?xml version="1.0" encoding="UTF-8"?>
<testng-results ignored="3" total="4" passed="0" failed="1" skipped="0">
  <reporter-output>
  </reporter-output>
  <suite started-at="2022-07-14T12:43:05 IDT" name="TestAll" finished-at="2022-07-14T12:43:27 IDT" duration-ms="22306">
    <groups>
    </groups>
    <test started-at="2022-07-14T12:43:05 IDT" name="chromeTest" finished-at="2022-07-14T12:43:27 IDT" duration-ms="22306">
      <class name="Test.Group1_SanityTest">
        <test-method is-config="true" signature="beforeGroup1_SystemSanityTests(java.lang.String,java.lang.String)[pri:0, instance:Test.Group1_SanityTest@48f2bd5b]" started-at="2022-07-14T12:43:05 IDT" name="beforeGroup1_SystemSanityTests" finished-at="2022-07-14T12:43:15 IDT" duration-ms="10082" status="PASS">
          <params>
            <param index="0">
              <value>
                <![CDATA[Chrome]]>
              </value>
            </param>
            <param index="1">
              <value>
                <![CDATA[https://www.tripadvisor.co.il]]>
              </value>
            </param>
          </params>
          <reporter-output>
          </reporter-output>
        </test-method> <!-- beforeGroup1_SystemSanityTests -->
        <test-method signature="TestCase1_2_2(java.lang.String,java.lang.String)[pri:3, instance:Test.Group1_SanityTest@48f2bd5b]" started-at="2022-07-14T12:43:15 IDT" name="TestCase1_2_2" finished-at="2022-07-14T12:43:25 IDT" duration-ms="9799" status="FAIL">
          <params>
            <param index="0">
              <value>
                <![CDATA[Chrome]]>
              </value>
            </param>
            <param index="1">
              <value>
                <![CDATA[https://www.tripadvisor.co.il]]>
              </value>
            </param>
          </params>
          <exception class="org.openqa.selenium.ElementClickInterceptedException">
            <message>
              <![CDATA[element click intercepted: Element <a class="BrOJk u j z _F wSSLS tIqAi Vonfv tFEIP" href="/Inbox">...</a> is not clickable at point (337, 189). Other element would receive the click: <iframe scrolling="auto" class="bFOrV _R B- o" src="/RegistrationController?flow=sign_up_and_save&amp;flowOrigin=login&amp;pid=40486&amp;hideNavigation=true&amp;userRequestedForce=true&amp;returnTo=&amp;isLithium=true&amp;locationId=-1&amp;requireSecure=false" title="regcontroller" style="display: block; width: 1702px; height: 711.4px;" cd_frame_id_="6ae237dac2402abf3a069027a901e493"></iframe>
  (Session info: chrome=104.0.5112.48)
Build info: version: '4.1.4', revision: '535d840ee2'
System info: host: 'LAPTOP-NB3AD5GO', ip: '192.168.1.161', os.name: 'Windows 11', os.arch: 'amd64', os.version: '10.0', java.version: '17.0.3.1'
Driver info: org.openqa.selenium.chrome.ChromeDriver
Command: [a2216f4dda713dbb3bdb2d56a650f6ea, clickElement {id=988fbc53-9925-48bf-abfd-44cfca273fe3}]
Capabilities {acceptInsecureCerts: false, browserName: chrome, browserVersion: 104.0.5112.48, chrome: {chromedriverVersion: 104.0.5112.20 (9ac43f954ebb..., userDataDir: C:\Users\arnon\AppData\Loca...}, goog:chromeOptions: {debuggerAddress: localhost:54556}, javascriptEnabled: true, networkConnectionEnabled: false, pageLoadStrategy: normal, platform: WINDOWS, platformName: WINDOWS, proxy: Proxy(), se:cdp: ws://localhost:54556/devtoo..., se:cdpVersion: 104.0.5112.48, setWindowRect: true, strictFileInteractability: false, timeouts: {implicit: 0, pageLoad: 300000, script: 30000}, unhandledPromptBehavior: dismiss and notify, webauthn:extension:credBlob: true, webauthn:extension:largeBlob: true, webauthn:virtualAuthenticators: true}
Element: [[ChromeDriver: chrome on WINDOWS (a2216f4dda713dbb3bdb2d56a650f6ea)] -> css selector: [href='/Inbox']]
Session ID: a2216f4dda713dbb3bdb2d56a650f6ea]]>
            </message>
            <full-stacktrace>
              <![CDATA[org.openqa.selenium.ElementClickInterceptedException: element click intercepted: Element <a class="BrOJk u j z _F wSSLS tIqAi Vonfv tFEIP" href="/Inbox">...</a> is not clickable at point (337, 189). Other element would receive the click: <iframe scrolling="auto" class="bFOrV _R B- o" src="/RegistrationController?flow=sign_up_and_save&amp;flowOrigin=login&amp;pid=40486&amp;hideNavigation=true&amp;userRequestedForce=true&amp;returnTo=&amp;isLithium=true&amp;locationId=-1&amp;requireSecure=false" title="regcontroller" style="display: block; width: 1702px; height: 711.4px;" cd_frame_id_="6ae237dac2402abf3a069027a901e493"></iframe>
  (Session info: chrome=104.0.5112.48)
Build info: version: '4.1.4', revision: '535d840ee2'
System info: host: 'LAPTOP-NB3AD5GO', ip: '192.168.1.161', os.name: 'Windows 11', os.arch: 'amd64', os.version: '10.0', java.version: '17.0.3.1'
Driver info: org.openqa.selenium.chrome.ChromeDriver
Command: [a2216f4dda713dbb3bdb2d56a650f6ea, clickElement {id=988fbc53-9925-48bf-abfd-44cfca273fe3}]
Capabilities {acceptInsecureCerts: false, browserName: chrome, browserVersion: 104.0.5112.48, chrome: {chromedriverVersion: 104.0.5112.20 (9ac43f954ebb..., userDataDir: C:\Users\arnon\AppData\Loca...}, goog:chromeOptions: {debuggerAddress: localhost:54556}, javascriptEnabled: true, networkConnectionEnabled: false, pageLoadStrategy: normal, platform: WINDOWS, platformName: WINDOWS, proxy: Proxy(), se:cdp: ws://localhost:54556/devtoo..., se:cdpVersion: 104.0.5112.48, setWindowRect: true, strictFileInteractability: false, timeouts: {implicit: 0, pageLoad: 300000, script: 30000}, unhandledPromptBehavior: dismiss and notify, webauthn:extension:credBlob: true, webauthn:extension:largeBlob: true, webauthn:virtualAuthenticators: true}
Element: [[ChromeDriver: chrome on WINDOWS (a2216f4dda713dbb3bdb2d56a650f6ea)] -> css selector: [href='/Inbox']]
Session ID: a2216f4dda713dbb3bdb2d56a650f6ea
at java.base/jdk.internal.reflect.NativeConstructorAccessorImpl.newInstance0(Native Method)
at java.base/jdk.internal.reflect.NativeConstructorAccessorImpl.newInstance(NativeConstructorAccessorImpl.java:77)
at java.base/jdk.internal.reflect.DelegatingConstructorAccessorImpl.newInstance(DelegatingConstructorAccessorImpl.java:45)
at java.base/java.lang.reflect.Constructor.newInstanceWithCaller(Constructor.java:499)
at java.base/java.lang.reflect.Constructor.newInstance(Constructor.java:480)
at org.openqa.selenium.remote.codec.w3c.W3CHttpResponseCodec.createException(W3CHttpResponseCodec.java:200)
at org.openqa.selenium.remote.codec.w3c.W3CHttpResponseCodec.decode(W3CHttpResponseCodec.java:133)
at org.openqa.selenium.remote.codec.w3c.W3CHttpResponseCodec.decode(W3CHttpResponseCodec.java:53)
at org.openqa.selenium.remote.HttpCommandExecutor.execute(HttpCommandExecutor.java:184)
at org.openqa.selenium.remote.service.DriverCommandExecutor.invokeExecute(DriverCommandExecutor.java:167)
at org.openqa.selenium.remote.service.DriverCommandExecutor.execute(DriverCommandExecutor.java:142)
at org.openqa.selenium.remote.RemoteWebDriver.execute(RemoteWebDriver.java:567)
at org.openqa.selenium.remote.RemoteWebElement.execute(RemoteWebElement.java:251)
at org.openqa.selenium.remote.RemoteWebElement.click(RemoteWebElement.java:77)
at java.base/jdk.internal.reflect.NativeMethodAccessorImpl.invoke0(Native Method)
at java.base/jdk.internal.reflect.NativeMethodAccessorImpl.invoke(NativeMethodAccessorImpl.java:77)
at java.base/jdk.internal.reflect.DelegatingMethodAccessorImpl.invoke(DelegatingMethodAccessorImpl.java:43)
at java.base/java.lang.reflect.Method.invoke(Method.java:568)
at org.openqa.selenium.support.pagefactory.internal.LocatingElementHandler.invoke(LocatingElementHandler.java:52)
at jdk.proxy2/jdk.proxy2.$Proxy18.click(Unknown Source)
at Test.Group1_SanityTest.TestCase1_2_2(Group1_SanityTest.java:299)
at java.base/jdk.internal.reflect.NativeMethodAccessorImpl.invoke0(Native Method)
at java.base/jdk.internal.reflect.NativeMethodAccessorImpl.invoke(NativeMethodAccessorImpl.java:77)
at java.base/jdk.internal.reflect.DelegatingMethodAccessorImpl.invoke(DelegatingMethodAccessorImpl.java:43)
at java.base/java.lang.reflect.Method.invoke(Method.java:568)
at org.testng.internal.MethodInvocationHelper.invokeMethod(MethodInvocationHelper.java:133)
at org.testng.internal.TestInvoker.invokeMethod(TestInvoker.java:598)
at org.testng.internal.TestInvoker.invokeTestMethod(TestInvoker.java:173)
at org.testng.internal.MethodRunner.runInSequence(MethodRunner.java:46)
at org.testng.internal.TestInvoker$MethodInvocationAgent.invoke(TestInvoker.java:824)
at org.testng.internal.TestInvoker.invokeTestMethods(TestInvoker.java:146)
at org.testng.internal.TestMethodWorker.invokeTestMethods(TestMethodWorker.java:146)
at org.testng.internal.TestMethodWorker.run(TestMethodWorker.java:128)
at java.base/java.util.ArrayList.forEach(ArrayList.java:1511)
at org.testng.TestRunner.privateRun(TestRunner.java:794)
at org.testng.TestRunner.run(TestRunner.java:596)
at org.testng.SuiteRunner.runTest(SuiteRunner.java:377)
at org.testng.SuiteRunner.access$000(SuiteRunner.java:28)
at org.testng.SuiteRunner$SuiteWorker.run(SuiteRunner.java:418)
at org.testng.internal.thread.ThreadUtil.lambda$execute$0(ThreadUtil.java:64)
at java.base/java.util.concurrent.FutureTask.run(FutureTask.java:264)
at java.base/java.util.concurrent.ThreadPoolExecutor.runWorker(ThreadPoolExecutor.java:1136)
at java.base/java.util.concurrent.ThreadPoolExecutor$Worker.run(ThreadPoolExecutor.java:635)
at java.base/java.lang.Thread.run(Thread.java:833)
]]>
            </full-stacktrace>
          </exception> <!-- org.openqa.selenium.ElementClickInterceptedException -->
          <reporter-output>
          </reporter-output>
        </test-method> <!-- TestCase1_2_2 -->
        <test-method is-config="true" signature="AfterGroup1_SystemSanityTests(java.lang.String)[pri:0, instance:Test.Group1_SanityTest@48f2bd5b]" started-at="2022-07-14T12:43:25 IDT" name="AfterGroup1_SystemSanityTests" finished-at="2022-07-14T12:43:27 IDT" duration-ms="2394" status="PASS">
          <params>
            <param index="0">
              <value>
                <![CDATA[Chrome]]>
              </value>
            </param>
          </params>
          <reporter-output>
          </reporter-output>
        </test-method> <!-- AfterGroup1_SystemSanityTests -->
      </class> <!-- Test.Group1_SanityTest -->
    </test> <!-- chromeTest -->
  </suite> <!-- TestAll -->
</testng-results>
