<?xml version="1.0" encoding="UTF-8"?>
<testng-results ignored="0" total="132" passed="132" failed="0" skipped="0">
  <reporter-output>
  </reporter-output>
  <suite started-at="2022-07-10T15:34:39 IDT" name="TestAll" finished-at="2022-07-10T15:41:11 IDT" duration-ms="392143">
    <groups>
      <group name="SystemSanityTests">
        <method signature="Group1_SanityTest.TestCase3(java.lang.String)[pri:3, instance:Test.Group1_SanityTest@459e9125]" name="TestCase3" class="Test.Group1_SanityTest"/>
        <method signature="Group1_SanityTest.TestCase4(java.lang.String)[pri:4, instance:Test.Group1_SanityTest@459e9125]" name="TestCase4" class="Test.Group1_SanityTest"/>
        <method signature="Group1_SanityTest.TestCase3(java.lang.String)[pri:3, instance:Test.Group1_SanityTest@815b41f]" name="TestCase3" class="Test.Group1_SanityTest"/>
        <method signature="Group1_SanityTest.TestCase4(java.lang.String)[pri:4, instance:Test.Group1_SanityTest@815b41f]" name="TestCase4" class="Test.Group1_SanityTest"/>
        <method signature="Group1_SanityTest.TestCase3(java.lang.String)[pri:3, instance:Test.Group1_SanityTest@682b2fa]" name="TestCase3" class="Test.Group1_SanityTest"/>
        <method signature="Group1_SanityTest.TestCase4(java.lang.String)[pri:4, instance:Test.Group1_SanityTest@682b2fa]" name="TestCase4" class="Test.Group1_SanityTest"/>
      </group> <!-- SystemSanityTests -->
    </groups>
    <test started-at="2022-07-10T15:34:39 IDT" name="FirefoxTest" finished-at="2022-07-10T15:39:35 IDT" duration-ms="296235">
      <class name="Test.Group4_ProcessesTest">
        <test-method is-config="true" signature="beforeGroup4_ProcessesTest(java.lang.String,java.lang.String)[pri:0, instance:Test.Group4_ProcessesTest@229f66ed]" started-at="2022-07-10T15:35:52 IDT" name="beforeGroup4_ProcessesTest" finished-at="2022-07-10T15:35:59 IDT" duration-ms="6935" status="PASS">
          <params>
            <param index="0">
              <value>
                <![CDATA[Firefox]]>
              </value>
            </param>
            <param index="1">
              <value>
                <![CDATA[https://www.tripadvisor.co.il]]>
              </value>
            </param>
          </params>
          <reporter-output>
          </reporter-output>
        </test-method> <!-- beforeGroup4_ProcessesTest -->
        <test-method signature="TestCase1(java.lang.String)[pri:1, instance:Test.Group4_ProcessesTest@229f66ed]" started-at="2022-07-10T15:35:59 IDT" name="TestCase1" finished-at="2022-07-10T15:35:59 IDT" duration-ms="263" status="PASS">
          <params>
            <param index="0">
              <value>
                <![CDATA[Firefox]]>
              </value>
            </param>
          </params>
          <reporter-output>
          </reporter-output>
        </test-method> <!-- TestCase1 -->
        <test-method signature="TestCase2(java.lang.String)[pri:2, instance:Test.Group4_ProcessesTest@229f66ed]" started-at="2022-07-10T15:37:16 IDT" name="TestCase2" finished-at="2022-07-10T15:37:16 IDT" duration-ms="228" status="PASS">
          <params>
            <param index="0">
              <value>
                <![CDATA[Firefox]]>
              </value>
            </param>
          </params>
          <reporter-output>
          </reporter-output>
        </test-method> <!-- TestCase2 -->
        <test-method signature="TestCase3(java.lang.String)[pri:3, instance:Test.Group4_ProcessesTest@229f66ed]" started-at="2022-07-10T15:37:19 IDT" name="TestCase3" finished-at="2022-07-10T15:37:19 IDT" duration-ms="260" status="PASS">
          <params>
            <param index="0">
              <value>
                <![CDATA[Firefox]]>
              </value>
            </param>
          </params>
          <reporter-output>
          </reporter-output>
        </test-method> <!-- TestCase3 -->
        <test-method signature="TestCase4(java.lang.String)[pri:4, instance:Test.Group4_ProcessesTest@229f66ed]" started-at="2022-07-10T15:38:23 IDT" name="TestCase4" finished-at="2022-07-10T15:38:41 IDT" duration-ms="17705" status="PASS">
          <params>
            <param index="0">
              <value>
                <![CDATA[Firefox]]>
              </value>
            </param>
          </params>
          <reporter-output>
          </reporter-output>
        </test-method> <!-- TestCase4 -->
        <test-method is-config="true" signature="AfterGroup4_ProcessesTest(java.lang.String)[pri:0, instance:Test.Group4_ProcessesTest@229f66ed]" started-at="2022-07-10T15:38:41 IDT" name="AfterGroup4_ProcessesTest" finished-at="2022-07-10T15:38:43 IDT" duration-ms="2084" status="PASS">
          <params>
            <param index="0">
              <value>
                <![CDATA[Firefox]]>
              </value>
            </param>
          </params>
          <reporter-output>
          </reporter-output>
        </test-method> <!-- AfterGroup4_ProcessesTest -->
      </class> <!-- Test.Group4_ProcessesTest -->
      <class name="Test.Group3_UsefulnessTest">
        <test-method is-config="true" signature="beforeGroup3_UsefulnessTest(java.lang.String,java.lang.String)[pri:0, instance:Test.Group3_UsefulnessTest@7dcf94f8]" started-at="2022-07-10T15:35:44 IDT" name="beforeGroup3_UsefulnessTest" finished-at="2022-07-10T15:35:51 IDT" duration-ms="7056" status="PASS">
          <params>
            <param index="0">
              <value>
                <![CDATA[Firefox]]>
              </value>
            </param>
            <param index="1">
              <value>
                <![CDATA[https://www.tripadvisor.co.il]]>
              </value>
            </param>
          </params>
          <reporter-output>
          </reporter-output>
        </test-method> <!-- beforeGroup3_UsefulnessTest -->
        <test-method signature="TestCase1(java.lang.String)[pri:1, instance:Test.Group3_UsefulnessTest@7dcf94f8]" started-at="2022-07-10T15:35:51 IDT" name="TestCase1" finished-at="2022-07-10T15:35:52 IDT" duration-ms="377" status="PASS">
          <params>
            <param index="0">
              <value>
                <![CDATA[Firefox]]>
              </value>
            </param>
          </params>
          <reporter-output>
          </reporter-output>
        </test-method> <!-- TestCase1 -->
        <test-method signature="TestCase2(java.lang.String)[pri:2, instance:Test.Group3_UsefulnessTest@7dcf94f8]" started-at="2022-07-10T15:37:16 IDT" name="TestCase2" finished-at="2022-07-10T15:37:16 IDT" duration-ms="235" status="PASS">
          <params>
            <param index="0">
              <value>
                <![CDATA[Firefox]]>
              </value>
            </param>
          </params>
          <reporter-output>
          </reporter-output>
        </test-method> <!-- TestCase2 -->
        <test-method signature="TestCase3(java.lang.String)[pri:3, instance:Test.Group3_UsefulnessTest@7dcf94f8]" started-at="2022-07-10T15:37:19 IDT" name="TestCase3" finished-at="2022-07-10T15:37:19 IDT" duration-ms="241" status="PASS">
          <params>
            <param index="0">
              <value>
                <![CDATA[Firefox]]>
              </value>
            </param>
          </params>
          <reporter-output>
          </reporter-output>
        </test-method> <!-- TestCase3 -->
        <test-method signature="TestCase4(java.lang.String)[pri:4, instance:Test.Group3_UsefulnessTest@7dcf94f8]" started-at="2022-07-10T15:37:55 IDT" name="TestCase4" finished-at="2022-07-10T15:38:21 IDT" duration-ms="25799" status="PASS">
          <params>
            <param index="0">
              <value>
                <![CDATA[Firefox]]>
              </value>
            </param>
          </params>
          <reporter-output>
          </reporter-output>
        </test-method> <!-- TestCase4 -->
        <test-method is-config="true" signature="AfterGroup3_UsefulnessTest(java.lang.String)[pri:0, instance:Test.Group3_UsefulnessTest@7dcf94f8]" started-at="2022-07-10T15:38:21 IDT" name="AfterGroup3_UsefulnessTest" finished-at="2022-07-10T15:38:23 IDT" duration-ms="2106" status="PASS">
          <params>
            <param index="0">
              <value>
                <![CDATA[Firefox]]>
              </value>
            </param>
          </params>
          <reporter-output>
          </reporter-output>
        </test-method> <!-- AfterGroup3_UsefulnessTest -->
      </class> <!-- Test.Group3_UsefulnessTest -->
      <class name="Test.Group7_InternationalityTest">
        <test-method is-config="true" signature="beforeGroup7_InternationalityTest(java.lang.String,java.lang.String)[pri:0, instance:Test.Group7_InternationalityTest@6743e411]" started-at="2022-07-10T15:36:21 IDT" name="beforeGroup7_InternationalityTest" finished-at="2022-07-10T15:36:29 IDT" duration-ms="8159" status="PASS">
          <params>
            <param index="0">
              <value>
                <![CDATA[Firefox]]>
              </value>
            </param>
            <param index="1">
              <value>
                <![CDATA[https://www.tripadvisor.co.il]]>
              </value>
            </param>
          </params>
          <reporter-output>
          </reporter-output>
        </test-method> <!-- beforeGroup7_InternationalityTest -->
        <test-method signature="TestCase1(java.lang.String)[pri:1, instance:Test.Group7_InternationalityTest@6743e411]" started-at="2022-07-10T15:36:29 IDT" name="TestCase1" finished-at="2022-07-10T15:36:29 IDT" duration-ms="258" status="PASS">
          <params>
            <param index="0">
              <value>
                <![CDATA[Firefox]]>
              </value>
            </param>
          </params>
          <reporter-output>
          </reporter-output>
        </test-method> <!-- TestCase1 -->
        <test-method signature="TestCase2(java.lang.String)[pri:2, instance:Test.Group7_InternationalityTest@6743e411]" started-at="2022-07-10T15:37:17 IDT" name="TestCase2" finished-at="2022-07-10T15:37:17 IDT" duration-ms="230" status="PASS">
          <params>
            <param index="0">
              <value>
                <![CDATA[Firefox]]>
              </value>
            </param>
          </params>
          <reporter-output>
          </reporter-output>
        </test-method> <!-- TestCase2 -->
        <test-method signature="TestCase3(java.lang.String)[pri:3, instance:Test.Group7_InternationalityTest@6743e411]" started-at="2022-07-10T15:37:20 IDT" name="TestCase3" finished-at="2022-07-10T15:37:20 IDT" duration-ms="261" status="PASS">
          <params>
            <param index="0">
              <value>
                <![CDATA[Firefox]]>
              </value>
            </param>
          </params>
          <reporter-output>
          </reporter-output>
        </test-method> <!-- TestCase3 -->
        <test-method signature="TestCase4(java.lang.String)[pri:4, instance:Test.Group7_InternationalityTest@6743e411]" started-at="2022-07-10T15:39:04 IDT" name="TestCase4" finished-at="2022-07-10T15:39:07 IDT" duration-ms="3776" status="PASS">
          <params>
            <param index="0">
              <value>
                <![CDATA[Firefox]]>
              </value>
            </param>
          </params>
          <reporter-output>
          </reporter-output>
        </test-method> <!-- TestCase4 -->
        <test-method is-config="true" signature="AfterGroup7_InternationalityTest(java.lang.String)[pri:0, instance:Test.Group7_InternationalityTest@6743e411]" started-at="2022-07-10T15:39:07 IDT" name="AfterGroup7_InternationalityTest" finished-at="2022-07-10T15:39:09 IDT" duration-ms="2073" status="PASS">
          <params>
            <param index="0">
              <value>
                <![CDATA[Firefox]]>
              </value>
            </param>
          </params>
          <reporter-output>
          </reporter-output>
        </test-method> <!-- AfterGroup7_InternationalityTest -->
      </class> <!-- Test.Group7_InternationalityTest -->
      <class name="Test.Group8_SecuringTest">
        <test-method is-config="true" signature="beforeGroup8_SecuringTest(java.lang.String,java.lang.String)[pri:0, instance:Test.Group8_SecuringTest@3eb25e1a]" started-at="2022-07-10T15:36:29 IDT" name="beforeGroup8_SecuringTest" finished-at="2022-07-10T15:36:39 IDT" duration-ms="10026" status="PASS">
          <params>
            <param index="0">
              <value>
                <![CDATA[Firefox]]>
              </value>
            </param>
            <param index="1">
              <value>
                <![CDATA[https://www.tripadvisor.co.il]]>
              </value>
            </param>
          </params>
          <reporter-output>
          </reporter-output>
        </test-method> <!-- beforeGroup8_SecuringTest -->
        <test-method signature="TestCase1(java.lang.String)[pri:1, instance:Test.Group8_SecuringTest@3eb25e1a]" started-at="2022-07-10T15:36:39 IDT" name="TestCase1" finished-at="2022-07-10T15:36:39 IDT" duration-ms="292" status="PASS">
          <params>
            <param index="0">
              <value>
                <![CDATA[Firefox]]>
              </value>
            </param>
          </params>
          <reporter-output>
          </reporter-output>
        </test-method> <!-- TestCase1 -->
        <test-method signature="TestCase2(java.lang.String)[pri:2, instance:Test.Group8_SecuringTest@3eb25e1a]" started-at="2022-07-10T15:37:17 IDT" name="TestCase2" finished-at="2022-07-10T15:37:17 IDT" duration-ms="247" status="PASS">
          <params>
            <param index="0">
              <value>
                <![CDATA[Firefox]]>
              </value>
            </param>
          </params>
          <reporter-output>
          </reporter-output>
        </test-method> <!-- TestCase2 -->
        <test-method signature="TestCase3(java.lang.String)[pri:3, instance:Test.Group8_SecuringTest@3eb25e1a]" started-at="2022-07-10T15:37:20 IDT" name="TestCase3" finished-at="2022-07-10T15:37:21 IDT" duration-ms="322" status="PASS">
          <params>
            <param index="0">
              <value>
                <![CDATA[Firefox]]>
              </value>
            </param>
          </params>
          <reporter-output>
          </reporter-output>
        </test-method> <!-- TestCase3 -->
        <test-method signature="TestCase4(java.lang.String)[pri:4, instance:Test.Group8_SecuringTest@3eb25e1a]" started-at="2022-07-10T15:39:09 IDT" name="TestCase4" finished-at="2022-07-10T15:39:13 IDT" duration-ms="3666" status="PASS">
          <params>
            <param index="0">
              <value>
                <![CDATA[Firefox]]>
              </value>
            </param>
          </params>
          <reporter-output>
          </reporter-output>
        </test-method> <!-- TestCase4 -->
        <test-method is-config="true" signature="AfterGroup8_SecuringTest(java.lang.String)[pri:0, instance:Test.Group8_SecuringTest@3eb25e1a]" started-at="2022-07-10T15:39:13 IDT" name="AfterGroup8_SecuringTest" finished-at="2022-07-10T15:39:15 IDT" duration-ms="2069" status="PASS">
          <params>
            <param index="0">
              <value>
                <![CDATA[Firefox]]>
              </value>
            </param>
          </params>
          <reporter-output>
          </reporter-output>
        </test-method> <!-- AfterGroup8_SecuringTest -->
      </class> <!-- Test.Group8_SecuringTest -->
      <class name="Test.Group5_ConnectivityTest">
        <test-method is-config="true" signature="beforeGroup5_ConnectivityTest(java.lang.String,java.lang.String)[pri:0, instance:Test.Group5_ConnectivityTest@31190526]" started-at="2022-07-10T15:35:59 IDT" name="beforeGroup5_ConnectivityTest" finished-at="2022-07-10T15:36:07 IDT" duration-ms="7904" status="PASS">
          <params>
            <param index="0">
              <value>
                <![CDATA[Firefox]]>
              </value>
            </param>
            <param index="1">
              <value>
                <![CDATA[https://www.tripadvisor.co.il]]>
              </value>
            </param>
          </params>
          <reporter-output>
          </reporter-output>
        </test-method> <!-- beforeGroup5_ConnectivityTest -->
        <test-method signature="TestCase1(java.lang.String)[pri:1, instance:Test.Group5_ConnectivityTest@31190526]" started-at="2022-07-10T15:36:07 IDT" name="TestCase1" finished-at="2022-07-10T15:36:07 IDT" duration-ms="310" status="PASS">
          <params>
            <param index="0">
              <value>
                <![CDATA[Firefox]]>
              </value>
            </param>
          </params>
          <reporter-output>
          </reporter-output>
        </test-method> <!-- TestCase1 -->
        <test-method signature="TestCase2(java.lang.String)[pri:2, instance:Test.Group5_ConnectivityTest@31190526]" started-at="2022-07-10T15:37:16 IDT" name="TestCase2" finished-at="2022-07-10T15:37:17 IDT" duration-ms="273" status="PASS">
          <params>
            <param index="0">
              <value>
                <![CDATA[Firefox]]>
              </value>
            </param>
          </params>
          <reporter-output>
          </reporter-output>
        </test-method> <!-- TestCase2 -->
        <test-method signature="TestCase3(java.lang.String)[pri:3, instance:Test.Group5_ConnectivityTest@31190526]" started-at="2022-07-10T15:37:19 IDT" name="TestCase3" finished-at="2022-07-10T15:37:20 IDT" duration-ms="499" status="PASS">
          <params>
            <param index="0">
              <value>
                <![CDATA[Firefox]]>
              </value>
            </param>
          </params>
          <reporter-output>
          </reporter-output>
        </test-method> <!-- TestCase3 -->
        <test-method signature="TestCase4(java.lang.String)[pri:4, instance:Test.Group5_ConnectivityTest@31190526]" started-at="2022-07-10T15:38:43 IDT" name="TestCase4" finished-at="2022-07-10T15:38:56 IDT" duration-ms="12771" status="PASS">
          <params>
            <param index="0">
              <value>
                <![CDATA[Firefox]]>
              </value>
            </param>
          </params>
          <reporter-output>
          </reporter-output>
        </test-method> <!-- TestCase4 -->
        <test-method is-config="true" signature="AfterGroup5_ConnectivityTest(java.lang.String)[pri:0, instance:Test.Group5_ConnectivityTest@31190526]" started-at="2022-07-10T15:38:56 IDT" name="AfterGroup5_ConnectivityTest" finished-at="2022-07-10T15:38:58 IDT" duration-ms="2107" status="PASS">
          <params>
            <param index="0">
              <value>
                <![CDATA[Firefox]]>
              </value>
            </param>
          </params>
          <reporter-output>
          </reporter-output>
        </test-method> <!-- AfterGroup5_ConnectivityTest -->
      </class> <!-- Test.Group5_ConnectivityTest -->
      <class name="Test.Group2_GUITest">
        <test-method is-config="true" signature="beforeGroup2_GUITest(java.lang.String,java.lang.String)[pri:0, instance:Test.Group2_GUITest@217ed35e]" started-at="2022-07-10T15:34:48 IDT" name="beforeGroup2_GUITest" finished-at="2022-07-10T15:35:37 IDT" duration-ms="48607" status="PASS">
          <params>
            <param index="0">
              <value>
                <![CDATA[Firefox]]>
              </value>
            </param>
            <param index="1">
              <value>
                <![CDATA[https://www.tripadvisor.co.il]]>
              </value>
            </param>
          </params>
          <reporter-output>
          </reporter-output>
        </test-method> <!-- beforeGroup2_GUITest -->
        <test-method signature="TestCase1(java.lang.String)[pri:1, instance:Test.Group2_GUITest@217ed35e]" started-at="2022-07-10T15:35:37 IDT" name="TestCase1" finished-at="2022-07-10T15:35:44 IDT" duration-ms="7688" status="PASS">
          <params>
            <param index="0">
              <value>
                <![CDATA[Firefox]]>
              </value>
            </param>
          </params>
          <reporter-output>
          </reporter-output>
        </test-method> <!-- TestCase1 -->
        <test-method signature="TestCase2(java.lang.String)[pri:2, instance:Test.Group2_GUITest@217ed35e]" started-at="2022-07-10T15:37:16 IDT" name="TestCase2" finished-at="2022-07-10T15:37:16 IDT" duration-ms="210" status="PASS">
          <params>
            <param index="0">
              <value>
                <![CDATA[Firefox]]>
              </value>
            </param>
          </params>
          <reporter-output>
          </reporter-output>
        </test-method> <!-- TestCase2 -->
        <test-method signature="TestCase3(java.lang.String)[pri:3, instance:Test.Group2_GUITest@217ed35e]" started-at="2022-07-10T15:37:18 IDT" name="TestCase3" finished-at="2022-07-10T15:37:19 IDT" duration-ms="269" status="PASS">
          <params>
            <param index="0">
              <value>
                <![CDATA[Firefox]]>
              </value>
            </param>
          </params>
          <reporter-output>
          </reporter-output>
        </test-method> <!-- TestCase3 -->
        <test-method signature="TestCase4(java.lang.String)[pri:4, instance:Test.Group2_GUITest@217ed35e]" started-at="2022-07-10T15:37:26 IDT" name="TestCase4" finished-at="2022-07-10T15:37:53 IDT" duration-ms="26489" status="PASS">
          <params>
            <param index="0">
              <value>
                <![CDATA[Firefox]]>
              </value>
            </param>
          </params>
          <reporter-output>
          </reporter-output>
        </test-method> <!-- TestCase4 -->
        <test-method is-config="true" signature="AfterGroup2_GUITest(java.lang.String)[pri:0, instance:Test.Group2_GUITest@217ed35e]" started-at="2022-07-10T15:37:53 IDT" name="AfterGroup2_GUITest" finished-at="2022-07-10T15:37:55 IDT" duration-ms="2420" status="PASS">
          <params>
            <param index="0">
              <value>
                <![CDATA[Firefox]]>
              </value>
            </param>
          </params>
          <reporter-output>
          </reporter-output>
        </test-method> <!-- AfterGroup2_GUITest -->
      </class> <!-- Test.Group2_GUITest -->
      <class name="Test.Group9_CompatibilityTest">
        <test-method is-config="true" signature="beforeGroup9_CompatibilityTest(java.lang.String,java.lang.String)[pri:0, instance:Test.Group9_CompatibilityTest@477b4cdf]" started-at="2022-07-10T15:36:39 IDT" name="beforeGroup9_CompatibilityTest" finished-at="2022-07-10T15:36:54 IDT" duration-ms="14460" status="PASS">
          <params>
            <param index="0">
              <value>
                <![CDATA[Firefox]]>
              </value>
            </param>
            <param index="1">
              <value>
                <![CDATA[https://www.tripadvisor.co.il]]>
              </value>
            </param>
          </params>
          <reporter-output>
          </reporter-output>
        </test-method> <!-- beforeGroup9_CompatibilityTest -->
        <test-method signature="TestCase1(java.lang.String)[pri:1, instance:Test.Group9_CompatibilityTest@477b4cdf]" started-at="2022-07-10T15:36:54 IDT" name="TestCase1" finished-at="2022-07-10T15:36:56 IDT" duration-ms="1792" status="PASS">
          <params>
            <param index="0">
              <value>
                <![CDATA[Firefox]]>
              </value>
            </param>
          </params>
          <reporter-output>
          </reporter-output>
        </test-method> <!-- TestCase1 -->
        <test-method signature="TestCase2(java.lang.String)[pri:2, instance:Test.Group9_CompatibilityTest@477b4cdf]" started-at="2022-07-10T15:37:17 IDT" name="TestCase2" finished-at="2022-07-10T15:37:18 IDT" duration-ms="248" status="PASS">
          <params>
            <param index="0">
              <value>
                <![CDATA[Firefox]]>
              </value>
            </param>
          </params>
          <reporter-output>
          </reporter-output>
        </test-method> <!-- TestCase2 -->
        <test-method signature="TestCase3(java.lang.String)[pri:3, instance:Test.Group9_CompatibilityTest@477b4cdf]" started-at="2022-07-10T15:37:21 IDT" name="TestCase3" finished-at="2022-07-10T15:37:21 IDT" duration-ms="517" status="PASS">
          <params>
            <param index="0">
              <value>
                <![CDATA[Firefox]]>
              </value>
            </param>
          </params>
          <reporter-output>
          </reporter-output>
        </test-method> <!-- TestCase3 -->
        <test-method signature="TestCase4(java.lang.String)[pri:4, instance:Test.Group9_CompatibilityTest@477b4cdf]" started-at="2022-07-10T15:39:15 IDT" name="TestCase4" finished-at="2022-07-10T15:39:21 IDT" duration-ms="6303" status="PASS">
          <params>
            <param index="0">
              <value>
                <![CDATA[Firefox]]>
              </value>
            </param>
          </params>
          <reporter-output>
          </reporter-output>
        </test-method> <!-- TestCase4 -->
        <test-method is-config="true" signature="AfterGroup9_CompatibilityTest(java.lang.String)[pri:0, instance:Test.Group9_CompatibilityTest@477b4cdf]" started-at="2022-07-10T15:39:21 IDT" name="AfterGroup9_CompatibilityTest" finished-at="2022-07-10T15:39:24 IDT" duration-ms="2062" status="PASS">
          <params>
            <param index="0">
              <value>
                <![CDATA[Firefox]]>
              </value>
            </param>
          </params>
          <reporter-output>
          </reporter-output>
        </test-method> <!-- AfterGroup9_CompatibilityTest -->
      </class> <!-- Test.Group9_CompatibilityTest -->
      <class name="Test.Group11_InterfacesTest">
        <test-method is-config="true" signature="beforeGroup11_InterfacesTest(java.lang.String,java.lang.String)[pri:0, instance:Test.Group11_InterfacesTest@f5958c9]" started-at="2022-07-10T15:37:04 IDT" name="beforeGroup11_InterfacesTest" finished-at="2022-07-10T15:37:15 IDT" duration-ms="10823" status="PASS">
          <params>
            <param index="0">
              <value>
                <![CDATA[Firefox]]>
              </value>
            </param>
            <param index="1">
              <value>
                <![CDATA[https://www.tripadvisor.co.il]]>
              </value>
            </param>
          </params>
          <reporter-output>
          </reporter-output>
        </test-method> <!-- beforeGroup11_InterfacesTest -->
        <test-method signature="TestCase1(java.lang.String)[pri:1, instance:Test.Group11_InterfacesTest@f5958c9]" started-at="2022-07-10T15:37:15 IDT" name="TestCase1" finished-at="2022-07-10T15:37:15 IDT" duration-ms="300" status="PASS">
          <params>
            <param index="0">
              <value>
                <![CDATA[Firefox]]>
              </value>
            </param>
          </params>
          <reporter-output>
          </reporter-output>
        </test-method> <!-- TestCase1 -->
        <test-method signature="TestCase2(java.lang.String)[pri:2, instance:Test.Group11_InterfacesTest@f5958c9]" started-at="2022-07-10T15:37:18 IDT" name="TestCase2" finished-at="2022-07-10T15:37:18 IDT" duration-ms="307" status="PASS">
          <params>
            <param index="0">
              <value>
                <![CDATA[Firefox]]>
              </value>
            </param>
          </params>
          <reporter-output>
          </reporter-output>
        </test-method> <!-- TestCase2 -->
        <test-method signature="TestCase3(java.lang.String)[pri:3, instance:Test.Group11_InterfacesTest@f5958c9]" started-at="2022-07-10T15:37:22 IDT" name="TestCase3" finished-at="2022-07-10T15:37:23 IDT" duration-ms="510" status="PASS">
          <params>
            <param index="0">
              <value>
                <![CDATA[Firefox]]>
              </value>
            </param>
          </params>
          <reporter-output>
          </reporter-output>
        </test-method> <!-- TestCase3 -->
        <test-method signature="TestCase4(java.lang.String)[pri:4, instance:Test.Group11_InterfacesTest@f5958c9]" started-at="2022-07-10T15:39:29 IDT" name="TestCase4" finished-at="2022-07-10T15:39:33 IDT" duration-ms="3851" status="PASS">
          <params>
            <param index="0">
              <value>
                <![CDATA[Firefox]]>
              </value>
            </param>
          </params>
          <reporter-output>
          </reporter-output>
        </test-method> <!-- TestCase4 -->
        <test-method is-config="true" signature="AfterGroup11_InterfacesTest(java.lang.String)[pri:0, instance:Test.Group11_InterfacesTest@f5958c9]" started-at="2022-07-10T15:39:33 IDT" name="AfterGroup11_InterfacesTest" finished-at="2022-07-10T15:39:35 IDT" duration-ms="2052" status="PASS">
          <params>
            <param index="0">
              <value>
                <![CDATA[Firefox]]>
              </value>
            </param>
          </params>
          <reporter-output>
          </reporter-output>
        </test-method> <!-- AfterGroup11_InterfacesTest -->
      </class> <!-- Test.Group11_InterfacesTest -->
      <class name="Test.Group6_RecoveryTest">
        <test-method is-config="true" signature="beforeGroup6_RecoveryTest(java.lang.String,java.lang.String)[pri:0, instance:Test.Group6_RecoveryTest@662ac478]" started-at="2022-07-10T15:36:07 IDT" name="beforeGroup6_RecoveryTest" finished-at="2022-07-10T15:36:20 IDT" duration-ms="13104" status="PASS">
          <params>
            <param index="0">
              <value>
                <![CDATA[Firefox]]>
              </value>
            </param>
            <param index="1">
              <value>
                <![CDATA[https://www.tripadvisor.co.il]]>
              </value>
            </param>
          </params>
          <reporter-output>
          </reporter-output>
        </test-method> <!-- beforeGroup6_RecoveryTest -->
        <test-method signature="TestCase1(java.lang.String)[pri:1, instance:Test.Group6_RecoveryTest@662ac478]" started-at="2022-07-10T15:36:20 IDT" name="TestCase1" finished-at="2022-07-10T15:36:21 IDT" duration-ms="458" status="PASS">
          <params>
            <param index="0">
              <value>
                <![CDATA[Firefox]]>
              </value>
            </param>
          </params>
          <reporter-output>
          </reporter-output>
        </test-method> <!-- TestCase1 -->
        <test-method signature="TestCase2(java.lang.String)[pri:2, instance:Test.Group6_RecoveryTest@662ac478]" started-at="2022-07-10T15:37:17 IDT" name="TestCase2" finished-at="2022-07-10T15:37:17 IDT" duration-ms="240" status="PASS">
          <params>
            <param index="0">
              <value>
                <![CDATA[Firefox]]>
              </value>
            </param>
          </params>
          <reporter-output>
          </reporter-output>
        </test-method> <!-- TestCase2 -->
        <test-method signature="TestCase3(java.lang.String)[pri:3, instance:Test.Group6_RecoveryTest@662ac478]" started-at="2022-07-10T15:37:20 IDT" name="TestCase3" finished-at="2022-07-10T15:37:20 IDT" duration-ms="290" status="PASS">
          <params>
            <param index="0">
              <value>
                <![CDATA[Firefox]]>
              </value>
            </param>
          </params>
          <reporter-output>
          </reporter-output>
        </test-method> <!-- TestCase3 -->
        <test-method signature="TestCase4(java.lang.String)[pri:4, instance:Test.Group6_RecoveryTest@662ac478]" started-at="2022-07-10T15:38:58 IDT" name="TestCase4" finished-at="2022-07-10T15:39:01 IDT" duration-ms="3825" status="PASS">
          <params>
            <param index="0">
              <value>
                <![CDATA[Firefox]]>
              </value>
            </param>
          </params>
          <reporter-output>
          </reporter-output>
        </test-method> <!-- TestCase4 -->
        <test-method is-config="true" signature="AfterGroup6_RecoveryTest(java.lang.String)[pri:0, instance:Test.Group6_RecoveryTest@662ac478]" started-at="2022-07-10T15:39:01 IDT" name="AfterGroup6_RecoveryTest" finished-at="2022-07-10T15:39:04 IDT" duration-ms="2110" status="PASS">
          <params>
            <param index="0">
              <value>
                <![CDATA[Firefox]]>
              </value>
            </param>
          </params>
          <reporter-output>
          </reporter-output>
        </test-method> <!-- AfterGroup6_RecoveryTest -->
      </class> <!-- Test.Group6_RecoveryTest -->
      <class name="Test.Group10_AccessibilityTest">
        <test-method is-config="true" signature="beforeGroup10_AccessibilityTest(java.lang.String,java.lang.String)[pri:0, instance:Test.Group10_AccessibilityTest@77c2494c]" started-at="2022-07-10T15:36:56 IDT" name="beforeGroup10_AccessibilityTest" finished-at="2022-07-10T15:37:04 IDT" duration-ms="8144" status="PASS">
          <params>
            <param index="0">
              <value>
                <![CDATA[Firefox]]>
              </value>
            </param>
            <param index="1">
              <value>
                <![CDATA[https://www.tripadvisor.co.il]]>
              </value>
            </param>
          </params>
          <reporter-output>
          </reporter-output>
        </test-method> <!-- beforeGroup10_AccessibilityTest -->
        <test-method signature="TestCase1(java.lang.String)[pri:1, instance:Test.Group10_AccessibilityTest@77c2494c]" started-at="2022-07-10T15:37:04 IDT" name="TestCase1" finished-at="2022-07-10T15:37:04 IDT" duration-ms="305" status="PASS">
          <params>
            <param index="0">
              <value>
                <![CDATA[Firefox]]>
              </value>
            </param>
          </params>
          <reporter-output>
          </reporter-output>
        </test-method> <!-- TestCase1 -->
        <test-method signature="TestCase2(java.lang.String)[pri:2, instance:Test.Group10_AccessibilityTest@77c2494c]" started-at="2022-07-10T15:37:18 IDT" name="TestCase2" finished-at="2022-07-10T15:37:18 IDT" duration-ms="260" status="PASS">
          <params>
            <param index="0">
              <value>
                <![CDATA[Firefox]]>
              </value>
            </param>
          </params>
          <reporter-output>
          </reporter-output>
        </test-method> <!-- TestCase2 -->
        <test-method signature="TestCase3(java.lang.String)[pri:3, instance:Test.Group10_AccessibilityTest@77c2494c]" started-at="2022-07-10T15:37:21 IDT" name="TestCase3" finished-at="2022-07-10T15:37:22 IDT" duration-ms="1125" status="PASS">
          <params>
            <param index="0">
              <value>
                <![CDATA[Firefox]]>
              </value>
            </param>
          </params>
          <reporter-output>
          </reporter-output>
        </test-method> <!-- TestCase3 -->
        <test-method signature="TestCase4(java.lang.String)[pri:4, instance:Test.Group10_AccessibilityTest@77c2494c]" started-at="2022-07-10T15:39:24 IDT" name="TestCase4" finished-at="2022-07-10T15:39:27 IDT" duration-ms="3815" status="PASS">
          <params>
            <param index="0">
              <value>
                <![CDATA[Firefox]]>
              </value>
            </param>
          </params>
          <reporter-output>
          </reporter-output>
        </test-method> <!-- TestCase4 -->
        <test-method is-config="true" signature="AfterGroup10_AccessibilityTest(java.lang.String)[pri:0, instance:Test.Group10_AccessibilityTest@77c2494c]" started-at="2022-07-10T15:39:27 IDT" name="AfterGroup10_AccessibilityTest" finished-at="2022-07-10T15:39:29 IDT" duration-ms="2050" status="PASS">
          <params>
            <param index="0">
              <value>
                <![CDATA[Firefox]]>
              </value>
            </param>
          </params>
          <reporter-output>
          </reporter-output>
        </test-method> <!-- AfterGroup10_AccessibilityTest -->
      </class> <!-- Test.Group10_AccessibilityTest -->
      <class name="Test.Group1_SanityTest">
        <test-method is-config="true" signature="beforeGroup1_SystemSanityTests(java.lang.String,java.lang.String)[pri:0, instance:Test.Group1_SanityTest@682b2fa]" started-at="2022-07-10T15:34:39 IDT" name="beforeGroup1_SystemSanityTests" finished-at="2022-07-10T15:34:48 IDT" duration-ms="8398" status="PASS">
          <params>
            <param index="0">
              <value>
                <![CDATA[Firefox]]>
              </value>
            </param>
            <param index="1">
              <value>
                <![CDATA[https://www.tripadvisor.co.il]]>
              </value>
            </param>
          </params>
          <reporter-output>
          </reporter-output>
        </test-method> <!-- beforeGroup1_SystemSanityTests -->
        <test-method signature="TestCase1(java.lang.String)[pri:1, instance:Test.Group1_SanityTest@682b2fa]" started-at="2022-07-10T15:34:48 IDT" name="TestCase1" finished-at="2022-07-10T15:34:48 IDT" duration-ms="459" status="PASS">
          <params>
            <param index="0">
              <value>
                <![CDATA[Firefox]]>
              </value>
            </param>
          </params>
          <reporter-output>
          </reporter-output>
        </test-method> <!-- TestCase1 -->
        <test-method signature="TestCase2(java.lang.String)[pri:2, instance:Test.Group1_SanityTest@682b2fa]" started-at="2022-07-10T15:37:15 IDT" name="TestCase2" finished-at="2022-07-10T15:37:16 IDT" depends-on-methods="Test.Group1_SanityTest.TestCase1" duration-ms="274" status="PASS">
          <params>
            <param index="0">
              <value>
                <![CDATA[Firefox]]>
              </value>
            </param>
          </params>
          <reporter-output>
          </reporter-output>
        </test-method> <!-- TestCase2 -->
        <test-method signature="TestCase3(java.lang.String)[pri:3, instance:Test.Group1_SanityTest@682b2fa]" started-at="2022-07-10T15:37:18 IDT" name="TestCase3" finished-at="2022-07-10T15:37:18 IDT" duration-ms="230" status="PASS">
          <params>
            <param index="0">
              <value>
                <![CDATA[Firefox]]>
              </value>
            </param>
          </params>
          <reporter-output>
          </reporter-output>
        </test-method> <!-- TestCase3 -->
        <test-method signature="TestCase4(java.lang.String)[pri:4, instance:Test.Group1_SanityTest@682b2fa]" started-at="2022-07-10T15:37:23 IDT" name="TestCase4" finished-at="2022-07-10T15:37:23 IDT" duration-ms="319" status="PASS">
          <params>
            <param index="0">
              <value>
                <![CDATA[Firefox]]>
              </value>
            </param>
          </params>
          <reporter-output>
          </reporter-output>
        </test-method> <!-- TestCase4 -->
        <test-method is-config="true" signature="AfterGroup1_SystemSanityTests(java.lang.String)[pri:0, instance:Test.Group1_SanityTest@682b2fa]" started-at="2022-07-10T15:37:23 IDT" name="AfterGroup1_SystemSanityTests" finished-at="2022-07-10T15:37:26 IDT" duration-ms="3151" status="PASS">
          <params>
            <param index="0">
              <value>
                <![CDATA[Firefox]]>
              </value>
            </param>
          </params>
          <reporter-output>
          </reporter-output>
        </test-method> <!-- AfterGroup1_SystemSanityTests -->
      </class> <!-- Test.Group1_SanityTest -->
    </test> <!-- FirefoxTest -->
    <test started-at="2022-07-10T15:34:39 IDT" name="chromeTest" finished-at="2022-07-10T15:41:09 IDT" duration-ms="390064">
      <class name="Test.Group4_ProcessesTest">
        <test-method is-config="true" signature="beforeGroup4_ProcessesTest(java.lang.String,java.lang.String)[pri:0, instance:Test.Group4_ProcessesTest@55141def]" started-at="2022-07-10T15:34:56 IDT" name="beforeGroup4_ProcessesTest" finished-at="2022-07-10T15:35:04 IDT" duration-ms="8065" status="PASS">
          <params>
            <param index="0">
              <value>
                <![CDATA[chrome]]>
              </value>
            </param>
            <param index="1">
              <value>
                <![CDATA[https://www.tripadvisor.co.il]]>
              </value>
            </param>
          </params>
          <reporter-output>
          </reporter-output>
        </test-method> <!-- beforeGroup4_ProcessesTest -->
        <test-method signature="TestCase1(java.lang.String)[pri:1, instance:Test.Group4_ProcessesTest@55141def]" started-at="2022-07-10T15:35:04 IDT" name="TestCase1" finished-at="2022-07-10T15:35:05 IDT" duration-ms="670" status="PASS">
          <params>
            <param index="0">
              <value>
                <![CDATA[chrome]]>
              </value>
            </param>
          </params>
          <reporter-output>
          </reporter-output>
        </test-method> <!-- TestCase1 -->
        <test-method signature="TestCase2(java.lang.String)[pri:2, instance:Test.Group4_ProcessesTest@55141def]" started-at="2022-07-10T15:38:59 IDT" name="TestCase2" finished-at="2022-07-10T15:39:03 IDT" duration-ms="4395" status="PASS">
          <params>
            <param index="0">
              <value>
                <![CDATA[chrome]]>
              </value>
            </param>
          </params>
          <reporter-output>
          </reporter-output>
        </test-method> <!-- TestCase2 -->
        <test-method signature="TestCase3(java.lang.String)[pri:3, instance:Test.Group4_ProcessesTest@55141def]" started-at="2022-07-10T15:39:43 IDT" name="TestCase3" finished-at="2022-07-10T15:39:51 IDT" duration-ms="7184" status="PASS">
          <params>
            <param index="0">
              <value>
                <![CDATA[chrome]]>
              </value>
            </param>
          </params>
          <reporter-output>
          </reporter-output>
        </test-method> <!-- TestCase3 -->
        <test-method signature="TestCase4(java.lang.String)[pri:4, instance:Test.Group4_ProcessesTest@55141def]" started-at="2022-07-10T15:40:34 IDT" name="TestCase4" finished-at="2022-07-10T15:40:36 IDT" duration-ms="1916" status="PASS">
          <params>
            <param index="0">
              <value>
                <![CDATA[chrome]]>
              </value>
            </param>
          </params>
          <reporter-output>
          </reporter-output>
        </test-method> <!-- TestCase4 -->
        <test-method is-config="true" signature="AfterGroup4_ProcessesTest(java.lang.String)[pri:0, instance:Test.Group4_ProcessesTest@55141def]" started-at="2022-07-10T15:40:36 IDT" name="AfterGroup4_ProcessesTest" finished-at="2022-07-10T15:40:38 IDT" duration-ms="2051" status="PASS">
          <params>
            <param index="0">
              <value>
                <![CDATA[chrome]]>
              </value>
            </param>
          </params>
          <reporter-output>
          </reporter-output>
        </test-method> <!-- AfterGroup4_ProcessesTest -->
      </class> <!-- Test.Group4_ProcessesTest -->
      <class name="Test.Group3_UsefulnessTest">
        <test-method is-config="true" signature="beforeGroup3_UsefulnessTest(java.lang.String,java.lang.String)[pri:0, instance:Test.Group3_UsefulnessTest@47eaca72]" started-at="2022-07-10T15:34:50 IDT" name="beforeGroup3_UsefulnessTest" finished-at="2022-07-10T15:34:55 IDT" duration-ms="4665" status="PASS">
          <params>
            <param index="0">
              <value>
                <![CDATA[chrome]]>
              </value>
            </param>
            <param index="1">
              <value>
                <![CDATA[https://www.tripadvisor.co.il]]>
              </value>
            </param>
          </params>
          <reporter-output>
          </reporter-output>
        </test-method> <!-- beforeGroup3_UsefulnessTest -->
        <test-method signature="TestCase1(java.lang.String)[pri:1, instance:Test.Group3_UsefulnessTest@47eaca72]" started-at="2022-07-10T15:34:55 IDT" name="TestCase1" finished-at="2022-07-10T15:34:56 IDT" duration-ms="1234" status="PASS">
          <params>
            <param index="0">
              <value>
                <![CDATA[chrome]]>
              </value>
            </param>
          </params>
          <reporter-output>
          </reporter-output>
        </test-method> <!-- TestCase1 -->
        <test-method signature="TestCase2(java.lang.String)[pri:2, instance:Test.Group3_UsefulnessTest@47eaca72]" started-at="2022-07-10T15:38:54 IDT" name="TestCase2" finished-at="2022-07-10T15:38:59 IDT" duration-ms="4456" status="PASS">
          <params>
            <param index="0">
              <value>
                <![CDATA[chrome]]>
              </value>
            </param>
          </params>
          <reporter-output>
          </reporter-output>
        </test-method> <!-- TestCase2 -->
        <test-method signature="TestCase3(java.lang.String)[pri:3, instance:Test.Group3_UsefulnessTest@47eaca72]" started-at="2022-07-10T15:39:40 IDT" name="TestCase3" finished-at="2022-07-10T15:39:43 IDT" duration-ms="2897" status="PASS">
          <params>
            <param index="0">
              <value>
                <![CDATA[chrome]]>
              </value>
            </param>
          </params>
          <reporter-output>
          </reporter-output>
        </test-method> <!-- TestCase3 -->
        <test-method signature="TestCase4(java.lang.String)[pri:4, instance:Test.Group3_UsefulnessTest@47eaca72]" started-at="2022-07-10T15:40:30 IDT" name="TestCase4" finished-at="2022-07-10T15:40:32 IDT" duration-ms="1889" status="PASS">
          <params>
            <param index="0">
              <value>
                <![CDATA[chrome]]>
              </value>
            </param>
          </params>
          <reporter-output>
          </reporter-output>
        </test-method> <!-- TestCase4 -->
        <test-method is-config="true" signature="AfterGroup3_UsefulnessTest(java.lang.String)[pri:0, instance:Test.Group3_UsefulnessTest@47eaca72]" started-at="2022-07-10T15:40:32 IDT" name="AfterGroup3_UsefulnessTest" finished-at="2022-07-10T15:40:34 IDT" duration-ms="2035" status="PASS">
          <params>
            <param index="0">
              <value>
                <![CDATA[chrome]]>
              </value>
            </param>
          </params>
          <reporter-output>
          </reporter-output>
        </test-method> <!-- AfterGroup3_UsefulnessTest -->
      </class> <!-- Test.Group3_UsefulnessTest -->
      <class name="Test.Group7_InternationalityTest">
        <test-method is-config="true" signature="beforeGroup7_InternationalityTest(java.lang.String,java.lang.String)[pri:0, instance:Test.Group7_InternationalityTest@235834f2]" started-at="2022-07-10T15:35:32 IDT" name="beforeGroup7_InternationalityTest" finished-at="2022-07-10T15:35:45 IDT" duration-ms="13483" status="PASS">
          <params>
            <param index="0">
              <value>
                <![CDATA[chrome]]>
              </value>
            </param>
            <param index="1">
              <value>
                <![CDATA[https://www.tripadvisor.co.il]]>
              </value>
            </param>
          </params>
          <reporter-output>
          </reporter-output>
        </test-method> <!-- beforeGroup7_InternationalityTest -->
        <test-method signature="TestCase1(java.lang.String)[pri:1, instance:Test.Group7_InternationalityTest@235834f2]" started-at="2022-07-10T15:35:45 IDT" name="TestCase1" finished-at="2022-07-10T15:36:08 IDT" duration-ms="22753" status="PASS">
          <params>
            <param index="0">
              <value>
                <![CDATA[chrome]]>
              </value>
            </param>
          </params>
          <reporter-output>
          </reporter-output>
        </test-method> <!-- TestCase1 -->
        <test-method signature="TestCase2(java.lang.String)[pri:2, instance:Test.Group7_InternationalityTest@235834f2]" started-at="2022-07-10T15:39:10 IDT" name="TestCase2" finished-at="2022-07-10T15:39:16 IDT" duration-ms="5637" status="PASS">
          <params>
            <param index="0">
              <value>
                <![CDATA[chrome]]>
              </value>
            </param>
          </params>
          <reporter-output>
          </reporter-output>
        </test-method> <!-- TestCase2 -->
        <test-method signature="TestCase3(java.lang.String)[pri:3, instance:Test.Group7_InternationalityTest@235834f2]" started-at="2022-07-10T15:39:59 IDT" name="TestCase3" finished-at="2022-07-10T15:40:03 IDT" duration-ms="3815" status="PASS">
          <params>
            <param index="0">
              <value>
                <![CDATA[chrome]]>
              </value>
            </param>
          </params>
          <reporter-output>
          </reporter-output>
        </test-method> <!-- TestCase3 -->
        <test-method signature="TestCase4(java.lang.String)[pri:4, instance:Test.Group7_InternationalityTest@235834f2]" started-at="2022-07-10T15:40:46 IDT" name="TestCase4" finished-at="2022-07-10T15:40:51 IDT" duration-ms="4663" status="PASS">
          <params>
            <param index="0">
              <value>
                <![CDATA[chrome]]>
              </value>
            </param>
          </params>
          <reporter-output>
          </reporter-output>
        </test-method> <!-- TestCase4 -->
        <test-method is-config="true" signature="AfterGroup7_InternationalityTest(java.lang.String)[pri:0, instance:Test.Group7_InternationalityTest@235834f2]" started-at="2022-07-10T15:40:51 IDT" name="AfterGroup7_InternationalityTest" finished-at="2022-07-10T15:40:53 IDT" duration-ms="2019" status="PASS">
          <params>
            <param index="0">
              <value>
                <![CDATA[chrome]]>
              </value>
            </param>
          </params>
          <reporter-output>
          </reporter-output>
        </test-method> <!-- AfterGroup7_InternationalityTest -->
      </class> <!-- Test.Group7_InternationalityTest -->
      <class name="Test.Group8_SecuringTest">
        <test-method is-config="true" signature="beforeGroup8_SecuringTest(java.lang.String,java.lang.String)[pri:0, instance:Test.Group8_SecuringTest@5656be13]" started-at="2022-07-10T15:36:08 IDT" name="beforeGroup8_SecuringTest" finished-at="2022-07-10T15:36:15 IDT" duration-ms="7724" status="PASS">
          <params>
            <param index="0">
              <value>
                <![CDATA[chrome]]>
              </value>
            </param>
            <param index="1">
              <value>
                <![CDATA[https://www.tripadvisor.co.il]]>
              </value>
            </param>
          </params>
          <reporter-output>
          </reporter-output>
        </test-method> <!-- beforeGroup8_SecuringTest -->
        <test-method signature="TestCase1(java.lang.String)[pri:1, instance:Test.Group8_SecuringTest@5656be13]" started-at="2022-07-10T15:36:15 IDT" name="TestCase1" finished-at="2022-07-10T15:36:42 IDT" duration-ms="26368" status="PASS">
          <params>
            <param index="0">
              <value>
                <![CDATA[chrome]]>
              </value>
            </param>
          </params>
          <reporter-output>
          </reporter-output>
        </test-method> <!-- TestCase1 -->
        <test-method signature="TestCase2(java.lang.String)[pri:2, instance:Test.Group8_SecuringTest@5656be13]" started-at="2022-07-10T15:39:16 IDT" name="TestCase2" finished-at="2022-07-10T15:39:23 IDT" duration-ms="7103" status="PASS">
          <params>
            <param index="0">
              <value>
                <![CDATA[chrome]]>
              </value>
            </param>
          </params>
          <reporter-output>
          </reporter-output>
        </test-method> <!-- TestCase2 -->
        <test-method signature="TestCase3(java.lang.String)[pri:3, instance:Test.Group8_SecuringTest@5656be13]" started-at="2022-07-10T15:40:03 IDT" name="TestCase3" finished-at="2022-07-10T15:40:07 IDT" duration-ms="3850" status="PASS">
          <params>
            <param index="0">
              <value>
                <![CDATA[chrome]]>
              </value>
            </param>
          </params>
          <reporter-output>
          </reporter-output>
        </test-method> <!-- TestCase3 -->
        <test-method signature="TestCase4(java.lang.String)[pri:4, instance:Test.Group8_SecuringTest@5656be13]" started-at="2022-07-10T15:40:53 IDT" name="TestCase4" finished-at="2022-07-10T15:40:55 IDT" duration-ms="1984" status="PASS">
          <params>
            <param index="0">
              <value>
                <![CDATA[chrome]]>
              </value>
            </param>
          </params>
          <reporter-output>
          </reporter-output>
        </test-method> <!-- TestCase4 -->
        <test-method is-config="true" signature="AfterGroup8_SecuringTest(java.lang.String)[pri:0, instance:Test.Group8_SecuringTest@5656be13]" started-at="2022-07-10T15:40:55 IDT" name="AfterGroup8_SecuringTest" finished-at="2022-07-10T15:40:57 IDT" duration-ms="2050" status="PASS">
          <params>
            <param index="0">
              <value>
                <![CDATA[chrome]]>
              </value>
            </param>
          </params>
          <reporter-output>
          </reporter-output>
        </test-method> <!-- AfterGroup8_SecuringTest -->
      </class> <!-- Test.Group8_SecuringTest -->
      <class name="Test.Group5_ConnectivityTest">
        <test-method is-config="true" signature="beforeGroup5_ConnectivityTest(java.lang.String,java.lang.String)[pri:0, instance:Test.Group5_ConnectivityTest@55182842]" started-at="2022-07-10T15:35:05 IDT" name="beforeGroup5_ConnectivityTest" finished-at="2022-07-10T15:35:15 IDT" duration-ms="10510" status="PASS">
          <params>
            <param index="0">
              <value>
                <![CDATA[chrome]]>
              </value>
            </param>
            <param index="1">
              <value>
                <![CDATA[https://www.tripadvisor.co.il]]>
              </value>
            </param>
          </params>
          <reporter-output>
          </reporter-output>
        </test-method> <!-- beforeGroup5_ConnectivityTest -->
        <test-method signature="TestCase1(java.lang.String)[pri:1, instance:Test.Group5_ConnectivityTest@55182842]" started-at="2022-07-10T15:35:15 IDT" name="TestCase1" finished-at="2022-07-10T15:35:16 IDT" duration-ms="935" status="PASS">
          <params>
            <param index="0">
              <value>
                <![CDATA[chrome]]>
              </value>
            </param>
          </params>
          <reporter-output>
          </reporter-output>
        </test-method> <!-- TestCase1 -->
        <test-method signature="TestCase2(java.lang.String)[pri:2, instance:Test.Group5_ConnectivityTest@55182842]" started-at="2022-07-10T15:39:03 IDT" name="TestCase2" finished-at="2022-07-10T15:39:06 IDT" duration-ms="3021" status="PASS">
          <params>
            <param index="0">
              <value>
                <![CDATA[chrome]]>
              </value>
            </param>
          </params>
          <reporter-output>
          </reporter-output>
        </test-method> <!-- TestCase2 -->
        <test-method signature="TestCase3(java.lang.String)[pri:3, instance:Test.Group5_ConnectivityTest@55182842]" started-at="2022-07-10T15:39:51 IDT" name="TestCase3" finished-at="2022-07-10T15:39:56 IDT" duration-ms="5093" status="PASS">
          <params>
            <param index="0">
              <value>
                <![CDATA[chrome]]>
              </value>
            </param>
          </params>
          <reporter-output>
          </reporter-output>
        </test-method> <!-- TestCase3 -->
        <test-method signature="TestCase4(java.lang.String)[pri:4, instance:Test.Group5_ConnectivityTest@55182842]" started-at="2022-07-10T15:40:38 IDT" name="TestCase4" finished-at="2022-07-10T15:40:40 IDT" duration-ms="1941" status="PASS">
          <params>
            <param index="0">
              <value>
                <![CDATA[chrome]]>
              </value>
            </param>
          </params>
          <reporter-output>
          </reporter-output>
        </test-method> <!-- TestCase4 -->
        <test-method is-config="true" signature="AfterGroup5_ConnectivityTest(java.lang.String)[pri:0, instance:Test.Group5_ConnectivityTest@55182842]" started-at="2022-07-10T15:40:40 IDT" name="AfterGroup5_ConnectivityTest" finished-at="2022-07-10T15:40:42 IDT" duration-ms="2013" status="PASS">
          <params>
            <param index="0">
              <value>
                <![CDATA[chrome]]>
              </value>
            </param>
          </params>
          <reporter-output>
          </reporter-output>
        </test-method> <!-- AfterGroup5_ConnectivityTest -->
      </class> <!-- Test.Group5_ConnectivityTest -->
      <class name="Test.Group2_GUITest">
        <test-method is-config="true" signature="beforeGroup2_GUITest(java.lang.String,java.lang.String)[pri:0, instance:Test.Group2_GUITest@1aafa419]" started-at="2022-07-10T15:34:46 IDT" name="beforeGroup2_GUITest" finished-at="2022-07-10T15:34:49 IDT" duration-ms="3334" status="PASS">
          <params>
            <param index="0">
              <value>
                <![CDATA[chrome]]>
              </value>
            </param>
            <param index="1">
              <value>
                <![CDATA[https://www.tripadvisor.co.il]]>
              </value>
            </param>
          </params>
          <reporter-output>
          </reporter-output>
        </test-method> <!-- beforeGroup2_GUITest -->
        <test-method signature="TestCase1(java.lang.String)[pri:1, instance:Test.Group2_GUITest@1aafa419]" started-at="2022-07-10T15:34:49 IDT" name="TestCase1" finished-at="2022-07-10T15:34:50 IDT" duration-ms="794" status="PASS">
          <params>
            <param index="0">
              <value>
                <![CDATA[chrome]]>
              </value>
            </param>
          </params>
          <reporter-output>
          </reporter-output>
        </test-method> <!-- TestCase1 -->
        <test-method signature="TestCase2(java.lang.String)[pri:2, instance:Test.Group2_GUITest@1aafa419]" started-at="2022-07-10T15:38:33 IDT" name="TestCase2" finished-at="2022-07-10T15:38:54 IDT" duration-ms="20722" status="PASS">
          <params>
            <param index="0">
              <value>
                <![CDATA[chrome]]>
              </value>
            </param>
          </params>
          <reporter-output>
          </reporter-output>
        </test-method> <!-- TestCase2 -->
        <test-method signature="TestCase3(java.lang.String)[pri:3, instance:Test.Group2_GUITest@1aafa419]" started-at="2022-07-10T15:39:38 IDT" name="TestCase3" finished-at="2022-07-10T15:39:40 IDT" duration-ms="2852" status="PASS">
          <params>
            <param index="0">
              <value>
                <![CDATA[chrome]]>
              </value>
            </param>
          </params>
          <reporter-output>
          </reporter-output>
        </test-method> <!-- TestCase3 -->
        <test-method signature="TestCase4(java.lang.String)[pri:4, instance:Test.Group2_GUITest@1aafa419]" started-at="2022-07-10T15:40:26 IDT" name="TestCase4" finished-at="2022-07-10T15:40:28 IDT" duration-ms="2018" status="PASS">
          <params>
            <param index="0">
              <value>
                <![CDATA[chrome]]>
              </value>
            </param>
          </params>
          <reporter-output>
          </reporter-output>
        </test-method> <!-- TestCase4 -->
        <test-method is-config="true" signature="AfterGroup2_GUITest(java.lang.String)[pri:0, instance:Test.Group2_GUITest@1aafa419]" started-at="2022-07-10T15:40:28 IDT" name="AfterGroup2_GUITest" finished-at="2022-07-10T15:40:30 IDT" duration-ms="2027" status="PASS">
          <params>
            <param index="0">
              <value>
                <![CDATA[chrome]]>
              </value>
            </param>
          </params>
          <reporter-output>
          </reporter-output>
        </test-method> <!-- AfterGroup2_GUITest -->
      </class> <!-- Test.Group2_GUITest -->
      <class name="Test.Group9_CompatibilityTest">
        <test-method is-config="true" signature="beforeGroup9_CompatibilityTest(java.lang.String,java.lang.String)[pri:0, instance:Test.Group9_CompatibilityTest@4218d6a3]" started-at="2022-07-10T15:36:42 IDT" name="beforeGroup9_CompatibilityTest" finished-at="2022-07-10T15:36:50 IDT" duration-ms="7971" status="PASS">
          <params>
            <param index="0">
              <value>
                <![CDATA[chrome]]>
              </value>
            </param>
            <param index="1">
              <value>
                <![CDATA[https://www.tripadvisor.co.il]]>
              </value>
            </param>
          </params>
          <reporter-output>
          </reporter-output>
        </test-method> <!-- beforeGroup9_CompatibilityTest -->
        <test-method signature="TestCase1(java.lang.String)[pri:1, instance:Test.Group9_CompatibilityTest@4218d6a3]" started-at="2022-07-10T15:36:50 IDT" name="TestCase1" finished-at="2022-07-10T15:37:17 IDT" duration-ms="27679" status="PASS">
          <params>
            <param index="0">
              <value>
                <![CDATA[chrome]]>
              </value>
            </param>
          </params>
          <reporter-output>
          </reporter-output>
        </test-method> <!-- TestCase1 -->
        <test-method signature="TestCase2(java.lang.String)[pri:2, instance:Test.Group9_CompatibilityTest@4218d6a3]" started-at="2022-07-10T15:39:23 IDT" name="TestCase2" finished-at="2022-07-10T15:39:26 IDT" duration-ms="2916" status="PASS">
          <params>
            <param index="0">
              <value>
                <![CDATA[chrome]]>
              </value>
            </param>
          </params>
          <reporter-output>
          </reporter-output>
        </test-method> <!-- TestCase2 -->
        <test-method signature="TestCase3(java.lang.String)[pri:3, instance:Test.Group9_CompatibilityTest@4218d6a3]" started-at="2022-07-10T15:40:07 IDT" name="TestCase3" finished-at="2022-07-10T15:40:10 IDT" duration-ms="3748" status="PASS">
          <params>
            <param index="0">
              <value>
                <![CDATA[chrome]]>
              </value>
            </param>
          </params>
          <reporter-output>
          </reporter-output>
        </test-method> <!-- TestCase3 -->
        <test-method signature="TestCase4(java.lang.String)[pri:4, instance:Test.Group9_CompatibilityTest@4218d6a3]" started-at="2022-07-10T15:40:57 IDT" name="TestCase4" finished-at="2022-07-10T15:40:59 IDT" duration-ms="2061" status="PASS">
          <params>
            <param index="0">
              <value>
                <![CDATA[chrome]]>
              </value>
            </param>
          </params>
          <reporter-output>
          </reporter-output>
        </test-method> <!-- TestCase4 -->
        <test-method is-config="true" signature="AfterGroup9_CompatibilityTest(java.lang.String)[pri:0, instance:Test.Group9_CompatibilityTest@4218d6a3]" started-at="2022-07-10T15:40:59 IDT" name="AfterGroup9_CompatibilityTest" finished-at="2022-07-10T15:41:01 IDT" duration-ms="2022" status="PASS">
          <params>
            <param index="0">
              <value>
                <![CDATA[chrome]]>
              </value>
            </param>
          </params>
          <reporter-output>
          </reporter-output>
        </test-method> <!-- AfterGroup9_CompatibilityTest -->
      </class> <!-- Test.Group9_CompatibilityTest -->
      <class name="Test.Group11_InterfacesTest">
        <test-method is-config="true" signature="beforeGroup11_InterfacesTest(java.lang.String,java.lang.String)[pri:0, instance:Test.Group11_InterfacesTest@14cd1699]" started-at="2022-07-10T15:37:48 IDT" name="beforeGroup11_InterfacesTest" finished-at="2022-07-10T15:37:54 IDT" duration-ms="6269" status="PASS">
          <params>
            <param index="0">
              <value>
                <![CDATA[chrome]]>
              </value>
            </param>
            <param index="1">
              <value>
                <![CDATA[https://www.tripadvisor.co.il]]>
              </value>
            </param>
          </params>
          <reporter-output>
          </reporter-output>
        </test-method> <!-- beforeGroup11_InterfacesTest -->
        <test-method signature="TestCase1(java.lang.String)[pri:1, instance:Test.Group11_InterfacesTest@14cd1699]" started-at="2022-07-10T15:37:54 IDT" name="TestCase1" finished-at="2022-07-10T15:38:17 IDT" duration-ms="23034" status="PASS">
          <params>
            <param index="0">
              <value>
                <![CDATA[chrome]]>
              </value>
            </param>
          </params>
          <reporter-output>
          </reporter-output>
        </test-method> <!-- TestCase1 -->
        <test-method signature="TestCase2(java.lang.String)[pri:2, instance:Test.Group11_InterfacesTest@14cd1699]" started-at="2022-07-10T15:39:30 IDT" name="TestCase2" finished-at="2022-07-10T15:39:35 IDT" duration-ms="4398" status="PASS">
          <params>
            <param index="0">
              <value>
                <![CDATA[chrome]]>
              </value>
            </param>
          </params>
          <reporter-output>
          </reporter-output>
        </test-method> <!-- TestCase2 -->
        <test-method signature="TestCase3(java.lang.String)[pri:3, instance:Test.Group11_InterfacesTest@14cd1699]" started-at="2022-07-10T15:40:14 IDT" name="TestCase3" finished-at="2022-07-10T15:40:21 IDT" duration-ms="6829" status="PASS">
          <params>
            <param index="0">
              <value>
                <![CDATA[chrome]]>
              </value>
            </param>
          </params>
          <reporter-output>
          </reporter-output>
        </test-method> <!-- TestCase3 -->
        <test-method signature="TestCase4(java.lang.String)[pri:4, instance:Test.Group11_InterfacesTest@14cd1699]" started-at="2022-07-10T15:41:05 IDT" name="TestCase4" finished-at="2022-07-10T15:41:07 IDT" duration-ms="2006" status="PASS">
          <params>
            <param index="0">
              <value>
                <![CDATA[chrome]]>
              </value>
            </param>
          </params>
          <reporter-output>
          </reporter-output>
        </test-method> <!-- TestCase4 -->
        <test-method is-config="true" signature="AfterGroup11_InterfacesTest(java.lang.String)[pri:0, instance:Test.Group11_InterfacesTest@14cd1699]" started-at="2022-07-10T15:41:07 IDT" name="AfterGroup11_InterfacesTest" finished-at="2022-07-10T15:41:09 IDT" duration-ms="2044" status="PASS">
          <params>
            <param index="0">
              <value>
                <![CDATA[chrome]]>
              </value>
            </param>
          </params>
          <reporter-output>
          </reporter-output>
        </test-method> <!-- AfterGroup11_InterfacesTest -->
      </class> <!-- Test.Group11_InterfacesTest -->
      <class name="Test.Group10_AccessibilityTest">
        <test-method is-config="true" signature="beforeGroup10_AccessibilityTest(java.lang.String,java.lang.String)[pri:0, instance:Test.Group10_AccessibilityTest@76505305]" started-at="2022-07-10T15:37:17 IDT" name="beforeGroup10_AccessibilityTest" finished-at="2022-07-10T15:37:25 IDT" duration-ms="7569" status="PASS">
          <params>
            <param index="0">
              <value>
                <![CDATA[chrome]]>
              </value>
            </param>
            <param index="1">
              <value>
                <![CDATA[https://www.tripadvisor.co.il]]>
              </value>
            </param>
          </params>
          <reporter-output>
          </reporter-output>
        </test-method> <!-- beforeGroup10_AccessibilityTest -->
        <test-method signature="TestCase1(java.lang.String)[pri:1, instance:Test.Group10_AccessibilityTest@76505305]" started-at="2022-07-10T15:37:25 IDT" name="TestCase1" finished-at="2022-07-10T15:37:48 IDT" duration-ms="22850" status="PASS">
          <params>
            <param index="0">
              <value>
                <![CDATA[chrome]]>
              </value>
            </param>
          </params>
          <reporter-output>
          </reporter-output>
        </test-method> <!-- TestCase1 -->
        <test-method signature="TestCase2(java.lang.String)[pri:2, instance:Test.Group10_AccessibilityTest@76505305]" started-at="2022-07-10T15:39:26 IDT" name="TestCase2" finished-at="2022-07-10T15:39:30 IDT" duration-ms="4421" status="PASS">
          <params>
            <param index="0">
              <value>
                <![CDATA[chrome]]>
              </value>
            </param>
          </params>
          <reporter-output>
          </reporter-output>
        </test-method> <!-- TestCase2 -->
        <test-method signature="TestCase3(java.lang.String)[pri:3, instance:Test.Group10_AccessibilityTest@76505305]" started-at="2022-07-10T15:40:10 IDT" name="TestCase3" finished-at="2022-07-10T15:40:14 IDT" duration-ms="3790" status="PASS">
          <params>
            <param index="0">
              <value>
                <![CDATA[chrome]]>
              </value>
            </param>
          </params>
          <reporter-output>
          </reporter-output>
        </test-method> <!-- TestCase3 -->
        <test-method signature="TestCase4(java.lang.String)[pri:4, instance:Test.Group10_AccessibilityTest@76505305]" started-at="2022-07-10T15:41:01 IDT" name="TestCase4" finished-at="2022-07-10T15:41:03 IDT" duration-ms="1964" status="PASS">
          <params>
            <param index="0">
              <value>
                <![CDATA[chrome]]>
              </value>
            </param>
          </params>
          <reporter-output>
          </reporter-output>
        </test-method> <!-- TestCase4 -->
        <test-method is-config="true" signature="AfterGroup10_AccessibilityTest(java.lang.String)[pri:0, instance:Test.Group10_AccessibilityTest@76505305]" started-at="2022-07-10T15:41:03 IDT" name="AfterGroup10_AccessibilityTest" finished-at="2022-07-10T15:41:05 IDT" duration-ms="2029" status="PASS">
          <params>
            <param index="0">
              <value>
                <![CDATA[chrome]]>
              </value>
            </param>
          </params>
          <reporter-output>
          </reporter-output>
        </test-method> <!-- AfterGroup10_AccessibilityTest -->
      </class> <!-- Test.Group10_AccessibilityTest -->
      <class name="Test.Group6_RecoveryTest">
        <test-method is-config="true" signature="beforeGroup6_RecoveryTest(java.lang.String,java.lang.String)[pri:0, instance:Test.Group6_RecoveryTest@3270d194]" started-at="2022-07-10T15:35:16 IDT" name="beforeGroup6_RecoveryTest" finished-at="2022-07-10T15:35:22 IDT" duration-ms="5545" status="PASS">
          <params>
            <param index="0">
              <value>
                <![CDATA[chrome]]>
              </value>
            </param>
            <param index="1">
              <value>
                <![CDATA[https://www.tripadvisor.co.il]]>
              </value>
            </param>
          </params>
          <reporter-output>
          </reporter-output>
        </test-method> <!-- beforeGroup6_RecoveryTest -->
        <test-method signature="TestCase1(java.lang.String)[pri:1, instance:Test.Group6_RecoveryTest@3270d194]" started-at="2022-07-10T15:35:22 IDT" name="TestCase1" finished-at="2022-07-10T15:35:32 IDT" duration-ms="9799" status="PASS">
          <params>
            <param index="0">
              <value>
                <![CDATA[chrome]]>
              </value>
            </param>
          </params>
          <reporter-output>
          </reporter-output>
        </test-method> <!-- TestCase1 -->
        <test-method signature="TestCase2(java.lang.String)[pri:2, instance:Test.Group6_RecoveryTest@3270d194]" started-at="2022-07-10T15:39:06 IDT" name="TestCase2" finished-at="2022-07-10T15:39:10 IDT" duration-ms="4314" status="PASS">
          <params>
            <param index="0">
              <value>
                <![CDATA[chrome]]>
              </value>
            </param>
          </params>
          <reporter-output>
          </reporter-output>
        </test-method> <!-- TestCase2 -->
        <test-method signature="TestCase3(java.lang.String)[pri:3, instance:Test.Group6_RecoveryTest@3270d194]" started-at="2022-07-10T15:39:56 IDT" name="TestCase3" finished-at="2022-07-10T15:39:59 IDT" duration-ms="3240" status="PASS">
          <params>
            <param index="0">
              <value>
                <![CDATA[chrome]]>
              </value>
            </param>
          </params>
          <reporter-output>
          </reporter-output>
        </test-method> <!-- TestCase3 -->
        <test-method signature="TestCase4(java.lang.String)[pri:4, instance:Test.Group6_RecoveryTest@3270d194]" started-at="2022-07-10T15:40:42 IDT" name="TestCase4" finished-at="2022-07-10T15:40:44 IDT" duration-ms="2031" status="PASS">
          <params>
            <param index="0">
              <value>
                <![CDATA[chrome]]>
              </value>
            </param>
          </params>
          <reporter-output>
          </reporter-output>
        </test-method> <!-- TestCase4 -->
        <test-method is-config="true" signature="AfterGroup6_RecoveryTest(java.lang.String)[pri:0, instance:Test.Group6_RecoveryTest@3270d194]" started-at="2022-07-10T15:40:44 IDT" name="AfterGroup6_RecoveryTest" finished-at="2022-07-10T15:40:46 IDT" duration-ms="2034" status="PASS">
          <params>
            <param index="0">
              <value>
                <![CDATA[chrome]]>
              </value>
            </param>
          </params>
          <reporter-output>
          </reporter-output>
        </test-method> <!-- AfterGroup6_RecoveryTest -->
      </class> <!-- Test.Group6_RecoveryTest -->
      <class name="Test.Group1_SanityTest">
        <test-method is-config="true" signature="beforeGroup1_SystemSanityTests(java.lang.String,java.lang.String)[pri:0, instance:Test.Group1_SanityTest@459e9125]" started-at="2022-07-10T15:34:39 IDT" name="beforeGroup1_SystemSanityTests" finished-at="2022-07-10T15:34:45 IDT" duration-ms="5907" status="PASS">
          <params>
            <param index="0">
              <value>
                <![CDATA[chrome]]>
              </value>
            </param>
            <param index="1">
              <value>
                <![CDATA[https://www.tripadvisor.co.il]]>
              </value>
            </param>
          </params>
          <reporter-output>
          </reporter-output>
        </test-method> <!-- beforeGroup1_SystemSanityTests -->
        <test-method signature="TestCase1(java.lang.String)[pri:1, instance:Test.Group1_SanityTest@459e9125]" started-at="2022-07-10T15:34:45 IDT" name="TestCase1" finished-at="2022-07-10T15:34:46 IDT" duration-ms="892" status="PASS">
          <params>
            <param index="0">
              <value>
                <![CDATA[chrome]]>
              </value>
            </param>
          </params>
          <reporter-output>
          </reporter-output>
        </test-method> <!-- TestCase1 -->
        <test-method signature="TestCase2(java.lang.String)[pri:2, instance:Test.Group1_SanityTest@459e9125]" started-at="2022-07-10T15:38:17 IDT" name="TestCase2" finished-at="2022-07-10T15:38:33 IDT" depends-on-methods="Test.Group1_SanityTest.TestCase1" duration-ms="16110" status="PASS">
          <params>
            <param index="0">
              <value>
                <![CDATA[chrome]]>
              </value>
            </param>
          </params>
          <reporter-output>
          </reporter-output>
        </test-method> <!-- TestCase2 -->
        <test-method signature="TestCase3(java.lang.String)[pri:3, instance:Test.Group1_SanityTest@459e9125]" started-at="2022-07-10T15:39:35 IDT" name="TestCase3" finished-at="2022-07-10T15:39:38 IDT" duration-ms="2867" status="PASS">
          <params>
            <param index="0">
              <value>
                <![CDATA[chrome]]>
              </value>
            </param>
          </params>
          <reporter-output>
          </reporter-output>
        </test-method> <!-- TestCase3 -->
        <test-method signature="TestCase4(java.lang.String)[pri:4, instance:Test.Group1_SanityTest@459e9125]" started-at="2022-07-10T15:40:21 IDT" name="TestCase4" finished-at="2022-07-10T15:40:24 IDT" duration-ms="3366" status="PASS">
          <params>
            <param index="0">
              <value>
                <![CDATA[chrome]]>
              </value>
            </param>
          </params>
          <reporter-output>
          </reporter-output>
        </test-method> <!-- TestCase4 -->
        <test-method is-config="true" signature="AfterGroup1_SystemSanityTests(java.lang.String)[pri:0, instance:Test.Group1_SanityTest@459e9125]" started-at="2022-07-10T15:40:24 IDT" name="AfterGroup1_SystemSanityTests" finished-at="2022-07-10T15:40:26 IDT" duration-ms="2040" status="PASS">
          <params>
            <param index="0">
              <value>
                <![CDATA[chrome]]>
              </value>
            </param>
          </params>
          <reporter-output>
          </reporter-output>
        </test-method> <!-- AfterGroup1_SystemSanityTests -->
      </class> <!-- Test.Group1_SanityTest -->
    </test> <!-- chromeTest -->
    <test started-at="2022-07-10T15:34:39 IDT" name="EdgeTest" finished-at="2022-07-10T15:41:11 IDT" duration-ms="392143">
      <class name="Test.Group4_ProcessesTest">
[...]
        </test-method> <!-- TestCase1 -->
        <test-method signature="TestCase2(java.lang.String)[pri:2, instance:Test.Group2_GUITest@5542c4ed]" started-at="2022-07-10T15:38:47 IDT" name="TestCase2" finished-at="2022-07-10T15:38:57 IDT" duration-ms="9584" status="PASS">
          <params>
            <param index="0">
              <value>
                <![CDATA[Edge]]>
              </value>
            </param>
          </params>
          <reporter-output>
          </reporter-output>
        </test-method> <!-- TestCase2 -->
        <test-method signature="TestCase3(java.lang.String)[pri:3, instance:Test.Group2_GUITest@5542c4ed]" started-at="2022-07-10T15:39:39 IDT" name="TestCase3" finished-at="2022-07-10T15:39:42 IDT" duration-ms="2909" status="PASS">
          <params>
            <param index="0">
              <value>
                <![CDATA[Edge]]>
              </value>
            </param>
          </params>
          <reporter-output>
          </reporter-output>
        </test-method> <!-- TestCase3 -->
        <test-method signature="TestCase4(java.lang.String)[pri:4, instance:Test.Group2_GUITest@5542c4ed]" started-at="2022-07-10T15:40:28 IDT" name="TestCase4" finished-at="2022-07-10T15:40:30 IDT" duration-ms="2482" status="PASS">
          <params>
            <param index="0">
              <value>
                <![CDATA[Edge]]>
              </value>
            </param>
          </params>
          <reporter-output>
          </reporter-output>
        </test-method> <!-- TestCase4 -->
        <test-method is-config="true" signature="AfterGroup2_GUITest(java.lang.String)[pri:0, instance:Test.Group2_GUITest@5542c4ed]" started-at="2022-07-10T15:40:30 IDT" name="AfterGroup2_GUITest" finished-at="2022-07-10T15:40:32 IDT" duration-ms="2065" status="PASS">
          <params>
            <param index="0">
              <value>
                <![CDATA[Edge]]>
              </value>
            </param>
          </params>
          <reporter-output>
          </reporter-output>
        </test-method> <!-- AfterGroup2_GUITest -->
      </class> <!-- Test.Group2_GUITest -->
      <class name="Test.Group9_CompatibilityTest">
        <test-method is-config="true" signature="beforeGroup9_CompatibilityTest(java.lang.String,java.lang.String)[pri:0, instance:Test.Group9_CompatibilityTest@2f4948e4]" started-at="2022-07-10T15:37:18 IDT" name="beforeGroup9_CompatibilityTest" finished-at="2022-07-10T15:37:27 IDT" duration-ms="8685" status="PASS">
          <params>
            <param index="0">
              <value>
                <![CDATA[Edge]]>
              </value>
            </param>
            <param index="1">
              <value>
                <![CDATA[https://www.tripadvisor.co.il]]>
              </value>
            </param>
          </params>
          <reporter-output>
          </reporter-output>
        </test-method> <!-- beforeGroup9_CompatibilityTest -->
        <test-method signature="TestCase1(java.lang.String)[pri:1, instance:Test.Group9_CompatibilityTest@2f4948e4]" started-at="2022-07-10T15:37:27 IDT" name="TestCase1" finished-at="2022-07-10T15:37:43 IDT" duration-ms="16829" status="PASS">
          <params>
            <param index="0">
              <value>
                <![CDATA[Edge]]>
              </value>
            </param>
          </params>
          <reporter-output>
          </reporter-output>
        </test-method> <!-- TestCase1 -->
        <test-method signature="TestCase2(java.lang.String)[pri:2, instance:Test.Group9_CompatibilityTest@2f4948e4]" started-at="2022-07-10T15:39:24 IDT" name="TestCase2" finished-at="2022-07-10T15:39:29 IDT" duration-ms="4332" status="PASS">
          <params>
            <param index="0">
              <value>
                <![CDATA[Edge]]>
              </value>
            </param>
          </params>
          <reporter-output>
          </reporter-output>
        </test-method> <!-- TestCase2 -->
        <test-method signature="TestCase3(java.lang.String)[pri:3, instance:Test.Group9_CompatibilityTest@2f4948e4]" started-at="2022-07-10T15:40:09 IDT" name="TestCase3" finished-at="2022-07-10T15:40:12 IDT" duration-ms="3760" status="PASS">
          <params>
            <param index="0">
              <value>
                <![CDATA[Edge]]>
              </value>
            </param>
          </params>
          <reporter-output>
          </reporter-output>
        </test-method> <!-- TestCase3 -->
        <test-method signature="TestCase4(java.lang.String)[pri:4, instance:Test.Group9_CompatibilityTest@2f4948e4]" started-at="2022-07-10T15:40:59 IDT" name="TestCase4" finished-at="2022-07-10T15:41:01 IDT" duration-ms="1974" status="PASS">
          <params>
            <param index="0">
              <value>
                <![CDATA[Edge]]>
              </value>
            </param>
          </params>
          <reporter-output>
          </reporter-output>
        </test-method> <!-- TestCase4 -->
        <test-method is-config="true" signature="AfterGroup9_CompatibilityTest(java.lang.String)[pri:0, instance:Test.Group9_CompatibilityTest@2f4948e4]" started-at="2022-07-10T15:41:01 IDT" name="AfterGroup9_CompatibilityTest" finished-at="2022-07-10T15:41:03 IDT" duration-ms="2092" status="PASS">
          <params>
            <param index="0">
              <value>
                <![CDATA[Edge]]>
              </value>
            </param>
          </params>
          <reporter-output>
          </reporter-output>
        </test-method> <!-- AfterGroup9_CompatibilityTest -->
      </class> <!-- Test.Group9_CompatibilityTest -->
      <class name="Test.Group10_AccessibilityTest">
        <test-method is-config="true" signature="beforeGroup10_AccessibilityTest(java.lang.String,java.lang.String)[pri:0, instance:Test.Group10_AccessibilityTest@1f2586d6]" started-at="2022-07-10T15:37:43 IDT" name="beforeGroup10_AccessibilityTest" finished-at="2022-07-10T15:37:52 IDT" duration-ms="8095" status="PASS">
          <params>
            <param index="0">
              <value>
                <![CDATA[Edge]]>
              </value>
            </param>
            <param index="1">
              <value>
                <![CDATA[https://www.tripadvisor.co.il]]>
              </value>
            </param>
          </params>
          <reporter-output>
          </reporter-output>
        </test-method> <!-- beforeGroup10_AccessibilityTest -->
        <test-method signature="TestCase1(java.lang.String)[pri:1, instance:Test.Group10_AccessibilityTest@1f2586d6]" started-at="2022-07-10T15:37:52 IDT" name="TestCase1" finished-at="2022-07-10T15:38:05 IDT" duration-ms="13475" status="PASS">
          <params>
            <param index="0">
              <value>
                <![CDATA[Edge]]>
              </value>
            </param>
          </params>
          <reporter-output>
          </reporter-output>
        </test-method> <!-- TestCase1 -->
        <test-method signature="TestCase2(java.lang.String)[pri:2, instance:Test.Group10_AccessibilityTest@1f2586d6]" started-at="2022-07-10T15:39:29 IDT" name="TestCase2" finished-at="2022-07-10T15:39:32 IDT" duration-ms="2965" status="PASS">
          <params>
            <param index="0">
              <value>
                <![CDATA[Edge]]>
              </value>
            </param>
          </params>
          <reporter-output>
          </reporter-output>
        </test-method> <!-- TestCase2 -->
        <test-method signature="TestCase3(java.lang.String)[pri:3, instance:Test.Group10_AccessibilityTest@1f2586d6]" started-at="2022-07-10T15:40:12 IDT" name="TestCase3" finished-at="2022-07-10T15:40:19 IDT" duration-ms="6364" status="PASS">
          <params>
            <param index="0">
              <value>
                <![CDATA[Edge]]>
              </value>
            </param>
          </params>
          <reporter-output>
          </reporter-output>
        </test-method> <!-- TestCase3 -->
        <test-method signature="TestCase4(java.lang.String)[pri:4, instance:Test.Group10_AccessibilityTest@1f2586d6]" started-at="2022-07-10T15:41:03 IDT" name="TestCase4" finished-at="2022-07-10T15:41:05 IDT" duration-ms="1954" status="PASS">
          <params>
            <param index="0">
              <value>
                <![CDATA[Edge]]>
              </value>
            </param>
          </params>
          <reporter-output>
          </reporter-output>
        </test-method> <!-- TestCase4 -->
        <test-method is-config="true" signature="AfterGroup10_AccessibilityTest(java.lang.String)[pri:0, instance:Test.Group10_AccessibilityTest@1f2586d6]" started-at="2022-07-10T15:41:05 IDT" name="AfterGroup10_AccessibilityTest" finished-at="2022-07-10T15:41:07 IDT" duration-ms="2030" status="PASS">
          <params>
            <param index="0">
              <value>
                <![CDATA[Edge]]>
              </value>
            </param>
          </params>
          <reporter-output>
          </reporter-output>
        </test-method> <!-- AfterGroup10_AccessibilityTest -->
      </class> <!-- Test.Group10_AccessibilityTest -->
      <class name="Test.Group6_RecoveryTest">
        <test-method is-config="true" signature="beforeGroup6_RecoveryTest(java.lang.String,java.lang.String)[pri:0, instance:Test.Group6_RecoveryTest@7e6f74c]" started-at="2022-07-10T15:35:50 IDT" name="beforeGroup6_RecoveryTest" finished-at="2022-07-10T15:35:58 IDT" duration-ms="8390" status="PASS">
          <params>
            <param index="0">
              <value>
                <![CDATA[Edge]]>
              </value>
            </param>
            <param index="1">
              <value>
                <![CDATA[https://www.tripadvisor.co.il]]>
              </value>
            </param>
          </params>
          <reporter-output>
          </reporter-output>
        </test-method> <!-- beforeGroup6_RecoveryTest -->
        <test-method signature="TestCase1(java.lang.String)[pri:1, instance:Test.Group6_RecoveryTest@7e6f74c]" started-at="2022-07-10T15:35:58 IDT" name="TestCase1" finished-at="2022-07-10T15:36:18 IDT" duration-ms="19874" status="PASS">
          <params>
            <param index="0">
              <value>
                <![CDATA[Edge]]>
              </value>
            </param>
          </params>
          <reporter-output>
          </reporter-output>
        </test-method> <!-- TestCase1 -->
        <test-method signature="TestCase2(java.lang.String)[pri:2, instance:Test.Group6_RecoveryTest@7e6f74c]" started-at="2022-07-10T15:39:09 IDT" name="TestCase2" finished-at="2022-07-10T15:39:12 IDT" duration-ms="2831" status="PASS">
          <params>
            <param index="0">
              <value>
                <![CDATA[Edge]]>
              </value>
            </param>
          </params>
          <reporter-output>
          </reporter-output>
        </test-method> <!-- TestCase2 -->
        <test-method signature="TestCase3(java.lang.String)[pri:3, instance:Test.Group6_RecoveryTest@7e6f74c]" started-at="2022-07-10T15:39:57 IDT" name="TestCase3" finished-at="2022-07-10T15:40:01 IDT" duration-ms="3639" status="PASS">
          <params>
            <param index="0">
              <value>
                <![CDATA[Edge]]>
              </value>
            </param>
          </params>
          <reporter-output>
          </reporter-output>
        </test-method> <!-- TestCase3 -->
        <test-method signature="TestCase4(java.lang.String)[pri:4, instance:Test.Group6_RecoveryTest@7e6f74c]" started-at="2022-07-10T15:40:44 IDT" name="TestCase4" finished-at="2022-07-10T15:40:49 IDT" duration-ms="4768" status="PASS">
          <params>
            <param index="0">
              <value>
                <![CDATA[Edge]]>
              </value>
            </param>
          </params>
          <reporter-output>
          </reporter-output>
        </test-method> <!-- TestCase4 -->
        <test-method is-config="true" signature="AfterGroup6_RecoveryTest(java.lang.String)[pri:0, instance:Test.Group6_RecoveryTest@7e6f74c]" started-at="2022-07-10T15:40:49 IDT" name="AfterGroup6_RecoveryTest" finished-at="2022-07-10T15:40:51 IDT" duration-ms="2051" status="PASS">
          <params>
            <param index="0">
              <value>
                <![CDATA[Edge]]>
              </value>
            </param>
          </params>
          <reporter-output>
          </reporter-output>
        </test-method> <!-- AfterGroup6_RecoveryTest -->
      </class> <!-- Test.Group6_RecoveryTest -->
      <class name="Test.Group11_InterfacesTest">
        <test-method is-config="true" signature="beforeGroup11_InterfacesTest(java.lang.String,java.lang.String)[pri:0, instance:Test.Group11_InterfacesTest@10683d9d]" started-at="2022-07-10T15:38:05 IDT" name="beforeGroup11_InterfacesTest" finished-at="2022-07-10T15:38:13 IDT" duration-ms="8030" status="PASS">
          <params>
            <param index="0">
              <value>
                <![CDATA[Edge]]>
              </value>
            </param>
            <param index="1">
              <value>
                <![CDATA[https://www.tripadvisor.co.il]]>
              </value>
            </param>
          </params>
          <reporter-output>
          </reporter-output>
        </test-method> <!-- beforeGroup11_InterfacesTest -->
        <test-method signature="TestCase1(java.lang.String)[pri:1, instance:Test.Group11_InterfacesTest@10683d9d]" started-at="2022-07-10T15:38:13 IDT" name="TestCase1" finished-at="2022-07-10T15:38:30 IDT" duration-ms="16849" status="PASS">
          <params>
            <param index="0">
              <value>
                <![CDATA[Edge]]>
              </value>
            </param>
          </params>
          <reporter-output>
          </reporter-output>
        </test-method> <!-- TestCase1 -->
        <test-method signature="TestCase2(java.lang.String)[pri:2, instance:Test.Group11_InterfacesTest@10683d9d]" started-at="2022-07-10T15:39:32 IDT" name="TestCase2" finished-at="2022-07-10T15:39:36 IDT" duration-ms="4376" status="PASS">
          <params>
            <param index="0">
              <value>
                <![CDATA[Edge]]>
              </value>
            </param>
          </params>
          <reporter-output>
          </reporter-output>
        </test-method> <!-- TestCase2 -->
        <test-method signature="TestCase3(java.lang.String)[pri:3, instance:Test.Group11_InterfacesTest@10683d9d]" started-at="2022-07-10T15:40:19 IDT" name="TestCase3" finished-at="2022-07-10T15:40:23 IDT" duration-ms="4006" status="PASS">
          <params>
            <param index="0">
              <value>
                <![CDATA[Edge]]>
              </value>
            </param>
          </params>
          <reporter-output>
          </reporter-output>
        </test-method> <!-- TestCase3 -->
        <test-method signature="TestCase4(java.lang.String)[pri:4, instance:Test.Group11_InterfacesTest@10683d9d]" started-at="2022-07-10T15:41:07 IDT" name="TestCase4" finished-at="2022-07-10T15:41:09 IDT" duration-ms="1998" status="PASS">
          <params>
            <param index="0">
              <value>
                <![CDATA[Edge]]>
              </value>
            </param>
          </params>
          <reporter-output>
          </reporter-output>
        </test-method> <!-- TestCase4 -->
        <test-method is-config="true" signature="AfterGroup11_InterfacesTest(java.lang.String)[pri:0, instance:Test.Group11_InterfacesTest@10683d9d]" started-at="2022-07-10T15:41:09 IDT" name="AfterGroup11_InterfacesTest" finished-at="2022-07-10T15:41:11 IDT" duration-ms="2031" status="PASS">
          <params>
            <param index="0">
              <value>
                <![CDATA[Edge]]>
              </value>
            </param>
          </params>
          <reporter-output>
          </reporter-output>
        </test-method> <!-- AfterGroup11_InterfacesTest -->
      </class> <!-- Test.Group11_InterfacesTest -->
      <class name="Test.Group1_SanityTest">
        <test-method is-config="true" signature="beforeGroup1_SystemSanityTests(java.lang.String,java.lang.String)[pri:0, instance:Test.Group1_SanityTest@815b41f]" started-at="2022-07-10T15:34:39 IDT" name="beforeGroup1_SystemSanityTests" finished-at="2022-07-10T15:34:45 IDT" duration-ms="6117" status="PASS">
          <params>
            <param index="0">
              <value>
                <![CDATA[Edge]]>
              </value>
            </param>
            <param index="1">
              <value>
                <![CDATA[https://www.tripadvisor.co.il]]>
              </value>
            </param>
          </params>
          <reporter-output>
          </reporter-output>
        </test-method> <!-- beforeGroup1_SystemSanityTests -->
        <test-method signature="TestCase1(java.lang.String)[pri:1, instance:Test.Group1_SanityTest@815b41f]" started-at="2022-07-10T15:34:45 IDT" name="TestCase1" finished-at="2022-07-10T15:34:46 IDT" duration-ms="704" status="PASS">
          <params>
            <param index="0">
              <value>
                <![CDATA[Edge]]>
              </value>
            </param>
          </params>
          <reporter-output>
          </reporter-output>
        </test-method> <!-- TestCase1 -->
        <test-method signature="TestCase2(java.lang.String)[pri:2, instance:Test.Group1_SanityTest@815b41f]" started-at="2022-07-10T15:38:30 IDT" name="TestCase2" finished-at="2022-07-10T15:38:47 IDT" depends-on-methods="Test.Group1_SanityTest.TestCase1" duration-ms="17491" status="PASS">
          <params>
            <param index="0">
              <value>
                <![CDATA[Edge]]>
              </value>
            </param>
          </params>
          <reporter-output>
          </reporter-output>
        </test-method> <!-- TestCase2 -->
        <test-method signature="TestCase3(java.lang.String)[pri:3, instance:Test.Group1_SanityTest@815b41f]" started-at="2022-07-10T15:39:36 IDT" name="TestCase3" finished-at="2022-07-10T15:39:39 IDT" duration-ms="2867" status="PASS">
          <params>
            <param index="0">
              <value>
                <![CDATA[Edge]]>
              </value>
            </param>
          </params>
          <reporter-output>
          </reporter-output>
        </test-method> <!-- TestCase3 -->
        <test-method signature="TestCase4(java.lang.String)[pri:4, instance:Test.Group1_SanityTest@815b41f]" started-at="2022-07-10T15:40:23 IDT" name="TestCase4" finished-at="2022-07-10T15:40:26 IDT" duration-ms="3231" status="PASS">
          <params>
            <param index="0">
              <value>
                <![CDATA[Edge]]>
              </value>
            </param>
          </params>
          <reporter-output>
          </reporter-output>
        </test-method> <!-- TestCase4 -->
        <test-method is-config="true" signature="AfterGroup1_SystemSanityTests(java.lang.String)[pri:0, instance:Test.Group1_SanityTest@815b41f]" started-at="2022-07-10T15:40:26 IDT" name="AfterGroup1_SystemSanityTests" finished-at="2022-07-10T15:40:28 IDT" duration-ms="2025" status="PASS">
          <params>
            <param index="0">
              <value>
                <![CDATA[Edge]]>
              </value>
            </param>
          </params>
          <reporter-output>
          </reporter-output>
        </test-method> <!-- AfterGroup1_SystemSanityTests -->
      </class> <!-- Test.Group1_SanityTest -->
    </test> <!-- EdgeTest -->
  </suite> <!-- TestAll -->
</testng-results>
