<?xml version="1.0" encoding="UTF-8"?>
<testng-results ignored="0" total="6" passed="6" failed="0" skipped="0">
  <reporter-output>
  </reporter-output>
  <suite started-at="2022-06-12T12:58:34 IDT" name="TestAll" finished-at="2022-06-12T12:58:40 IDT" duration-ms="6122">
    <groups>
      <group name="SystemSanityTests">
        <method signature="runningTests.TestCase1(java.lang.String,java.lang.String)[pri:1, instance:Test.runningTests@661972b0]" name="TestCase1" class="Test.runningTests"/>
        <method signature="runningTests.TestCase2()[pri:2, instance:Test.runningTests@661972b0]" name="TestCase2" class="Test.runningTests"/>
        <method signature="runningTests.TestCase3()[pri:3, instance:Test.runningTests@661972b0]" name="TestCase3" class="Test.runningTests"/>
        <method signature="runningTests.TestCase1(java.lang.String,java.lang.String)[pri:1, instance:Test.runningTests@a1153bc]" name="TestCase1" class="Test.runningTests"/>
        <method signature="runningTests.TestCase2()[pri:2, instance:Test.runningTests@a1153bc]" name="TestCase2" class="Test.runningTests"/>
        <method signature="runningTests.TestCase3()[pri:3, instance:Test.runningTests@a1153bc]" name="TestCase3" class="Test.runningTests"/>
      </group> <!-- SystemSanityTests -->
    </groups>
    <test started-at="2022-06-12T12:58:34 IDT" name="chromeTest" finished-at="2022-06-12T12:58:38 IDT" duration-ms="4568">
      <class name="Test.runningTests">
        <test-method is-config="true" signature="beforeSystemSanityTests(java.lang.String,java.lang.String)[pri:0, instance:Test.runningTests@661972b0]" started-at="2022-06-12T12:58:34 IDT" name="beforeSystemSanityTests" finished-at="2022-06-12T12:58:37 IDT" duration-ms="3599" status="PASS">
          <params>
            <param index="0">
              <value>
                <![CDATA[chrome]]>
              </value>
            </param>
            <param index="1">
              <value>
                <![CDATA[https://www.tripadvisor.co.il]]>
              </value>
            </param>
          </params>
          <reporter-output>
          </reporter-output>
        </test-method> <!-- beforeSystemSanityTests -->
        <test-method signature="TestCase1(java.lang.String,java.lang.String)[pri:1, instance:Test.runningTests@661972b0]" started-at="2022-06-12T12:58:37 IDT" name="TestCase1" finished-at="2022-06-12T12:58:37 IDT" duration-ms="80" status="PASS">
          <params>
            <param index="0">
              <value>
                <![CDATA[C:\my files\TestCaseImages]]>
              </value>
            </param>
            <param index="1">
              <value>
                <![CDATA[C:\\my files\\testExcelFiles\\testFile1.xlsx]]>
              </value>
            </param>
          </params>
          <reporter-output>
          </reporter-output>
        </test-method> <!-- TestCase1 -->
        <test-method signature="TestCase2()[pri:2, instance:Test.runningTests@661972b0]" started-at="2022-06-12T12:58:37 IDT" name="TestCase2" finished-at="2022-06-12T12:58:37 IDT" depends-on-methods="Test.runningTests.TestCase1" duration-ms="1" status="PASS">
          <reporter-output>
          </reporter-output>
        </test-method> <!-- TestCase2 -->
        <test-method signature="TestCase3()[pri:3, instance:Test.runningTests@661972b0]" started-at="2022-06-12T12:58:37 IDT" name="TestCase3" finished-at="2022-06-12T12:58:37 IDT" depends-on-methods="Test.runningTests.TestCase2" duration-ms="1" status="PASS">
          <reporter-output>
          </reporter-output>
        </test-method> <!-- TestCase3 -->
        <test-method is-config="true" signature="AfterSystemSanityTests(java.lang.String)[pri:0, instance:Test.runningTests@661972b0]" started-at="2022-06-12T12:58:37 IDT" name="AfterSystemSanityTests" finished-at="2022-06-12T12:58:38 IDT" duration-ms="849" status="PASS">
          <params>
            <param index="0">
              <value>
                <![CDATA[chrome]]>
              </value>
            </param>
          </params>
          <reporter-output>
          </reporter-output>
        </test-method> <!-- AfterSystemSanityTests -->
      </class> <!-- Test.runningTests -->
    </test> <!-- chromeTest -->
    <test started-at="2022-06-12T12:58:34 IDT" name="EdgeTest" finished-at="2022-06-12T12:58:40 IDT" duration-ms="6122">
      <class name="Test.runningTests">
        <test-method is-config="true" signature="beforeSystemSanityTests(java.lang.String,java.lang.String)[pri:0, instance:Test.runningTests@a1153bc]" started-at="2022-06-12T12:58:34 IDT" name="beforeSystemSanityTests" finished-at="2022-06-12T12:58:39 IDT" duration-ms="5161" status="PASS">
          <params>
            <param index="0">
              <value>
                <![CDATA[Edge]]>
              </value>
            </param>
            <param index="1">
              <value>
                <![CDATA[https://www.tripadvisor.co.il]]>
              </value>
            </param>
          </params>
          <reporter-output>
          </reporter-output>
        </test-method> <!-- beforeSystemSanityTests -->
        <test-method signature="TestCase1(java.lang.String,java.lang.String)[pri:1, instance:Test.runningTests@a1153bc]" started-at="2022-06-12T12:58:39 IDT" name="TestCase1" finished-at="2022-06-12T12:58:39 IDT" duration-ms="4" status="PASS">
          <params>
            <param index="0">
              <value>
                <![CDATA[C:\my files\TestCaseImages]]>
              </value>
            </param>
            <param index="1">
              <value>
                <![CDATA[C:\\my files\\testExcelFiles\\testFile1.xlsx]]>
              </value>
            </param>
          </params>
          <reporter-output>
          </reporter-output>
        </test-method> <!-- TestCase1 -->
        <test-method signature="TestCase2()[pri:2, instance:Test.runningTests@a1153bc]" started-at="2022-06-12T12:58:39 IDT" name="TestCase2" finished-at="2022-06-12T12:58:39 IDT" depends-on-methods="Test.runningTests.TestCase1" duration-ms="1" status="PASS">
          <reporter-output>
          </reporter-output>
        </test-method> <!-- TestCase2 -->
        <test-method signature="TestCase3()[pri:3, instance:Test.runningTests@a1153bc]" started-at="2022-06-12T12:58:39 IDT" name="TestCase3" finished-at="2022-06-12T12:58:39 IDT" depends-on-methods="Test.runningTests.TestCase2" duration-ms="0" status="PASS">
          <reporter-output>
          </reporter-output>
        </test-method> <!-- TestCase3 -->
        <test-method is-config="true" signature="AfterSystemSanityTests(java.lang.String)[pri:0, instance:Test.runningTests@a1153bc]" started-at="2022-06-12T12:58:39 IDT" name="AfterSystemSanityTests" finished-at="2022-06-12T12:58:40 IDT" duration-ms="928" status="PASS">
          <params>
            <param index="0">
              <value>
                <![CDATA[Edge]]>
              </value>
            </param>
          </params>
          <reporter-output>
          </reporter-output>
        </test-method> <!-- AfterSystemSanityTests -->
      </class> <!-- Test.runningTests -->
    </test> <!-- EdgeTest -->
  </suite> <!-- TestAll -->
</testng-results>
