<?xml version="1.0" encoding="UTF-8"?>
<testng-results ignored="0" total="1" passed="1" failed="0" skipped="0">
  <reporter-output>
  </reporter-output>
  <suite started-at="2022-07-19T12:20:08 IDT" name="TestAll" finished-at="2022-07-19T12:20:22 IDT" duration-ms="14615">
    <groups>
    </groups>
    <test started-at="2022-07-19T12:20:08 IDT" name="chromeTest" finished-at="2022-07-19T12:20:22 IDT" duration-ms="14615">
      <class name="Tests.Group10_AccessibilityTest">
        <test-method is-config="true" signature="beforeGroup10_AccessibilityTest(java.lang.String,java.lang.String)[pri:0, instance:Tests.Group10_AccessibilityTest@368f2016]" started-at="2022-07-19T12:20:08 IDT" name="beforeGroup10_AccessibilityTest" finished-at="2022-07-19T12:20:12 IDT" duration-ms="3701" status="PASS">
          <params>
            <param index="0">
              <value>
                <![CDATA[Chrome]]>
              </value>
            </param>
            <param index="1">
              <value>
                <![CDATA[https://www.tripadvisor.co.il]]>
              </value>
            </param>
          </params>
          <reporter-output>
          </reporter-output>
        </test-method> <!-- beforeGroup10_AccessibilityTest -->
        <test-method signature="TestCase10_1(java.lang.String,java.lang.String)[pri:1, instance:Tests.Group10_AccessibilityTest@368f2016]" started-at="2022-07-19T12:20:12 IDT" name="TestCase10_1" finished-at="2022-07-19T12:20:20 IDT" duration-ms="8351" status="PASS">
          <params>
            <param index="0">
              <value>
                <![CDATA[Chrome]]>
              </value>
            </param>
            <param index="1">
              <value>
                <![CDATA[https://www.tripadvisor.co.il]]>
              </value>
            </param>
          </params>
          <reporter-output>
          </reporter-output>
        </test-method> <!-- TestCase10_1 -->
        <test-method is-config="true" signature="AfterGroup10_AccessibilityTest(java.lang.String)[pri:0, instance:Tests.Group10_AccessibilityTest@368f2016]" started-at="2022-07-19T12:20:20 IDT" name="AfterGroup10_AccessibilityTest" finished-at="2022-07-19T12:20:22 IDT" duration-ms="2523" status="PASS">
          <params>
            <param index="0">
              <value>
                <![CDATA[Chrome]]>
              </value>
            </param>
          </params>
          <reporter-output>
          </reporter-output>
        </test-method> <!-- AfterGroup10_AccessibilityTest -->
      </class> <!-- Tests.Group10_AccessibilityTest -->
    </test> <!-- chromeTest -->
  </suite> <!-- TestAll -->
</testng-results>
